Analysis & Synthesis report for ori
Tue Mar 29 14:07:13 2022
Quartus Prime Version 18.1.0 Build 625 09/12/2018 SJ Standard Edition


---------------------
; Table of Contents ;
---------------------
  1. Legal Notice
  2. Analysis & Synthesis Summary
  3. Analysis & Synthesis Settings
  4. Parallel Compilation
  5. Analysis & Synthesis Source Files Read
  6. Analysis & Synthesis Resource Usage Summary
  7. Analysis & Synthesis Resource Utilization by Entity
  8. General Register Statistics
  9. Post-Synthesis Netlist Statistics for Top Partition
 10. Elapsed Time Per Partition
 11. Analysis & Synthesis Messages



----------------
; Legal Notice ;
----------------
Copyright (C) 2018  Intel Corporation. All rights reserved.
Your use of Intel Corporation's design tools, logic functions 
and other software and tools, and its AMPP partner logic 
functions, and any output files from any of the foregoing 
(including device programming or simulation files), and any 
associated documentation or information are expressly subject 
to the terms and conditions of the Intel Program License 
Subscription Agreement, the Intel Quartus Prime License Agreement,
the Intel FPGA IP License Agreement, or other applicable license
agreement, including, without limitation, that your use is for
the sole purpose of programming logic devices manufactured by
Intel and sold by Intel or its authorized distributors.  Please
refer to the applicable agreement for further details.



+--------------------------------------------------------------------------------------+
; Analysis & Synthesis Summary                                                         ;
+------------------------------------+-------------------------------------------------+
; Analysis & Synthesis Status        ; Successful - Tue Mar 29 14:07:13 2022           ;
; Quartus Prime Version              ; 18.1.0 Build 625 09/12/2018 SJ Standard Edition ;
; Revision Name                      ; ori                                             ;
; Top-level Entity Name              ; openmips_min_sopc                               ;
; Family                             ; Cyclone IV E                                    ;
; Total logic elements               ; 0                                               ;
;     Total combinational functions  ; 0                                               ;
;     Dedicated logic registers      ; 0                                               ;
; Total registers                    ; 0                                               ;
; Total pins                         ; 2                                               ;
; Total virtual pins                 ; 0                                               ;
; Total memory bits                  ; 0                                               ;
; Embedded Multiplier 9-bit elements ; 0                                               ;
; Total PLLs                         ; 0                                               ;
+------------------------------------+-------------------------------------------------+


+------------------------------------------------------------------------------------------------------------+
; Analysis & Synthesis Settings                                                                              ;
+------------------------------------------------------------------+--------------------+--------------------+
; Option                                                           ; Setting            ; Default Value      ;
+------------------------------------------------------------------+--------------------+--------------------+
; Device                                                           ; EP4CE6F17C8        ;                    ;
; Top-level entity name                                            ; openmips_min_sopc  ; ori                ;
; Family name                                                      ; Cyclone IV E       ; Cyclone V          ;
; Use smart compilation                                            ; Off                ; Off                ;
; Enable parallel Assembler and Timing Analyzer during compilation ; On                 ; On                 ;
; Enable compact report table                                      ; Off                ; Off                ;
; Restructure Multiplexers                                         ; Auto               ; Auto               ;
; Create Debugging Nodes for IP Cores                              ; Off                ; Off                ;
; Preserve fewer node names                                        ; On                 ; On                 ;
; Intel FPGA IP Evaluation Mode                                    ; Enable             ; Enable             ;
; Verilog Version                                                  ; Verilog_2001       ; Verilog_2001       ;
; VHDL Version                                                     ; VHDL_1993          ; VHDL_1993          ;
; State Machine Processing                                         ; Auto               ; Auto               ;
; Safe State Machine                                               ; Off                ; Off                ;
; Extract Verilog State Machines                                   ; On                 ; On                 ;
; Extract VHDL State Machines                                      ; On                 ; On                 ;
; Ignore Verilog initial constructs                                ; Off                ; Off                ;
; Iteration limit for constant Verilog loops                       ; 5000               ; 5000               ;
; Iteration limit for non-constant Verilog loops                   ; 250                ; 250                ;
; Add Pass-Through Logic to Inferred RAMs                          ; On                 ; On                 ;
; Infer RAMs from Raw Logic                                        ; On                 ; On                 ;
; Parallel Synthesis                                               ; On                 ; On                 ;
; DSP Block Balancing                                              ; Auto               ; Auto               ;
; NOT Gate Push-Back                                               ; On                 ; On                 ;
; Power-Up Don't Care                                              ; On                 ; On                 ;
; Remove Redundant Logic Cells                                     ; Off                ; Off                ;
; Remove Duplicate Registers                                       ; On                 ; On                 ;
; Ignore CARRY Buffers                                             ; Off                ; Off                ;
; Ignore CASCADE Buffers                                           ; Off                ; Off                ;
; Ignore GLOBAL Buffers                                            ; Off                ; Off                ;
; Ignore ROW GLOBAL Buffers                                        ; Off                ; Off                ;
; Ignore LCELL Buffers                                             ; Off                ; Off                ;
; Ignore SOFT Buffers                                              ; On                 ; On                 ;
; Limit AHDL Integers to 32 Bits                                   ; Off                ; Off                ;
; Optimization Technique                                           ; Balanced           ; Balanced           ;
; Carry Chain Length                                               ; 70                 ; 70                 ;
; Auto Carry Chains                                                ; On                 ; On                 ;
; Auto Open-Drain Pins                                             ; On                 ; On                 ;
; Perform WYSIWYG Primitive Resynthesis                            ; Off                ; Off                ;
; Auto ROM Replacement                                             ; On                 ; On                 ;
; Auto RAM Replacement                                             ; On                 ; On                 ;
; Auto DSP Block Replacement                                       ; On                 ; On                 ;
; Auto Shift Register Replacement                                  ; Auto               ; Auto               ;
; Allow Shift Register Merging across Hierarchies                  ; Auto               ; Auto               ;
; Auto Clock Enable Replacement                                    ; On                 ; On                 ;
; Strict RAM Replacement                                           ; Off                ; Off                ;
; Allow Synchronous Control Signals                                ; On                 ; On                 ;
; Force Use of Synchronous Clear Signals                           ; Off                ; Off                ;
; Auto RAM Block Balancing                                         ; On                 ; On                 ;
; Auto RAM to Logic Cell Conversion                                ; Off                ; Off                ;
; Auto Resource Sharing                                            ; Off                ; Off                ;
; Allow Any RAM Size For Recognition                               ; Off                ; Off                ;
; Allow Any ROM Size For Recognition                               ; Off                ; Off                ;
; Allow Any Shift Register Size For Recognition                    ; Off                ; Off                ;
; Use LogicLock Constraints during Resource Balancing              ; On                 ; On                 ;
; Ignore translate_off and synthesis_off directives                ; Off                ; Off                ;
; Timing-Driven Synthesis                                          ; On                 ; On                 ;
; Report Parameter Settings                                        ; On                 ; On                 ;
; Report Source Assignments                                        ; On                 ; On                 ;
; Report Connectivity Checks                                       ; On                 ; On                 ;
; Ignore Maximum Fan-Out Assignments                               ; Off                ; Off                ;
; Synchronization Register Chain Length                            ; 2                  ; 2                  ;
; Power Optimization During Synthesis                              ; Normal compilation ; Normal compilation ;
; HDL message level                                                ; Level2             ; Level2             ;
; Suppress Register Optimization Related Messages                  ; Off                ; Off                ;
; Number of Removed Registers Reported in Synthesis Report         ; 5000               ; 5000               ;
; Number of Swept Nodes Reported in Synthesis Report               ; 5000               ; 5000               ;
; Number of Inverted Registers Reported in Synthesis Report        ; 100                ; 100                ;
; Clock MUX Protection                                             ; On                 ; On                 ;
; Auto Gated Clock Conversion                                      ; Off                ; Off                ;
; Block Design Naming                                              ; Auto               ; Auto               ;
; SDC constraint protection                                        ; Off                ; Off                ;
; Synthesis Effort                                                 ; Auto               ; Auto               ;
; Shift Register Replacement - Allow Asynchronous Clear Signal     ; On                 ; On                 ;
; Pre-Mapping Resynthesis Optimization                             ; Off                ; Off                ;
; Analysis & Synthesis Message Level                               ; Medium             ; Medium             ;
; Disable Register Merging Across Hierarchies                      ; Auto               ; Auto               ;
; Resource Aware Inference For Block RAM                           ; On                 ; On                 ;
+------------------------------------------------------------------+--------------------+--------------------+


+------------------------------------------+
; Parallel Compilation                     ;
+----------------------------+-------------+
; Processors                 ; Number      ;
+----------------------------+-------------+
; Number detected on machine ; 8           ;
; Maximum allowed            ; 4           ;
;                            ;             ;
; Average used               ; 1.00        ;
; Maximum used               ; 1           ;
;                            ;             ;
; Usage by Processor         ; % Time Used ;
;     Processor 1            ; 100.0%      ;
+----------------------------+-------------+


+----------------------------------------------------------------------------------------------------------------------------------------+
; Analysis & Synthesis Source Files Read                                                                                                 ;
+----------------------------------+-----------------+------------------------+------------------------------------------------+---------+
; File Name with User-Entered Path ; Used in Netlist ; File Type              ; File Name with Absolute Path                   ; Library ;
+----------------------------------+-----------------+------------------------+------------------------------------------------+---------+
; regfile.v                        ; yes             ; User Verilog HDL File  ; D:/Github/OpenRSIC-V/ori_1/regfile.v           ;         ;
; pc_reg.v                         ; yes             ; User Verilog HDL File  ; D:/Github/OpenRSIC-V/ori_1/pc_reg.v            ;         ;
; openmips_min_sopc.v              ; yes             ; User Verilog HDL File  ; D:/Github/OpenRSIC-V/ori_1/openmips_min_sopc.v ;         ;
; openmips.v                       ; yes             ; User Verilog HDL File  ; D:/Github/OpenRSIC-V/ori_1/openmips.v          ;         ;
; mem_wb.v                         ; yes             ; User Verilog HDL File  ; D:/Github/OpenRSIC-V/ori_1/mem_wb.v            ;         ;
; mem.v                            ; yes             ; User Verilog HDL File  ; D:/Github/OpenRSIC-V/ori_1/mem.v               ;         ;
; inst_rom.v                       ; yes             ; User Verilog HDL File  ; D:/Github/OpenRSIC-V/ori_1/inst_rom.v          ;         ;
; inst_rom.data                    ; yes             ; User Unspecified File  ; D:/Github/OpenRSIC-V/ori_1/inst_rom.data       ;         ;
; if_id.v                          ; yes             ; User Verilog HDL File  ; D:/Github/OpenRSIC-V/ori_1/if_id.v             ;         ;
; id_ex.v                          ; yes             ; User Verilog HDL File  ; D:/Github/OpenRSIC-V/ori_1/id_ex.v             ;         ;
; id.v                             ; yes             ; User Verilog HDL File  ; D:/Github/OpenRSIC-V/ori_1/id.v                ;         ;
; ex_mem.v                         ; yes             ; User Verilog HDL File  ; D:/Github/OpenRSIC-V/ori_1/ex_mem.v            ;         ;
; ex.v                             ; yes             ; User Verilog HDL File  ; D:/Github/OpenRSIC-V/ori_1/ex.v                ;         ;
; defines.v                        ; yes             ; User Verilog HDL File  ; D:/Github/OpenRSIC-V/ori_1/defines.v           ;         ;
+----------------------------------+-----------------+------------------------+------------------------------------------------+---------+


+-----------------------------------------------------+
; Analysis & Synthesis Resource Usage Summary         ;
+---------------------------------------------+-------+
; Resource                                    ; Usage ;
+---------------------------------------------+-------+
;                                             ;       ;
; Total combinational functions               ; 0     ;
; Logic element usage by number of LUT inputs ;       ;
;     -- 4 input functions                    ; 0     ;
;     -- 3 input functions                    ; 0     ;
;     -- <=2 input functions                  ; 0     ;
;                                             ;       ;
; Logic elements by mode                      ;       ;
;     -- normal mode                          ; 0     ;
;     -- arithmetic mode                      ; 0     ;
;                                             ;       ;
; Total registers                             ; 0     ;
;     -- Dedicated logic registers            ; 0     ;
;     -- I/O registers                        ; 0     ;
;                                             ;       ;
; I/O pins                                    ; 2     ;
;                                             ;       ;
; Embedded Multiplier 9-bit elements          ; 0     ;
;                                             ;       ;
; Maximum fan-out node                        ; clk   ;
; Maximum fan-out                             ; 1     ;
; Total fan-out                               ; 2     ;
; Average fan-out                             ; 0.50  ;
+---------------------------------------------+-------+


+----------------------------------------------------------------------------------------------------------------------------------------------------------------------------------------------------------------+
; Analysis & Synthesis Resource Utilization by Entity                                                                                                                                                            ;
+----------------------------+---------------------+---------------------------+-------------+--------------+---------+-----------+------+--------------+---------------------+-------------------+--------------+
; Compilation Hierarchy Node ; Combinational ALUTs ; Dedicated Logic Registers ; Memory Bits ; DSP Elements ; DSP 9x9 ; DSP 18x18 ; Pins ; Virtual Pins ; Full Hierarchy Name ; Entity Name       ; Library Name ;
+----------------------------+---------------------+---------------------------+-------------+--------------+---------+-----------+------+--------------+---------------------+-------------------+--------------+
; |openmips_min_sopc         ; 0 (0)               ; 0 (0)                     ; 0           ; 0            ; 0       ; 0         ; 2    ; 0            ; |openmips_min_sopc  ; openmips_min_sopc ; work         ;
+----------------------------+---------------------+---------------------------+-------------+--------------+---------+-----------+------+--------------+---------------------+-------------------+--------------+
Note: For table entries with two numbers listed, the numbers in parentheses indicate the number of resources of the given type used by the specific entity alone. The numbers listed outside of parentheses indicate the total resources of the given type used by the specific entity and all of its sub-entities in the hierarchy.


+------------------------------------------------------+
; General Register Statistics                          ;
+----------------------------------------------+-------+
; Statistic                                    ; Value ;
+----------------------------------------------+-------+
; Total registers                              ; 0     ;
; Number of registers using Synchronous Clear  ; 0     ;
; Number of registers using Synchronous Load   ; 0     ;
; Number of registers using Asynchronous Clear ; 0     ;
; Number of registers using Asynchronous Load  ; 0     ;
; Number of registers using Clock Enable       ; 0     ;
; Number of registers using Preset             ; 0     ;
+----------------------------------------------+-------+


+-----------------------------------------------------+
; Post-Synthesis Netlist Statistics for Top Partition ;
+-------------------+---------------------------------+
; Type              ; Count                           ;
+-------------------+---------------------------------+
; boundary_port     ; 2                               ;
;                   ;                                 ;
; Max LUT depth     ; 0.00                            ;
; Average LUT depth ; 0.00                            ;
+-------------------+---------------------------------+


+-------------------------------+
; Elapsed Time Per Partition    ;
+----------------+--------------+
; Partition Name ; Elapsed Time ;
+----------------+--------------+
; Top            ; 00:00:00     ;
+----------------+--------------+


+-------------------------------+
; Analysis & Synthesis Messages ;
+-------------------------------+
Info: *******************************************************************
Info: Running Quartus Prime Analysis & Synthesis
    Info: Version 18.1.0 Build 625 09/12/2018 SJ Standard Edition
    Info: Processing started: Tue Mar 29 13:51:04 2022
Info: Command: quartus_map --read_settings_files=on --write_settings_files=off ori -c ori
Warning (18236): Number of processors has not been specified which may cause overloading on shared machines.  Set the global assignment NUM_PARALLEL_PROCESSORS in your QSF to an appropriate value for best performance.
Info (20030): Parallel compilation is enabled and will use 4 of the 4 processors detected
Info (12021): Found 1 design units, including 1 entities, in source file regfile.v
    Info (12023): Found entity 1: regfile File: D:/Github/OpenRSIC-V/ori_1/regfile.v Line: 35
Info (12021): Found 1 design units, including 1 entities, in source file pc_reg.v
    Info (12023): Found entity 1: pc_reg File: D:/Github/OpenRSIC-V/ori_1/pc_reg.v Line: 35
Info (12021): Found 1 design units, including 1 entities, in source file openmips_min_sopc_tb.v
    Info (12023): Found entity 1: openmips_min_sopc_tb File: D:/Github/OpenRSIC-V/ori_1/openmips_min_sopc_tb.v Line: 36
Info (12021): Found 1 design units, including 1 entities, in source file openmips_min_sopc.v
    Info (12023): Found entity 1: openmips_min_sopc File: D:/Github/OpenRSIC-V/ori_1/openmips_min_sopc.v Line: 40
Info (12021): Found 1 design units, including 1 entities, in source file openmips.v
    Info (12023): Found entity 1: openmips File: D:/Github/OpenRSIC-V/ori_1/openmips.v Line: 35
Info (12021): Found 1 design units, including 1 entities, in source file mem_wb.v
    Info (12023): Found entity 1: mem_wb File: D:/Github/OpenRSIC-V/ori_1/mem_wb.v Line: 35
Info (12021): Found 1 design units, including 1 entities, in source file mem.v
    Info (12023): Found entity 1: mem File: D:/Github/OpenRSIC-V/ori_1/mem.v Line: 35
Info (12021): Found 1 design units, including 1 entities, in source file inst_rom.v
    Info (12023): Found entity 1: inst_rom File: D:/Github/OpenRSIC-V/ori_1/inst_rom.v Line: 35
Info (12021): Found 1 design units, including 1 entities, in source file if_id.v
    Info (12023): Found entity 1: if_id File: D:/Github/OpenRSIC-V/ori_1/if_id.v Line: 35
Info (12021): Found 1 design units, including 1 entities, in source file id_ex.v
    Info (12023): Found entity 1: id_ex File: D:/Github/OpenRSIC-V/ori_1/id_ex.v Line: 35
Info (12021): Found 1 design units, including 1 entities, in source file id.v
    Info (12023): Found entity 1: id File: D:/Github/OpenRSIC-V/ori_1/id.v Line: 35
Info (12021): Found 1 design units, including 1 entities, in source file ex_mem.v
    Info (12023): Found entity 1: ex_mem File: D:/Github/OpenRSIC-V/ori_1/ex_mem.v Line: 35
Info (12021): Found 1 design units, including 1 entities, in source file ex.v
    Info (12023): Found entity 1: ex File: D:/Github/OpenRSIC-V/ori_1/ex.v Line: 35
Info (12021): Found 0 design units, including 0 entities, in source file defines.v
Info (12127): Elaborating entity "openmips_min_sopc" for the top level hierarchy
Info (12128): Elaborating entity "openmips" for hierarchy "openmips:openmips0" File: D:/Github/OpenRSIC-V/ori_1/openmips_min_sopc.v Line: 61
Info (12128): Elaborating entity "pc_reg" for hierarchy "openmips:openmips0|pc_reg:pc_reg0" File: D:/Github/OpenRSIC-V/ori_1/openmips.v Line: 102
Info (12128): Elaborating entity "if_id" for hierarchy "openmips:openmips0|if_id:if_id0" File: D:/Github/OpenRSIC-V/ori_1/openmips.v Line: 114
Info (12128): Elaborating entity "id" for hierarchy "openmips:openmips0|id:id0" File: D:/Github/OpenRSIC-V/ori_1/openmips.v Line: 139
Warning (10036): Verilog HDL or VHDL warning at id.v(60): object "op2" assigned a value but never read File: D:/Github/OpenRSIC-V/ori_1/id.v Line: 60
Warning (10036): Verilog HDL or VHDL warning at id.v(61): object "op3" assigned a value but never read File: D:/Github/OpenRSIC-V/ori_1/id.v Line: 61
Warning (10036): Verilog HDL or VHDL warning at id.v(62): object "op4" assigned a value but never read File: D:/Github/OpenRSIC-V/ori_1/id.v Line: 62
Warning (10036): Verilog HDL or VHDL warning at id.v(64): object "instvalid" assigned a value but never read File: D:/Github/OpenRSIC-V/ori_1/id.v Line: 64
Info (12128): Elaborating entity "regfile" for hierarchy "openmips:openmips0|regfile:regfile1" File: D:/Github/OpenRSIC-V/ori_1/openmips.v Line: 154
Info (12128): Elaborating entity "id_ex" for hierarchy "openmips:openmips0|id_ex:id_ex0" File: D:/Github/OpenRSIC-V/ori_1/openmips.v Line: 176
Info (12128): Elaborating entity "ex" for hierarchy "openmips:openmips0|ex:ex0" File: D:/Github/OpenRSIC-V/ori_1/openmips.v Line: 195
Info (12128): Elaborating entity "ex_mem" for hierarchy "openmips:openmips0|ex_mem:ex_mem0" File: D:/Github/OpenRSIC-V/ori_1/openmips.v Line: 214
Info (12128): Elaborating entity "mem" for hierarchy "openmips:openmips0|mem:mem0" File: D:/Github/OpenRSIC-V/ori_1/openmips.v Line: 229
Info (12128): Elaborating entity "mem_wb" for hierarchy "openmips:openmips0|mem_wb:mem_wb0" File: D:/Github/OpenRSIC-V/ori_1/openmips.v Line: 246
Info (12128): Elaborating entity "inst_rom" for hierarchy "inst_rom:inst_rom0" File: D:/Github/OpenRSIC-V/ori_1/openmips_min_sopc.v Line: 67
Warning (10850): Verilog HDL warning at inst_rom.v(46): number of words (4) in memory file does not match the number of elements in the address range [0:131070] File: D:/Github/OpenRSIC-V/ori_1/inst_rom.v Line: 46
Warning (10030): Net "inst_mem.data_a" at inst_rom.v(44) has no driver or initial value, using a default initial value '0' File: D:/Github/OpenRSIC-V/ori_1/inst_rom.v Line: 44
Warning (10030): Net "inst_mem.waddr_a" at inst_rom.v(44) has no driver or initial value, using a default initial value '0' File: D:/Github/OpenRSIC-V/ori_1/inst_rom.v Line: 44
Warning (10030): Net "inst_mem.we_a" at inst_rom.v(44) has no driver or initial value, using a default initial value '0' File: D:/Github/OpenRSIC-V/ori_1/inst_rom.v Line: 44
Info (16010): Generating hard_block partition "hard_block:auto_generated_inst"
    Info (16011): Adding 0 node(s), including 0 DDIO, 0 PLL, 0 transceiver and 0 LCELL
Warning (21074): Design contains 2 input pin(s) that do not drive logic
    Warning (15610): No output dependent on input pin "clk" File: D:/Github/OpenRSIC-V/ori_1/openmips_min_sopc.v Line: 42
    Warning (15610): No output dependent on input pin "rst" File: D:/Github/OpenRSIC-V/ori_1/openmips_min_sopc.v Line: 45
Info (21057): Implemented 2 device resources after synthesis - the final resource count might be different
    Info (21058): Implemented 2 input pins
    Info (21059): Implemented 0 output pins
Info: Quartus Prime Analysis & Synthesis was successful. 0 errors, 12 warnings
    Info: Peak virtual memory: 5362 megabytes
    Info: Processing ended: Tue Mar 29 14:07:13 2022
    Info: Elapsed time: 00:16:09
    Info: Total CPU time (on all processors): 00:16:15


