Analysis & Synthesis report for auipc
Thu Apr 07 01:45:38 2022
Quartus Prime Version 18.1.0 Build 625 09/12/2018 SJ Standard Edition


---------------------
; Table of Contents ;
---------------------
  1. Legal Notice
  2. Analysis & Synthesis Summary
  3. Analysis & Synthesis Settings
  4. Parallel Compilation
  5. Analysis & Synthesis Source Files Read
  6. Analysis & Synthesis Resource Usage Summary
  7. Analysis & Synthesis Resource Utilization by Entity
  8. State Machine - |openmips_min_sopc|openmips:openmips0|div:div0|state
  9. Registers Removed During Synthesis
 10. Removed Registers Triggering Further Register Optimizations
 11. General Register Statistics
 12. Multiplexer Restructuring Statistics (Restructuring Performed)
 13. Port Connectivity Checks: "openmips:openmips0|div:div0"
 14. Post-Synthesis Netlist Statistics for Top Partition
 15. Elapsed Time Per Partition
 16. Analysis & Synthesis Messages
 17. Analysis & Synthesis Suppressed Messages



----------------
; Legal Notice ;
----------------
Copyright (C) 2018  Intel Corporation. All rights reserved.
Your use of Intel Corporation's design tools, logic functions 
and other software and tools, and its AMPP partner logic 
functions, and any output files from any of the foregoing 
(including device programming or simulation files), and any 
associated documentation or information are expressly subject 
to the terms and conditions of the Intel Program License 
Subscription Agreement, the Intel Quartus Prime License Agreement,
the Intel FPGA IP License Agreement, or other applicable license
agreement, including, without limitation, that your use is for
the sole purpose of programming logic devices manufactured by
Intel and sold by Intel or its authorized distributors.  Please
refer to the applicable agreement for further details.



+--------------------------------------------------------------------------------------+
; Analysis & Synthesis Summary                                                         ;
+------------------------------------+-------------------------------------------------+
; Analysis & Synthesis Status        ; Successful - Thu Apr 07 01:45:38 2022           ;
; Quartus Prime Version              ; 18.1.0 Build 625 09/12/2018 SJ Standard Edition ;
; Revision Name                      ; auipc                                           ;
; Top-level Entity Name              ; openmips_min_sopc                               ;
; Family                             ; Cyclone IV E                                    ;
; Total logic elements               ; 0                                               ;
;     Total combinational functions  ; 0                                               ;
;     Dedicated logic registers      ; 0                                               ;
; Total registers                    ; 0                                               ;
; Total pins                         ; 2                                               ;
; Total virtual pins                 ; 0                                               ;
; Total memory bits                  ; 0                                               ;
; Embedded Multiplier 9-bit elements ; 0                                               ;
; Total PLLs                         ; 0                                               ;
+------------------------------------+-------------------------------------------------+


+------------------------------------------------------------------------------------------------------------+
; Analysis & Synthesis Settings                                                                              ;
+------------------------------------------------------------------+--------------------+--------------------+
; Option                                                           ; Setting            ; Default Value      ;
+------------------------------------------------------------------+--------------------+--------------------+
; Device                                                           ; EP4CE6F17C8        ;                    ;
; Top-level entity name                                            ; openmips_min_sopc  ; auipc              ;
; Family name                                                      ; Cyclone IV E       ; Cyclone V          ;
; Use smart compilation                                            ; Off                ; Off                ;
; Enable parallel Assembler and Timing Analyzer during compilation ; On                 ; On                 ;
; Enable compact report table                                      ; Off                ; Off                ;
; Restructure Multiplexers                                         ; Auto               ; Auto               ;
; Create Debugging Nodes for IP Cores                              ; Off                ; Off                ;
; Preserve fewer node names                                        ; On                 ; On                 ;
; Intel FPGA IP Evaluation Mode                                    ; Enable             ; Enable             ;
; Verilog Version                                                  ; Verilog_2001       ; Verilog_2001       ;
; VHDL Version                                                     ; VHDL_1993          ; VHDL_1993          ;
; State Machine Processing                                         ; Auto               ; Auto               ;
; Safe State Machine                                               ; Off                ; Off                ;
; Extract Verilog State Machines                                   ; On                 ; On                 ;
; Extract VHDL State Machines                                      ; On                 ; On                 ;
; Ignore Verilog initial constructs                                ; Off                ; Off                ;
; Iteration limit for constant Verilog loops                       ; 5000               ; 5000               ;
; Iteration limit for non-constant Verilog loops                   ; 250                ; 250                ;
; Add Pass-Through Logic to Inferred RAMs                          ; On                 ; On                 ;
; Infer RAMs from Raw Logic                                        ; On                 ; On                 ;
; Parallel Synthesis                                               ; On                 ; On                 ;
; DSP Block Balancing                                              ; Auto               ; Auto               ;
; NOT Gate Push-Back                                               ; On                 ; On                 ;
; Power-Up Don't Care                                              ; On                 ; On                 ;
; Remove Redundant Logic Cells                                     ; Off                ; Off                ;
; Remove Duplicate Registers                                       ; On                 ; On                 ;
; Ignore CARRY Buffers                                             ; Off                ; Off                ;
; Ignore CASCADE Buffers                                           ; Off                ; Off                ;
; Ignore GLOBAL Buffers                                            ; Off                ; Off                ;
; Ignore ROW GLOBAL Buffers                                        ; Off                ; Off                ;
; Ignore LCELL Buffers                                             ; Off                ; Off                ;
; Ignore SOFT Buffers                                              ; On                 ; On                 ;
; Limit AHDL Integers to 32 Bits                                   ; Off                ; Off                ;
; Optimization Technique                                           ; Balanced           ; Balanced           ;
; Carry Chain Length                                               ; 70                 ; 70                 ;
; Auto Carry Chains                                                ; On                 ; On                 ;
; Auto Open-Drain Pins                                             ; On                 ; On                 ;
; Perform WYSIWYG Primitive Resynthesis                            ; Off                ; Off                ;
; Auto ROM Replacement                                             ; On                 ; On                 ;
; Auto RAM Replacement                                             ; On                 ; On                 ;
; Auto DSP Block Replacement                                       ; On                 ; On                 ;
; Auto Shift Register Replacement                                  ; Auto               ; Auto               ;
; Allow Shift Register Merging across Hierarchies                  ; Auto               ; Auto               ;
; Auto Clock Enable Replacement                                    ; On                 ; On                 ;
; Strict RAM Replacement                                           ; Off                ; Off                ;
; Allow Synchronous Control Signals                                ; On                 ; On                 ;
; Force Use of Synchronous Clear Signals                           ; Off                ; Off                ;
; Auto RAM Block Balancing                                         ; On                 ; On                 ;
; Auto RAM to Logic Cell Conversion                                ; Off                ; Off                ;
; Auto Resource Sharing                                            ; Off                ; Off                ;
; Allow Any RAM Size For Recognition                               ; Off                ; Off                ;
; Allow Any ROM Size For Recognition                               ; Off                ; Off                ;
; Allow Any Shift Register Size For Recognition                    ; Off                ; Off                ;
; Use LogicLock Constraints during Resource Balancing              ; On                 ; On                 ;
; Ignore translate_off and synthesis_off directives                ; Off                ; Off                ;
; Timing-Driven Synthesis                                          ; On                 ; On                 ;
; Report Parameter Settings                                        ; On                 ; On                 ;
; Report Source Assignments                                        ; On                 ; On                 ;
; Report Connectivity Checks                                       ; On                 ; On                 ;
; Ignore Maximum Fan-Out Assignments                               ; Off                ; Off                ;
; Synchronization Register Chain Length                            ; 2                  ; 2                  ;
; Power Optimization During Synthesis                              ; Normal compilation ; Normal compilation ;
; HDL message level                                                ; Level2             ; Level2             ;
; Suppress Register Optimization Related Messages                  ; Off                ; Off                ;
; Number of Removed Registers Reported in Synthesis Report         ; 5000               ; 5000               ;
; Number of Swept Nodes Reported in Synthesis Report               ; 5000               ; 5000               ;
; Number of Inverted Registers Reported in Synthesis Report        ; 100                ; 100                ;
; Clock MUX Protection                                             ; On                 ; On                 ;
; Auto Gated Clock Conversion                                      ; Off                ; Off                ;
; Block Design Naming                                              ; Auto               ; Auto               ;
; SDC constraint protection                                        ; Off                ; Off                ;
; Synthesis Effort                                                 ; Auto               ; Auto               ;
; Shift Register Replacement - Allow Asynchronous Clear Signal     ; On                 ; On                 ;
; Pre-Mapping Resynthesis Optimization                             ; Off                ; Off                ;
; Analysis & Synthesis Message Level                               ; Medium             ; Medium             ;
; Disable Register Merging Across Hierarchies                      ; Auto               ; Auto               ;
; Resource Aware Inference For Block RAM                           ; On                 ; On                 ;
+------------------------------------------------------------------+--------------------+--------------------+


+------------------------------------------+
; Parallel Compilation                     ;
+----------------------------+-------------+
; Processors                 ; Number      ;
+----------------------------+-------------+
; Number detected on machine ; 8           ;
; Maximum allowed            ; 4           ;
;                            ;             ;
; Average used               ; 1.00        ;
; Maximum used               ; 1           ;
;                            ;             ;
; Usage by Processor         ; % Time Used ;
;     Processor 1            ; 100.0%      ;
+----------------------------+-------------+


+---------------------------------------------------------------------------------------------------------------------------------------------------+
; Analysis & Synthesis Source Files Read                                                                                                            ;
+----------------------------------+-----------------+------------------------------+-----------------------------------------------------+---------+
; File Name with User-Entered Path ; Used in Netlist ; File Type                    ; File Name with Absolute Path                        ; Library ;
+----------------------------------+-----------------+------------------------------+-----------------------------------------------------+---------+
; id.v                             ; yes             ; User Verilog HDL File        ; D:/Github/OpenRSIC-V/rsic/auipc/id.v                ;         ;
; regfile.v                        ; yes             ; User Verilog HDL File        ; D:/Github/OpenRSIC-V/rsic/auipc/regfile.v           ;         ;
; pc_reg.v                         ; yes             ; User Verilog HDL File        ; D:/Github/OpenRSIC-V/rsic/auipc/pc_reg.v            ;         ;
; openmips_min_sopc.v              ; yes             ; User Verilog HDL File        ; D:/Github/OpenRSIC-V/rsic/auipc/openmips_min_sopc.v ;         ;
; openmips.v                       ; yes             ; User Verilog HDL File        ; D:/Github/OpenRSIC-V/rsic/auipc/openmips.v          ;         ;
; mem_wb.v                         ; yes             ; User Verilog HDL File        ; D:/Github/OpenRSIC-V/rsic/auipc/mem_wb.v            ;         ;
; mem.v                            ; yes             ; User Verilog HDL File        ; D:/Github/OpenRSIC-V/rsic/auipc/mem.v               ;         ;
; inst_rom.v                       ; yes             ; User Verilog HDL File        ; D:/Github/OpenRSIC-V/rsic/auipc/inst_rom.v          ;         ;
; if_id.v                          ; yes             ; User Verilog HDL File        ; D:/Github/OpenRSIC-V/rsic/auipc/if_id.v             ;         ;
; id_ex.v                          ; yes             ; User Verilog HDL File        ; D:/Github/OpenRSIC-V/rsic/auipc/id_ex.v             ;         ;
; ex_mem.v                         ; yes             ; User Verilog HDL File        ; D:/Github/OpenRSIC-V/rsic/auipc/ex_mem.v            ;         ;
; ex.v                             ; yes             ; User Verilog HDL File        ; D:/Github/OpenRSIC-V/rsic/auipc/ex.v                ;         ;
; div.v                            ; yes             ; User Verilog HDL File        ; D:/Github/OpenRSIC-V/rsic/auipc/div.v               ;         ;
; defines.v                        ; yes             ; User Verilog HDL File        ; D:/Github/OpenRSIC-V/rsic/auipc/defines.v           ;         ;
; data_ram.v                       ; yes             ; User Verilog HDL File        ; D:/Github/OpenRSIC-V/rsic/auipc/data_ram.v          ;         ;
; ctrl.v                           ; yes             ; User Verilog HDL File        ; D:/Github/OpenRSIC-V/rsic/auipc/ctrl.v              ;         ;
; inst_rom.data                    ; yes             ; Auto-Found Unspecified File  ; D:/Github/OpenRSIC-V/rsic/auipc/inst_rom.data       ;         ;
+----------------------------------+-----------------+------------------------------+-----------------------------------------------------+---------+


+-----------------------------------------------------+
; Analysis & Synthesis Resource Usage Summary         ;
+---------------------------------------------+-------+
; Resource                                    ; Usage ;
+---------------------------------------------+-------+
;                                             ;       ;
; Total combinational functions               ; 0     ;
; Logic element usage by number of LUT inputs ;       ;
;     -- 4 input functions                    ; 0     ;
;     -- 3 input functions                    ; 0     ;
;     -- <=2 input functions                  ; 0     ;
;                                             ;       ;
; Logic elements by mode                      ;       ;
;     -- normal mode                          ; 0     ;
;     -- arithmetic mode                      ; 0     ;
;                                             ;       ;
; Total registers                             ; 0     ;
;     -- Dedicated logic registers            ; 0     ;
;     -- I/O registers                        ; 0     ;
;                                             ;       ;
; I/O pins                                    ; 2     ;
;                                             ;       ;
; Embedded Multiplier 9-bit elements          ; 0     ;
;                                             ;       ;
; Maximum fan-out node                        ; rst   ;
; Maximum fan-out                             ; 1     ;
; Total fan-out                               ; 2     ;
; Average fan-out                             ; 0.50  ;
+---------------------------------------------+-------+


+----------------------------------------------------------------------------------------------------------------------------------------------------------------------------------------------------------------+
; Analysis & Synthesis Resource Utilization by Entity                                                                                                                                                            ;
+----------------------------+---------------------+---------------------------+-------------+--------------+---------+-----------+------+--------------+---------------------+-------------------+--------------+
; Compilation Hierarchy Node ; Combinational ALUTs ; Dedicated Logic Registers ; Memory Bits ; DSP Elements ; DSP 9x9 ; DSP 18x18 ; Pins ; Virtual Pins ; Full Hierarchy Name ; Entity Name       ; Library Name ;
+----------------------------+---------------------+---------------------------+-------------+--------------+---------+-----------+------+--------------+---------------------+-------------------+--------------+
; |openmips_min_sopc         ; 0 (0)               ; 0 (0)                     ; 0           ; 0            ; 0       ; 0         ; 2    ; 0            ; |openmips_min_sopc  ; openmips_min_sopc ; work         ;
+----------------------------+---------------------+---------------------------+-------------+--------------+---------+-----------+------+--------------+---------------------+-------------------+--------------+
Note: For table entries with two numbers listed, the numbers in parentheses indicate the number of resources of the given type used by the specific entity alone. The numbers listed outside of parentheses indicate the total resources of the given type used by the specific entity and all of its sub-entities in the hierarchy.


Encoding Type:  One-Hot
+----------------------------------------------------------------------+
; State Machine - |openmips_min_sopc|openmips:openmips0|div:div0|state ;
+----------+----------+----------+----------+--------------------------+
; Name     ; state.11 ; state.10 ; state.01 ; state.00                 ;
+----------+----------+----------+----------+--------------------------+
; state.00 ; 0        ; 0        ; 0        ; 0                        ;
; state.01 ; 0        ; 0        ; 1        ; 1                        ;
; state.10 ; 0        ; 1        ; 0        ; 1                        ;
; state.11 ; 1        ; 0        ; 0        ; 1                        ;
+----------+----------+----------+----------+--------------------------+


+------------------------------------------------------------------------------------------------------------------+
; Registers Removed During Synthesis                                                                               ;
+--------------------------------------------------------+---------------------------------------------------------+
; Register name                                          ; Reason for Removal                                      ;
+--------------------------------------------------------+---------------------------------------------------------+
; openmips:openmips0|pc_reg:pc_reg0|ce                   ; Lost fanout                                             ;
; openmips:openmips0|pc_reg:pc_reg0|pc[0..31]            ; Lost fanout                                             ;
; openmips:openmips0|if_id:if_id0|id_inst[0..31]         ; Stuck at GND due to stuck port data_in                  ;
; openmips:openmips0|if_id:if_id0|id_pc[0..31]           ; Stuck at GND due to stuck port data_in                  ;
; openmips:openmips0|mem_wb:mem_wb0|wb_wdata[1]          ; Lost fanout                                             ;
; openmips:openmips0|ex_mem:ex_mem0|mem_wdata[1]         ; Lost fanout                                             ;
; openmips:openmips0|mem_wb:mem_wb0|wb_wdata[2]          ; Lost fanout                                             ;
; openmips:openmips0|ex_mem:ex_mem0|mem_wdata[2]         ; Lost fanout                                             ;
; openmips:openmips0|mem_wb:mem_wb0|wb_wdata[3]          ; Lost fanout                                             ;
; openmips:openmips0|ex_mem:ex_mem0|mem_wdata[3]         ; Lost fanout                                             ;
; openmips:openmips0|mem_wb:mem_wb0|wb_wdata[4]          ; Lost fanout                                             ;
; openmips:openmips0|ex_mem:ex_mem0|mem_wdata[4]         ; Lost fanout                                             ;
; openmips:openmips0|mem_wb:mem_wb0|wb_wdata[5]          ; Lost fanout                                             ;
; openmips:openmips0|ex_mem:ex_mem0|mem_wdata[5]         ; Lost fanout                                             ;
; openmips:openmips0|mem_wb:mem_wb0|wb_wdata[6]          ; Lost fanout                                             ;
; openmips:openmips0|ex_mem:ex_mem0|mem_wdata[6]         ; Lost fanout                                             ;
; openmips:openmips0|mem_wb:mem_wb0|wb_wdata[7]          ; Lost fanout                                             ;
; openmips:openmips0|ex_mem:ex_mem0|mem_wdata[7]         ; Lost fanout                                             ;
; openmips:openmips0|mem_wb:mem_wb0|wb_wdata[8]          ; Lost fanout                                             ;
; openmips:openmips0|ex_mem:ex_mem0|mem_wdata[8]         ; Lost fanout                                             ;
; openmips:openmips0|mem_wb:mem_wb0|wb_wdata[9]          ; Lost fanout                                             ;
; openmips:openmips0|ex_mem:ex_mem0|mem_wdata[9]         ; Lost fanout                                             ;
; openmips:openmips0|mem_wb:mem_wb0|wb_wdata[10]         ; Lost fanout                                             ;
; openmips:openmips0|ex_mem:ex_mem0|mem_wdata[10]        ; Lost fanout                                             ;
; openmips:openmips0|mem_wb:mem_wb0|wb_wdata[11]         ; Lost fanout                                             ;
; openmips:openmips0|ex_mem:ex_mem0|mem_wdata[11]        ; Lost fanout                                             ;
; openmips:openmips0|mem_wb:mem_wb0|wb_wdata[12]         ; Lost fanout                                             ;
; openmips:openmips0|ex_mem:ex_mem0|mem_wdata[12]        ; Lost fanout                                             ;
; openmips:openmips0|mem_wb:mem_wb0|wb_wdata[13]         ; Lost fanout                                             ;
; openmips:openmips0|ex_mem:ex_mem0|mem_wdata[13]        ; Lost fanout                                             ;
; openmips:openmips0|mem_wb:mem_wb0|wb_wdata[14]         ; Lost fanout                                             ;
; openmips:openmips0|ex_mem:ex_mem0|mem_wdata[14]        ; Lost fanout                                             ;
; openmips:openmips0|mem_wb:mem_wb0|wb_wdata[15]         ; Lost fanout                                             ;
; openmips:openmips0|ex_mem:ex_mem0|mem_wdata[15]        ; Lost fanout                                             ;
; openmips:openmips0|mem_wb:mem_wb0|wb_wdata[16]         ; Lost fanout                                             ;
; openmips:openmips0|ex_mem:ex_mem0|mem_wdata[16]        ; Lost fanout                                             ;
; openmips:openmips0|mem_wb:mem_wb0|wb_wdata[17]         ; Lost fanout                                             ;
; openmips:openmips0|ex_mem:ex_mem0|mem_wdata[17]        ; Lost fanout                                             ;
; openmips:openmips0|mem_wb:mem_wb0|wb_wdata[18]         ; Lost fanout                                             ;
; openmips:openmips0|ex_mem:ex_mem0|mem_wdata[18]        ; Lost fanout                                             ;
; openmips:openmips0|mem_wb:mem_wb0|wb_wdata[19]         ; Lost fanout                                             ;
; openmips:openmips0|ex_mem:ex_mem0|mem_wdata[19]        ; Lost fanout                                             ;
; openmips:openmips0|mem_wb:mem_wb0|wb_wdata[20]         ; Lost fanout                                             ;
; openmips:openmips0|ex_mem:ex_mem0|mem_wdata[20]        ; Lost fanout                                             ;
; openmips:openmips0|mem_wb:mem_wb0|wb_wdata[21]         ; Lost fanout                                             ;
; openmips:openmips0|ex_mem:ex_mem0|mem_wdata[21]        ; Lost fanout                                             ;
; openmips:openmips0|mem_wb:mem_wb0|wb_wdata[22]         ; Lost fanout                                             ;
; openmips:openmips0|ex_mem:ex_mem0|mem_wdata[22]        ; Lost fanout                                             ;
; openmips:openmips0|mem_wb:mem_wb0|wb_wdata[23]         ; Lost fanout                                             ;
; openmips:openmips0|ex_mem:ex_mem0|mem_wdata[23]        ; Lost fanout                                             ;
; openmips:openmips0|mem_wb:mem_wb0|wb_wdata[24]         ; Lost fanout                                             ;
; openmips:openmips0|ex_mem:ex_mem0|mem_wdata[24]        ; Lost fanout                                             ;
; openmips:openmips0|mem_wb:mem_wb0|wb_wdata[25]         ; Lost fanout                                             ;
; openmips:openmips0|ex_mem:ex_mem0|mem_wdata[25]        ; Lost fanout                                             ;
; openmips:openmips0|mem_wb:mem_wb0|wb_wdata[26]         ; Lost fanout                                             ;
; openmips:openmips0|ex_mem:ex_mem0|mem_wdata[26]        ; Lost fanout                                             ;
; openmips:openmips0|mem_wb:mem_wb0|wb_wdata[27]         ; Lost fanout                                             ;
; openmips:openmips0|ex_mem:ex_mem0|mem_wdata[27]        ; Lost fanout                                             ;
; openmips:openmips0|mem_wb:mem_wb0|wb_wdata[28]         ; Lost fanout                                             ;
; openmips:openmips0|ex_mem:ex_mem0|mem_wdata[28]        ; Lost fanout                                             ;
; openmips:openmips0|mem_wb:mem_wb0|wb_wdata[29]         ; Lost fanout                                             ;
; openmips:openmips0|ex_mem:ex_mem0|mem_wdata[29]        ; Lost fanout                                             ;
; openmips:openmips0|mem_wb:mem_wb0|wb_wdata[30]         ; Lost fanout                                             ;
; openmips:openmips0|ex_mem:ex_mem0|mem_wdata[30]        ; Lost fanout                                             ;
; openmips:openmips0|mem_wb:mem_wb0|wb_wdata[31]         ; Lost fanout                                             ;
; openmips:openmips0|ex_mem:ex_mem0|mem_wdata[31]        ; Lost fanout                                             ;
; openmips:openmips0|mem_wb:mem_wb0|wb_wdata[0]          ; Lost fanout                                             ;
; openmips:openmips0|mem_wb:mem_wb0|wb_wd[0..4]          ; Lost fanout                                             ;
; openmips:openmips0|mem_wb:mem_wb0|wb_wreg              ; Lost fanout                                             ;
; openmips:openmips0|ex_mem:ex_mem0|mem_reg2[8..31]      ; Lost fanout                                             ;
; openmips:openmips0|ex_mem:ex_mem0|mem_wdata[0]         ; Lost fanout                                             ;
; openmips:openmips0|ex_mem:ex_mem0|mem_reg2[0..7]       ; Lost fanout                                             ;
; openmips:openmips0|ex_mem:ex_mem0|mem_mem_addr[0..18]  ; Lost fanout                                             ;
; openmips:openmips0|ex_mem:ex_mem0|mem_aluop[0..7]      ; Lost fanout                                             ;
; openmips:openmips0|ex_mem:ex_mem0|mem_wd[0..4]         ; Lost fanout                                             ;
; openmips:openmips0|ex_mem:ex_mem0|mem_wreg             ; Lost fanout                                             ;
; openmips:openmips0|div:div0|dividend[0..16]            ; Lost fanout                                             ;
; openmips:openmips0|div:div0|divisor[0..31]             ; Lost fanout                                             ;
; openmips:openmips0|div:div0|dividend[17..64]           ; Lost fanout                                             ;
; openmips:openmips0|div:div0|result_o[0..63]            ; Lost fanout                                             ;
; openmips:openmips0|id_ex:id_ex0|ex_inst[0..11,20..31]  ; Lost fanout                                             ;
; openmips:openmips0|id_ex:id_ex0|ex_link_address[0..31] ; Lost fanout                                             ;
; openmips:openmips0|id_ex:id_ex0|ex_wreg                ; Lost fanout                                             ;
; openmips:openmips0|id_ex:id_ex0|ex_wd[0..4]            ; Lost fanout                                             ;
; openmips:openmips0|id_ex:id_ex0|ex_reg1[0..31]         ; Lost fanout                                             ;
; openmips:openmips0|id_ex:id_ex0|ex_alusel[0..2]        ; Lost fanout                                             ;
; openmips:openmips0|id_ex:id_ex0|ex_aluop[1..7]         ; Merged with openmips:openmips0|id_ex:id_ex0|ex_aluop[0] ;
; openmips:openmips0|id_ex:id_ex0|ex_reg2[0..31]         ; Merged with openmips:openmips0|id_ex:id_ex0|ex_aluop[0] ;
; openmips:openmips0|id_ex:id_ex0|ex_aluop[0]            ; Stuck at GND due to stuck port data_in                  ;
; openmips:openmips0|div:div0|ready_o                    ; Stuck at GND due to stuck port data_in                  ;
; openmips:openmips0|div:div0|state.01                   ; Lost fanout                                             ;
; openmips:openmips0|div:div0|state~6                    ; Lost fanout                                             ;
; openmips:openmips0|div:div0|state~7                    ; Lost fanout                                             ;
; openmips:openmips0|div:div0|cnt[0..5]                  ; Lost fanout                                             ;
; openmips:openmips0|div:div0|state.00                   ; Lost fanout                                             ;
; openmips:openmips0|div:div0|state.10                   ; Lost fanout                                             ;
; openmips:openmips0|div:div0|state.11                   ; Lost fanout                                             ;
; Total Number of Removed Registers = 543                ;                                                         ;
+--------------------------------------------------------+---------------------------------------------------------+


+-------------------------------------------------------------------------------------------------------------------------------------------------------------------+
; Removed Registers Triggering Further Register Optimizations                                                                                                       ;
+-------------------------------------------------+---------------------------+-------------------------------------------------------------------------------------+
; Register name                                   ; Reason for Removal        ; Registers Removed due to This Register                                              ;
+-------------------------------------------------+---------------------------+-------------------------------------------------------------------------------------+
; openmips:openmips0|if_id:if_id0|id_inst[25]     ; Stuck at GND              ; openmips:openmips0|id_ex:id_ex0|ex_reg1[0],                                         ;
;                                                 ; due to stuck port data_in ; openmips:openmips0|id_ex:id_ex0|ex_reg1[1],                                         ;
;                                                 ;                           ; openmips:openmips0|id_ex:id_ex0|ex_reg1[2],                                         ;
;                                                 ;                           ; openmips:openmips0|id_ex:id_ex0|ex_reg1[3],                                         ;
;                                                 ;                           ; openmips:openmips0|id_ex:id_ex0|ex_reg1[4],                                         ;
;                                                 ;                           ; openmips:openmips0|id_ex:id_ex0|ex_reg1[5],                                         ;
;                                                 ;                           ; openmips:openmips0|id_ex:id_ex0|ex_reg1[6],                                         ;
;                                                 ;                           ; openmips:openmips0|id_ex:id_ex0|ex_reg1[7],                                         ;
;                                                 ;                           ; openmips:openmips0|id_ex:id_ex0|ex_reg1[8],                                         ;
;                                                 ;                           ; openmips:openmips0|id_ex:id_ex0|ex_reg1[9],                                         ;
;                                                 ;                           ; openmips:openmips0|id_ex:id_ex0|ex_reg1[10],                                        ;
;                                                 ;                           ; openmips:openmips0|id_ex:id_ex0|ex_reg1[11],                                        ;
;                                                 ;                           ; openmips:openmips0|id_ex:id_ex0|ex_reg1[12],                                        ;
;                                                 ;                           ; openmips:openmips0|id_ex:id_ex0|ex_reg1[13],                                        ;
;                                                 ;                           ; openmips:openmips0|id_ex:id_ex0|ex_reg1[14],                                        ;
;                                                 ;                           ; openmips:openmips0|id_ex:id_ex0|ex_reg1[15],                                        ;
;                                                 ;                           ; openmips:openmips0|id_ex:id_ex0|ex_reg1[16],                                        ;
;                                                 ;                           ; openmips:openmips0|id_ex:id_ex0|ex_reg1[17],                                        ;
;                                                 ;                           ; openmips:openmips0|id_ex:id_ex0|ex_reg1[18],                                        ;
;                                                 ;                           ; openmips:openmips0|id_ex:id_ex0|ex_reg1[19],                                        ;
;                                                 ;                           ; openmips:openmips0|id_ex:id_ex0|ex_reg1[20],                                        ;
;                                                 ;                           ; openmips:openmips0|id_ex:id_ex0|ex_reg1[21],                                        ;
;                                                 ;                           ; openmips:openmips0|id_ex:id_ex0|ex_reg1[22],                                        ;
;                                                 ;                           ; openmips:openmips0|id_ex:id_ex0|ex_reg1[23],                                        ;
;                                                 ;                           ; openmips:openmips0|id_ex:id_ex0|ex_reg1[24],                                        ;
;                                                 ;                           ; openmips:openmips0|id_ex:id_ex0|ex_reg1[25],                                        ;
;                                                 ;                           ; openmips:openmips0|id_ex:id_ex0|ex_reg1[26],                                        ;
;                                                 ;                           ; openmips:openmips0|id_ex:id_ex0|ex_reg1[27],                                        ;
;                                                 ;                           ; openmips:openmips0|id_ex:id_ex0|ex_reg1[28],                                        ;
;                                                 ;                           ; openmips:openmips0|id_ex:id_ex0|ex_reg1[29],                                        ;
;                                                 ;                           ; openmips:openmips0|id_ex:id_ex0|ex_reg1[30],                                        ;
;                                                 ;                           ; openmips:openmips0|id_ex:id_ex0|ex_reg1[31]                                         ;
; openmips:openmips0|if_id:if_id0|id_inst[20]     ; Stuck at GND              ; openmips:openmips0|mem_wb:mem_wb0|wb_wdata[7],                                      ;
;                                                 ; due to stuck port data_in ; openmips:openmips0|mem_wb:mem_wb0|wb_wdata[8],                                      ;
;                                                 ;                           ; openmips:openmips0|mem_wb:mem_wb0|wb_wdata[9],                                      ;
;                                                 ;                           ; openmips:openmips0|mem_wb:mem_wb0|wb_wdata[10],                                     ;
;                                                 ;                           ; openmips:openmips0|mem_wb:mem_wb0|wb_wdata[11],                                     ;
;                                                 ;                           ; openmips:openmips0|mem_wb:mem_wb0|wb_wdata[12],                                     ;
;                                                 ;                           ; openmips:openmips0|mem_wb:mem_wb0|wb_wdata[13],                                     ;
;                                                 ;                           ; openmips:openmips0|mem_wb:mem_wb0|wb_wdata[20],                                     ;
;                                                 ;                           ; openmips:openmips0|mem_wb:mem_wb0|wb_wdata[21],                                     ;
;                                                 ;                           ; openmips:openmips0|mem_wb:mem_wb0|wb_wdata[22],                                     ;
;                                                 ;                           ; openmips:openmips0|mem_wb:mem_wb0|wb_wdata[23],                                     ;
;                                                 ;                           ; openmips:openmips0|mem_wb:mem_wb0|wb_wdata[24],                                     ;
;                                                 ;                           ; openmips:openmips0|mem_wb:mem_wb0|wb_wdata[25],                                     ;
;                                                 ;                           ; openmips:openmips0|mem_wb:mem_wb0|wb_wdata[26],                                     ;
;                                                 ;                           ; openmips:openmips0|mem_wb:mem_wb0|wb_wdata[27],                                     ;
;                                                 ;                           ; openmips:openmips0|mem_wb:mem_wb0|wb_wdata[28],                                     ;
;                                                 ;                           ; openmips:openmips0|mem_wb:mem_wb0|wb_wdata[29],                                     ;
;                                                 ;                           ; openmips:openmips0|mem_wb:mem_wb0|wb_wdata[30],                                     ;
;                                                 ;                           ; openmips:openmips0|mem_wb:mem_wb0|wb_wdata[31],                                     ;
;                                                 ;                           ; openmips:openmips0|mem_wb:mem_wb0|wb_wd[4],                                         ;
;                                                 ;                           ; openmips:openmips0|mem_wb:mem_wb0|wb_wd[3],                                         ;
;                                                 ;                           ; openmips:openmips0|mem_wb:mem_wb0|wb_wd[2],                                         ;
;                                                 ;                           ; openmips:openmips0|mem_wb:mem_wb0|wb_wd[1],                                         ;
;                                                 ;                           ; openmips:openmips0|mem_wb:mem_wb0|wb_wd[0],                                         ;
;                                                 ;                           ; openmips:openmips0|mem_wb:mem_wb0|wb_wreg,                                          ;
;                                                 ;                           ; openmips:openmips0|ex_mem:ex_mem0|mem_wd[4],                                        ;
;                                                 ;                           ; openmips:openmips0|ex_mem:ex_mem0|mem_wd[3],                                        ;
;                                                 ;                           ; openmips:openmips0|ex_mem:ex_mem0|mem_wd[2],                                        ;
;                                                 ;                           ; openmips:openmips0|ex_mem:ex_mem0|mem_wd[1],                                        ;
;                                                 ;                           ; openmips:openmips0|ex_mem:ex_mem0|mem_wd[0],                                        ;
;                                                 ;                           ; openmips:openmips0|ex_mem:ex_mem0|mem_wreg                                          ;
; openmips:openmips0|if_id:if_id0|id_inst[15]     ; Stuck at GND              ; openmips:openmips0|mem_wb:mem_wb0|wb_wdata[1],                                      ;
;                                                 ; due to stuck port data_in ; openmips:openmips0|mem_wb:mem_wb0|wb_wdata[2],                                      ;
;                                                 ;                           ; openmips:openmips0|mem_wb:mem_wb0|wb_wdata[3],                                      ;
;                                                 ;                           ; openmips:openmips0|mem_wb:mem_wb0|wb_wdata[4],                                      ;
;                                                 ;                           ; openmips:openmips0|mem_wb:mem_wb0|wb_wdata[5],                                      ;
;                                                 ;                           ; openmips:openmips0|mem_wb:mem_wb0|wb_wdata[6],                                      ;
;                                                 ;                           ; openmips:openmips0|mem_wb:mem_wb0|wb_wdata[15],                                     ;
;                                                 ;                           ; openmips:openmips0|mem_wb:mem_wb0|wb_wdata[0],                                      ;
;                                                 ;                           ; openmips:openmips0|ex_mem:ex_mem0|mem_mem_addr[1],                                  ;
;                                                 ;                           ; openmips:openmips0|ex_mem:ex_mem0|mem_mem_addr[0],                                  ;
;                                                 ;                           ; openmips:openmips0|ex_mem:ex_mem0|mem_aluop[7],                                     ;
;                                                 ;                           ; openmips:openmips0|ex_mem:ex_mem0|mem_aluop[6],                                     ;
;                                                 ;                           ; openmips:openmips0|ex_mem:ex_mem0|mem_aluop[5],                                     ;
;                                                 ;                           ; openmips:openmips0|id_ex:id_ex0|ex_inst[0],                                         ;
;                                                 ;                           ; openmips:openmips0|id_ex:id_ex0|ex_inst[1],                                         ;
;                                                 ;                           ; openmips:openmips0|id_ex:id_ex0|ex_inst[5],                                         ;
;                                                 ;                           ; openmips:openmips0|id_ex:id_ex0|ex_inst[6],                                         ;
;                                                 ;                           ; openmips:openmips0|id_ex:id_ex0|ex_wd[0], openmips:openmips0|id_ex:id_ex0|ex_wd[1], ;
;                                                 ;                           ; openmips:openmips0|id_ex:id_ex0|ex_wd[2]                                            ;
; openmips:openmips0|div:div0|dividend[16]        ; Lost Fanouts              ; openmips:openmips0|div:div0|dividend[15], openmips:openmips0|div:div0|dividend[14], ;
;                                                 ;                           ; openmips:openmips0|div:div0|dividend[13], openmips:openmips0|div:div0|dividend[12], ;
;                                                 ;                           ; openmips:openmips0|div:div0|dividend[11], openmips:openmips0|div:div0|dividend[10], ;
;                                                 ;                           ; openmips:openmips0|div:div0|dividend[9], openmips:openmips0|div:div0|dividend[8],   ;
;                                                 ;                           ; openmips:openmips0|div:div0|dividend[7], openmips:openmips0|div:div0|dividend[6],   ;
;                                                 ;                           ; openmips:openmips0|div:div0|dividend[5], openmips:openmips0|div:div0|dividend[4],   ;
;                                                 ;                           ; openmips:openmips0|div:div0|dividend[3], openmips:openmips0|div:div0|dividend[2],   ;
;                                                 ;                           ; openmips:openmips0|div:div0|dividend[1], openmips:openmips0|div:div0|cnt[3],        ;
;                                                 ;                           ; openmips:openmips0|div:div0|cnt[4], openmips:openmips0|div:div0|cnt[5]              ;
; openmips:openmips0|div:div0|state~6             ; Lost Fanouts              ; openmips:openmips0|div:div0|cnt[0], openmips:openmips0|div:div0|cnt[1],             ;
;                                                 ;                           ; openmips:openmips0|div:div0|cnt[2], openmips:openmips0|div:div0|state.10            ;
; openmips:openmips0|ex_mem:ex_mem0|mem_wdata[1]  ; Lost Fanouts              ; openmips:openmips0|div:div0|result_o[33],                                           ;
;                                                 ;                           ; openmips:openmips0|id_ex:id_ex0|ex_alusel[1],                                       ;
;                                                 ;                           ; openmips:openmips0|id_ex:id_ex0|ex_alusel[2]                                        ;
; openmips:openmips0|if_id:if_id0|id_inst[12]     ; Stuck at GND              ; openmips:openmips0|id_ex:id_ex0|ex_wreg, openmips:openmips0|id_ex:id_ex0|ex_wd[3]   ;
;                                                 ; due to stuck port data_in ;                                                                                     ;
; openmips:openmips0|if_id:if_id0|id_inst[16]     ; Stuck at GND              ; openmips:openmips0|mem_wb:mem_wb0|wb_wdata[16],                                     ;
;                                                 ; due to stuck port data_in ; openmips:openmips0|ex_mem:ex_mem0|mem_aluop[4]                                      ;
; openmips:openmips0|if_id:if_id0|id_inst[18]     ; Stuck at GND              ; openmips:openmips0|mem_wb:mem_wb0|wb_wdata[18]                                      ;
;                                                 ; due to stuck port data_in ;                                                                                     ;
; openmips:openmips0|if_id:if_id0|id_inst[19]     ; Stuck at GND              ; openmips:openmips0|mem_wb:mem_wb0|wb_wdata[19]                                      ;
;                                                 ; due to stuck port data_in ;                                                                                     ;
; openmips:openmips0|if_id:if_id0|id_inst[17]     ; Stuck at GND              ; openmips:openmips0|mem_wb:mem_wb0|wb_wdata[17]                                      ;
;                                                 ; due to stuck port data_in ;                                                                                     ;
; openmips:openmips0|ex_mem:ex_mem0|mem_wdata[2]  ; Lost Fanouts              ; openmips:openmips0|div:div0|result_o[34]                                            ;
; openmips:openmips0|ex_mem:ex_mem0|mem_wdata[3]  ; Lost Fanouts              ; openmips:openmips0|div:div0|result_o[35]                                            ;
; openmips:openmips0|ex_mem:ex_mem0|mem_wdata[4]  ; Lost Fanouts              ; openmips:openmips0|div:div0|result_o[36]                                            ;
; openmips:openmips0|ex_mem:ex_mem0|mem_wdata[5]  ; Lost Fanouts              ; openmips:openmips0|div:div0|result_o[37]                                            ;
; openmips:openmips0|ex_mem:ex_mem0|mem_wdata[6]  ; Lost Fanouts              ; openmips:openmips0|div:div0|result_o[38]                                            ;
; openmips:openmips0|ex_mem:ex_mem0|mem_wdata[7]  ; Lost Fanouts              ; openmips:openmips0|div:div0|result_o[39]                                            ;
; openmips:openmips0|ex_mem:ex_mem0|mem_wdata[8]  ; Lost Fanouts              ; openmips:openmips0|div:div0|result_o[40]                                            ;
; openmips:openmips0|ex_mem:ex_mem0|mem_wdata[9]  ; Lost Fanouts              ; openmips:openmips0|div:div0|result_o[41]                                            ;
; openmips:openmips0|ex_mem:ex_mem0|mem_wdata[10] ; Lost Fanouts              ; openmips:openmips0|div:div0|result_o[42]                                            ;
; openmips:openmips0|ex_mem:ex_mem0|mem_wdata[11] ; Lost Fanouts              ; openmips:openmips0|div:div0|result_o[43]                                            ;
; openmips:openmips0|ex_mem:ex_mem0|mem_wdata[12] ; Lost Fanouts              ; openmips:openmips0|div:div0|result_o[44]                                            ;
; openmips:openmips0|ex_mem:ex_mem0|mem_wdata[13] ; Lost Fanouts              ; openmips:openmips0|div:div0|result_o[45]                                            ;
; openmips:openmips0|ex_mem:ex_mem0|mem_wdata[14] ; Lost Fanouts              ; openmips:openmips0|div:div0|result_o[46]                                            ;
; openmips:openmips0|ex_mem:ex_mem0|mem_wdata[15] ; Lost Fanouts              ; openmips:openmips0|div:div0|result_o[47]                                            ;
; openmips:openmips0|ex_mem:ex_mem0|mem_wdata[16] ; Lost Fanouts              ; openmips:openmips0|div:div0|result_o[48]                                            ;
; openmips:openmips0|ex_mem:ex_mem0|mem_wdata[17] ; Lost Fanouts              ; openmips:openmips0|div:div0|result_o[49]                                            ;
; openmips:openmips0|ex_mem:ex_mem0|mem_wdata[18] ; Lost Fanouts              ; openmips:openmips0|div:div0|result_o[50]                                            ;
; openmips:openmips0|ex_mem:ex_mem0|mem_wdata[19] ; Lost Fanouts              ; openmips:openmips0|div:div0|result_o[51]                                            ;
; openmips:openmips0|ex_mem:ex_mem0|mem_wdata[20] ; Lost Fanouts              ; openmips:openmips0|div:div0|result_o[52]                                            ;
; openmips:openmips0|ex_mem:ex_mem0|mem_wdata[21] ; Lost Fanouts              ; openmips:openmips0|div:div0|result_o[53]                                            ;
; openmips:openmips0|ex_mem:ex_mem0|mem_wdata[22] ; Lost Fanouts              ; openmips:openmips0|div:div0|result_o[54]                                            ;
; openmips:openmips0|ex_mem:ex_mem0|mem_wdata[23] ; Lost Fanouts              ; openmips:openmips0|div:div0|result_o[55]                                            ;
; openmips:openmips0|if_id:if_id0|id_inst[14]     ; Stuck at GND              ; openmips:openmips0|mem_wb:mem_wb0|wb_wdata[14]                                      ;
;                                                 ; due to stuck port data_in ;                                                                                     ;
; openmips:openmips0|ex_mem:ex_mem0|mem_wdata[25] ; Lost Fanouts              ; openmips:openmips0|div:div0|result_o[57]                                            ;
; openmips:openmips0|ex_mem:ex_mem0|mem_wdata[26] ; Lost Fanouts              ; openmips:openmips0|div:div0|result_o[58]                                            ;
; openmips:openmips0|ex_mem:ex_mem0|mem_wdata[27] ; Lost Fanouts              ; openmips:openmips0|div:div0|result_o[59]                                            ;
; openmips:openmips0|ex_mem:ex_mem0|mem_wdata[28] ; Lost Fanouts              ; openmips:openmips0|div:div0|result_o[60]                                            ;
; openmips:openmips0|ex_mem:ex_mem0|mem_wdata[24] ; Lost Fanouts              ; openmips:openmips0|div:div0|result_o[56]                                            ;
; openmips:openmips0|ex_mem:ex_mem0|mem_wdata[30] ; Lost Fanouts              ; openmips:openmips0|div:div0|result_o[62]                                            ;
; openmips:openmips0|ex_mem:ex_mem0|mem_wdata[31] ; Lost Fanouts              ; openmips:openmips0|div:div0|result_o[63]                                            ;
; openmips:openmips0|ex_mem:ex_mem0|mem_wdata[0]  ; Lost Fanouts              ; openmips:openmips0|div:div0|result_o[32]                                            ;
; openmips:openmips0|if_id:if_id0|id_inst[0]      ; Stuck at GND              ; openmips:openmips0|id_ex:id_ex0|ex_wd[4]                                            ;
;                                                 ; due to stuck port data_in ;                                                                                     ;
; openmips:openmips0|ex_mem:ex_mem0|mem_wdata[29] ; Lost Fanouts              ; openmips:openmips0|div:div0|result_o[61]                                            ;
+-------------------------------------------------+---------------------------+-------------------------------------------------------------------------------------+


+------------------------------------------------------+
; General Register Statistics                          ;
+----------------------------------------------+-------+
; Statistic                                    ; Value ;
+----------------------------------------------+-------+
; Total registers                              ; 0     ;
; Number of registers using Synchronous Clear  ; 0     ;
; Number of registers using Synchronous Load   ; 0     ;
; Number of registers using Asynchronous Clear ; 0     ;
; Number of registers using Asynchronous Load  ; 0     ;
; Number of registers using Clock Enable       ; 0     ;
; Number of registers using Preset             ; 0     ;
+----------------------------------------------+-------+


+---------------------------------------------------------------------------------------------------------------------------------------------------------------------+
; Multiplexer Restructuring Statistics (Restructuring Performed)                                                                                                      ;
+--------------------+-----------+---------------+----------------------+------------------------+------------+-------------------------------------------------------+
; Multiplexer Inputs ; Bus Width ; Baseline Area ; Area if Restructured ; Saving if Restructured ; Registered ; Example Multiplexer Output                            ;
+--------------------+-----------+---------------+----------------------+------------------------+------------+-------------------------------------------------------+
; 3:1                ; 6 bits    ; 12 LEs        ; 6 LEs                ; 6 LEs                  ; Yes        ; |openmips_min_sopc|openmips:openmips0|div:div0|cnt[0] ;
+--------------------+-----------+---------------+----------------------+------------------------+------------+-------------------------------------------------------+


+---------------------------------------------------------+
; Port Connectivity Checks: "openmips:openmips0|div:div0" ;
+---------+-------+----------+----------------------------+
; Port    ; Type  ; Severity ; Details                    ;
+---------+-------+----------+----------------------------+
; annul_i ; Input ; Info     ; Stuck at GND               ;
+---------+-------+----------+----------------------------+


+-----------------------------------------------------+
; Post-Synthesis Netlist Statistics for Top Partition ;
+-------------------+---------------------------------+
; Type              ; Count                           ;
+-------------------+---------------------------------+
; boundary_port     ; 2                               ;
;                   ;                                 ;
; Max LUT depth     ; 0.00                            ;
; Average LUT depth ; 0.00                            ;
+-------------------+---------------------------------+


+-------------------------------+
; Elapsed Time Per Partition    ;
+----------------+--------------+
; Partition Name ; Elapsed Time ;
+----------------+--------------+
; Top            ; 00:00:00     ;
+----------------+--------------+


+-------------------------------+
; Analysis & Synthesis Messages ;
+-------------------------------+
Info: *******************************************************************
Info: Running Quartus Prime Analysis & Synthesis
    Info: Version 18.1.0 Build 625 09/12/2018 SJ Standard Edition
    Info: Processing started: Thu Apr 07 01:31:34 2022
Info: Command: quartus_map --read_settings_files=on --write_settings_files=off auipc -c auipc
Warning (18236): Number of processors has not been specified which may cause overloading on shared machines.  Set the global assignment NUM_PARALLEL_PROCESSORS in your QSF to an appropriate value for best performance.
Info (20030): Parallel compilation is enabled and will use 4 of the 4 processors detected
Info (12021): Found 1 design units, including 1 entities, in source file id.v
    Info (12023): Found entity 1: id File: D:/Github/OpenRSIC-V/rsic/auipc/id.v Line: 3
Info (12021): Found 1 design units, including 1 entities, in source file regfile.v
    Info (12023): Found entity 1: regfile File: D:/Github/OpenRSIC-V/rsic/auipc/regfile.v Line: 3
Info (12021): Found 1 design units, including 1 entities, in source file pc_reg.v
    Info (12023): Found entity 1: pc_reg File: D:/Github/OpenRSIC-V/rsic/auipc/pc_reg.v Line: 3
Info (12021): Found 1 design units, including 1 entities, in source file openmips_min_sopc_tb.v
    Info (12023): Found entity 1: openmips_min_sopc_tb File: D:/Github/OpenRSIC-V/rsic/auipc/openmips_min_sopc_tb.v Line: 4
Info (12021): Found 1 design units, including 1 entities, in source file openmips_min_sopc.v
    Info (12023): Found entity 1: openmips_min_sopc File: D:/Github/OpenRSIC-V/rsic/auipc/openmips_min_sopc.v Line: 3
Info (12021): Found 1 design units, including 1 entities, in source file openmips.v
    Info (12023): Found entity 1: openmips File: D:/Github/OpenRSIC-V/rsic/auipc/openmips.v Line: 3
Info (12021): Found 1 design units, including 1 entities, in source file mem_wb.v
    Info (12023): Found entity 1: mem_wb File: D:/Github/OpenRSIC-V/rsic/auipc/mem_wb.v Line: 3
Info (12021): Found 1 design units, including 1 entities, in source file mem.v
    Info (12023): Found entity 1: mem File: D:/Github/OpenRSIC-V/rsic/auipc/mem.v Line: 3
Info (12021): Found 1 design units, including 1 entities, in source file inst_rom.v
    Info (12023): Found entity 1: inst_rom File: D:/Github/OpenRSIC-V/rsic/auipc/inst_rom.v Line: 3
Info (12021): Found 1 design units, including 1 entities, in source file if_id.v
    Info (12023): Found entity 1: if_id File: D:/Github/OpenRSIC-V/rsic/auipc/if_id.v Line: 3
Info (12021): Found 1 design units, including 1 entities, in source file id_ex.v
    Info (12023): Found entity 1: id_ex File: D:/Github/OpenRSIC-V/rsic/auipc/id_ex.v Line: 3
Info (12021): Found 1 design units, including 1 entities, in source file ex_mem.v
    Info (12023): Found entity 1: ex_mem File: D:/Github/OpenRSIC-V/rsic/auipc/ex_mem.v Line: 3
Info (12021): Found 1 design units, including 1 entities, in source file ex.v
    Info (12023): Found entity 1: ex File: D:/Github/OpenRSIC-V/rsic/auipc/ex.v Line: 3
Info (12021): Found 1 design units, including 1 entities, in source file div.v
    Info (12023): Found entity 1: div File: D:/Github/OpenRSIC-V/rsic/auipc/div.v Line: 3
Info (12021): Found 0 design units, including 0 entities, in source file defines.v
Info (12021): Found 1 design units, including 1 entities, in source file data_ram.v
    Info (12023): Found entity 1: data_ram File: D:/Github/OpenRSIC-V/rsic/auipc/data_ram.v Line: 3
Info (12021): Found 1 design units, including 1 entities, in source file ctrl.v
    Info (12023): Found entity 1: ctrl File: D:/Github/OpenRSIC-V/rsic/auipc/ctrl.v Line: 3
Info (12127): Elaborating entity "openmips_min_sopc" for the top level hierarchy
Info (12128): Elaborating entity "openmips" for hierarchy "openmips:openmips0" File: D:/Github/OpenRSIC-V/rsic/auipc/openmips_min_sopc.v Line: 37
Info (12128): Elaborating entity "pc_reg" for hierarchy "openmips:openmips0|pc_reg:pc_reg0" File: D:/Github/OpenRSIC-V/rsic/auipc/openmips.v Line: 109
Info (12128): Elaborating entity "if_id" for hierarchy "openmips:openmips0|if_id:if_id0" File: D:/Github/OpenRSIC-V/rsic/auipc/openmips.v Line: 122
Info (12128): Elaborating entity "id" for hierarchy "openmips:openmips0|id:id0" File: D:/Github/OpenRSIC-V/rsic/auipc/openmips.v Line: 166
Warning (10036): Verilog HDL or VHDL warning at id.v(53): object "instvalid" assigned a value but never read File: D:/Github/OpenRSIC-V/rsic/auipc/id.v Line: 53
Warning (10270): Verilog HDL Case Statement warning at id.v(398): incomplete case statement has no default case item File: D:/Github/OpenRSIC-V/rsic/auipc/id.v Line: 398
Warning (10270): Verilog HDL Case Statement warning at id.v(487): incomplete case statement has no default case item File: D:/Github/OpenRSIC-V/rsic/auipc/id.v Line: 487
Warning (10270): Verilog HDL Case Statement warning at id.v(554): incomplete case statement has no default case item File: D:/Github/OpenRSIC-V/rsic/auipc/id.v Line: 554
Warning (10240): Verilog HDL Always Construct warning at id.v(84): inferring latch(es) for variable "get_current_pc", which holds its previous value in one or more paths through the always construct File: D:/Github/OpenRSIC-V/rsic/auipc/id.v Line: 84
Warning (10240): Verilog HDL Always Construct warning at id.v(653): inferring latch(es) for variable "reg1_o", which holds its previous value in one or more paths through the always construct File: D:/Github/OpenRSIC-V/rsic/auipc/id.v Line: 653
Warning (10240): Verilog HDL Always Construct warning at id.v(653): inferring latch(es) for variable "stallreq_for_reg1_loadrelate", which holds its previous value in one or more paths through the always construct File: D:/Github/OpenRSIC-V/rsic/auipc/id.v Line: 653
Warning (10240): Verilog HDL Always Construct warning at id.v(677): inferring latch(es) for variable "reg2_o", which holds its previous value in one or more paths through the always construct File: D:/Github/OpenRSIC-V/rsic/auipc/id.v Line: 677
Warning (10240): Verilog HDL Always Construct warning at id.v(677): inferring latch(es) for variable "stallreq_for_reg2_loadrelate", which holds its previous value in one or more paths through the always construct File: D:/Github/OpenRSIC-V/rsic/auipc/id.v Line: 677
Info (10041): Inferred latch for "stallreq_for_reg2_loadrelate" at id.v(677) File: D:/Github/OpenRSIC-V/rsic/auipc/id.v Line: 677
Info (10041): Inferred latch for "reg2_o[0]" at id.v(677) File: D:/Github/OpenRSIC-V/rsic/auipc/id.v Line: 677
Info (10041): Inferred latch for "reg2_o[1]" at id.v(677) File: D:/Github/OpenRSIC-V/rsic/auipc/id.v Line: 677
Info (10041): Inferred latch for "reg2_o[2]" at id.v(677) File: D:/Github/OpenRSIC-V/rsic/auipc/id.v Line: 677
Info (10041): Inferred latch for "reg2_o[3]" at id.v(677) File: D:/Github/OpenRSIC-V/rsic/auipc/id.v Line: 677
Info (10041): Inferred latch for "reg2_o[4]" at id.v(677) File: D:/Github/OpenRSIC-V/rsic/auipc/id.v Line: 677
Info (10041): Inferred latch for "reg2_o[5]" at id.v(677) File: D:/Github/OpenRSIC-V/rsic/auipc/id.v Line: 677
Info (10041): Inferred latch for "reg2_o[6]" at id.v(677) File: D:/Github/OpenRSIC-V/rsic/auipc/id.v Line: 677
Info (10041): Inferred latch for "reg2_o[7]" at id.v(677) File: D:/Github/OpenRSIC-V/rsic/auipc/id.v Line: 677
Info (10041): Inferred latch for "reg2_o[8]" at id.v(677) File: D:/Github/OpenRSIC-V/rsic/auipc/id.v Line: 677
Info (10041): Inferred latch for "reg2_o[9]" at id.v(677) File: D:/Github/OpenRSIC-V/rsic/auipc/id.v Line: 677
Info (10041): Inferred latch for "reg2_o[10]" at id.v(677) File: D:/Github/OpenRSIC-V/rsic/auipc/id.v Line: 677
Info (10041): Inferred latch for "reg2_o[11]" at id.v(677) File: D:/Github/OpenRSIC-V/rsic/auipc/id.v Line: 677
Info (10041): Inferred latch for "reg2_o[12]" at id.v(677) File: D:/Github/OpenRSIC-V/rsic/auipc/id.v Line: 677
Info (10041): Inferred latch for "reg2_o[13]" at id.v(677) File: D:/Github/OpenRSIC-V/rsic/auipc/id.v Line: 677
Info (10041): Inferred latch for "reg2_o[14]" at id.v(677) File: D:/Github/OpenRSIC-V/rsic/auipc/id.v Line: 677
Info (10041): Inferred latch for "reg2_o[15]" at id.v(677) File: D:/Github/OpenRSIC-V/rsic/auipc/id.v Line: 677
Info (10041): Inferred latch for "reg2_o[16]" at id.v(677) File: D:/Github/OpenRSIC-V/rsic/auipc/id.v Line: 677
Info (10041): Inferred latch for "reg2_o[17]" at id.v(677) File: D:/Github/OpenRSIC-V/rsic/auipc/id.v Line: 677
Info (10041): Inferred latch for "reg2_o[18]" at id.v(677) File: D:/Github/OpenRSIC-V/rsic/auipc/id.v Line: 677
Info (10041): Inferred latch for "reg2_o[19]" at id.v(677) File: D:/Github/OpenRSIC-V/rsic/auipc/id.v Line: 677
Info (10041): Inferred latch for "reg2_o[20]" at id.v(677) File: D:/Github/OpenRSIC-V/rsic/auipc/id.v Line: 677
Info (10041): Inferred latch for "reg2_o[21]" at id.v(677) File: D:/Github/OpenRSIC-V/rsic/auipc/id.v Line: 677
Info (10041): Inferred latch for "reg2_o[22]" at id.v(677) File: D:/Github/OpenRSIC-V/rsic/auipc/id.v Line: 677
Info (10041): Inferred latch for "reg2_o[23]" at id.v(677) File: D:/Github/OpenRSIC-V/rsic/auipc/id.v Line: 677
Info (10041): Inferred latch for "reg2_o[24]" at id.v(677) File: D:/Github/OpenRSIC-V/rsic/auipc/id.v Line: 677
Info (10041): Inferred latch for "reg2_o[25]" at id.v(677) File: D:/Github/OpenRSIC-V/rsic/auipc/id.v Line: 677
Info (10041): Inferred latch for "reg2_o[26]" at id.v(677) File: D:/Github/OpenRSIC-V/rsic/auipc/id.v Line: 677
Info (10041): Inferred latch for "reg2_o[27]" at id.v(677) File: D:/Github/OpenRSIC-V/rsic/auipc/id.v Line: 677
Info (10041): Inferred latch for "reg2_o[28]" at id.v(677) File: D:/Github/OpenRSIC-V/rsic/auipc/id.v Line: 677
Info (10041): Inferred latch for "reg2_o[29]" at id.v(677) File: D:/Github/OpenRSIC-V/rsic/auipc/id.v Line: 677
Info (10041): Inferred latch for "reg2_o[30]" at id.v(677) File: D:/Github/OpenRSIC-V/rsic/auipc/id.v Line: 677
Info (10041): Inferred latch for "reg2_o[31]" at id.v(677) File: D:/Github/OpenRSIC-V/rsic/auipc/id.v Line: 677
Info (10041): Inferred latch for "stallreq_for_reg1_loadrelate" at id.v(653) File: D:/Github/OpenRSIC-V/rsic/auipc/id.v Line: 653
Info (10041): Inferred latch for "reg1_o[0]" at id.v(653) File: D:/Github/OpenRSIC-V/rsic/auipc/id.v Line: 653
Info (10041): Inferred latch for "reg1_o[1]" at id.v(653) File: D:/Github/OpenRSIC-V/rsic/auipc/id.v Line: 653
Info (10041): Inferred latch for "reg1_o[2]" at id.v(653) File: D:/Github/OpenRSIC-V/rsic/auipc/id.v Line: 653
Info (10041): Inferred latch for "reg1_o[3]" at id.v(653) File: D:/Github/OpenRSIC-V/rsic/auipc/id.v Line: 653
Info (10041): Inferred latch for "reg1_o[4]" at id.v(653) File: D:/Github/OpenRSIC-V/rsic/auipc/id.v Line: 653
Info (10041): Inferred latch for "reg1_o[5]" at id.v(653) File: D:/Github/OpenRSIC-V/rsic/auipc/id.v Line: 653
Info (10041): Inferred latch for "reg1_o[6]" at id.v(653) File: D:/Github/OpenRSIC-V/rsic/auipc/id.v Line: 653
Info (10041): Inferred latch for "reg1_o[7]" at id.v(653) File: D:/Github/OpenRSIC-V/rsic/auipc/id.v Line: 653
Info (10041): Inferred latch for "reg1_o[8]" at id.v(653) File: D:/Github/OpenRSIC-V/rsic/auipc/id.v Line: 653
Info (10041): Inferred latch for "reg1_o[9]" at id.v(653) File: D:/Github/OpenRSIC-V/rsic/auipc/id.v Line: 653
Info (10041): Inferred latch for "reg1_o[10]" at id.v(653) File: D:/Github/OpenRSIC-V/rsic/auipc/id.v Line: 653
Info (10041): Inferred latch for "reg1_o[11]" at id.v(653) File: D:/Github/OpenRSIC-V/rsic/auipc/id.v Line: 653
Info (10041): Inferred latch for "reg1_o[12]" at id.v(653) File: D:/Github/OpenRSIC-V/rsic/auipc/id.v Line: 653
Info (10041): Inferred latch for "reg1_o[13]" at id.v(653) File: D:/Github/OpenRSIC-V/rsic/auipc/id.v Line: 653
Info (10041): Inferred latch for "reg1_o[14]" at id.v(653) File: D:/Github/OpenRSIC-V/rsic/auipc/id.v Line: 653
Info (10041): Inferred latch for "reg1_o[15]" at id.v(653) File: D:/Github/OpenRSIC-V/rsic/auipc/id.v Line: 653
Info (10041): Inferred latch for "reg1_o[16]" at id.v(653) File: D:/Github/OpenRSIC-V/rsic/auipc/id.v Line: 653
Info (10041): Inferred latch for "reg1_o[17]" at id.v(653) File: D:/Github/OpenRSIC-V/rsic/auipc/id.v Line: 653
Info (10041): Inferred latch for "reg1_o[18]" at id.v(653) File: D:/Github/OpenRSIC-V/rsic/auipc/id.v Line: 653
Info (10041): Inferred latch for "reg1_o[19]" at id.v(653) File: D:/Github/OpenRSIC-V/rsic/auipc/id.v Line: 653
Info (10041): Inferred latch for "reg1_o[20]" at id.v(653) File: D:/Github/OpenRSIC-V/rsic/auipc/id.v Line: 653
Info (10041): Inferred latch for "reg1_o[21]" at id.v(653) File: D:/Github/OpenRSIC-V/rsic/auipc/id.v Line: 653
Info (10041): Inferred latch for "reg1_o[22]" at id.v(653) File: D:/Github/OpenRSIC-V/rsic/auipc/id.v Line: 653
Info (10041): Inferred latch for "reg1_o[23]" at id.v(653) File: D:/Github/OpenRSIC-V/rsic/auipc/id.v Line: 653
Info (10041): Inferred latch for "reg1_o[24]" at id.v(653) File: D:/Github/OpenRSIC-V/rsic/auipc/id.v Line: 653
Info (10041): Inferred latch for "reg1_o[25]" at id.v(653) File: D:/Github/OpenRSIC-V/rsic/auipc/id.v Line: 653
Info (10041): Inferred latch for "reg1_o[26]" at id.v(653) File: D:/Github/OpenRSIC-V/rsic/auipc/id.v Line: 653
Info (10041): Inferred latch for "reg1_o[27]" at id.v(653) File: D:/Github/OpenRSIC-V/rsic/auipc/id.v Line: 653
Info (10041): Inferred latch for "reg1_o[28]" at id.v(653) File: D:/Github/OpenRSIC-V/rsic/auipc/id.v Line: 653
Info (10041): Inferred latch for "reg1_o[29]" at id.v(653) File: D:/Github/OpenRSIC-V/rsic/auipc/id.v Line: 653
Info (10041): Inferred latch for "reg1_o[30]" at id.v(653) File: D:/Github/OpenRSIC-V/rsic/auipc/id.v Line: 653
Info (10041): Inferred latch for "reg1_o[31]" at id.v(653) File: D:/Github/OpenRSIC-V/rsic/auipc/id.v Line: 653
Info (10041): Inferred latch for "get_current_pc.10" at id.v(84) File: D:/Github/OpenRSIC-V/rsic/auipc/id.v Line: 84
Info (10041): Inferred latch for "get_current_pc.01" at id.v(84) File: D:/Github/OpenRSIC-V/rsic/auipc/id.v Line: 84
Info (12128): Elaborating entity "regfile" for hierarchy "openmips:openmips0|regfile:regfile1" File: D:/Github/OpenRSIC-V/rsic/auipc/openmips.v Line: 181
Info (12128): Elaborating entity "id_ex" for hierarchy "openmips:openmips0|id_ex:id_ex0" File: D:/Github/OpenRSIC-V/rsic/auipc/openmips.v Line: 209
Info (12128): Elaborating entity "ex" for hierarchy "openmips:openmips0|ex:ex0" File: D:/Github/OpenRSIC-V/rsic/auipc/openmips.v Line: 245
Warning (10036): Verilog HDL or VHDL warning at ex.v(44): object "reg1_i_not" assigned a value but never read File: D:/Github/OpenRSIC-V/rsic/auipc/ex.v Line: 44
Warning (10036): Verilog HDL or VHDL warning at ex.v(46): object "ov_sum" assigned a value but never read File: D:/Github/OpenRSIC-V/rsic/auipc/ex.v Line: 46
Warning (10240): Verilog HDL Always Construct warning at ex.v(89): inferring latch(es) for variable "logicout", which holds its previous value in one or more paths through the always construct File: D:/Github/OpenRSIC-V/rsic/auipc/ex.v Line: 89
Warning (10240): Verilog HDL Always Construct warning at ex.v(89): inferring latch(es) for variable "arithmeticres", which holds its previous value in one or more paths through the always construct File: D:/Github/OpenRSIC-V/rsic/auipc/ex.v Line: 89
Warning (10270): Verilog HDL Case Statement warning at ex.v(233): incomplete case statement has no default case item File: D:/Github/OpenRSIC-V/rsic/auipc/ex.v Line: 233
Warning (10270): Verilog HDL Case Statement warning at ex.v(243): incomplete case statement has no default case item File: D:/Github/OpenRSIC-V/rsic/auipc/ex.v Line: 243
Warning (10240): Verilog HDL Always Construct warning at ex.v(220): inferring latch(es) for variable "wdata_o", which holds its previous value in one or more paths through the always construct File: D:/Github/OpenRSIC-V/rsic/auipc/ex.v Line: 220
Info (10041): Inferred latch for "wdata_o[0]" at ex.v(220) File: D:/Github/OpenRSIC-V/rsic/auipc/ex.v Line: 220
Info (10041): Inferred latch for "wdata_o[1]" at ex.v(220) File: D:/Github/OpenRSIC-V/rsic/auipc/ex.v Line: 220
Info (10041): Inferred latch for "wdata_o[2]" at ex.v(220) File: D:/Github/OpenRSIC-V/rsic/auipc/ex.v Line: 220
Info (10041): Inferred latch for "wdata_o[3]" at ex.v(220) File: D:/Github/OpenRSIC-V/rsic/auipc/ex.v Line: 220
Info (10041): Inferred latch for "wdata_o[4]" at ex.v(220) File: D:/Github/OpenRSIC-V/rsic/auipc/ex.v Line: 220
Info (10041): Inferred latch for "wdata_o[5]" at ex.v(220) File: D:/Github/OpenRSIC-V/rsic/auipc/ex.v Line: 220
Info (10041): Inferred latch for "wdata_o[6]" at ex.v(220) File: D:/Github/OpenRSIC-V/rsic/auipc/ex.v Line: 220
Info (10041): Inferred latch for "wdata_o[7]" at ex.v(220) File: D:/Github/OpenRSIC-V/rsic/auipc/ex.v Line: 220
Info (10041): Inferred latch for "wdata_o[8]" at ex.v(220) File: D:/Github/OpenRSIC-V/rsic/auipc/ex.v Line: 220
Info (10041): Inferred latch for "wdata_o[9]" at ex.v(220) File: D:/Github/OpenRSIC-V/rsic/auipc/ex.v Line: 220
Info (10041): Inferred latch for "wdata_o[10]" at ex.v(220) File: D:/Github/OpenRSIC-V/rsic/auipc/ex.v Line: 220
Info (10041): Inferred latch for "wdata_o[11]" at ex.v(220) File: D:/Github/OpenRSIC-V/rsic/auipc/ex.v Line: 220
Info (10041): Inferred latch for "wdata_o[12]" at ex.v(220) File: D:/Github/OpenRSIC-V/rsic/auipc/ex.v Line: 220
Info (10041): Inferred latch for "wdata_o[13]" at ex.v(220) File: D:/Github/OpenRSIC-V/rsic/auipc/ex.v Line: 220
Info (10041): Inferred latch for "wdata_o[14]" at ex.v(220) File: D:/Github/OpenRSIC-V/rsic/auipc/ex.v Line: 220
Info (10041): Inferred latch for "wdata_o[15]" at ex.v(220) File: D:/Github/OpenRSIC-V/rsic/auipc/ex.v Line: 220
Info (10041): Inferred latch for "wdata_o[16]" at ex.v(220) File: D:/Github/OpenRSIC-V/rsic/auipc/ex.v Line: 220
Info (10041): Inferred latch for "wdata_o[17]" at ex.v(220) File: D:/Github/OpenRSIC-V/rsic/auipc/ex.v Line: 220
Info (10041): Inferred latch for "wdata_o[18]" at ex.v(220) File: D:/Github/OpenRSIC-V/rsic/auipc/ex.v Line: 220
Info (10041): Inferred latch for "wdata_o[19]" at ex.v(220) File: D:/Github/OpenRSIC-V/rsic/auipc/ex.v Line: 220
Info (10041): Inferred latch for "wdata_o[20]" at ex.v(220) File: D:/Github/OpenRSIC-V/rsic/auipc/ex.v Line: 220
Info (10041): Inferred latch for "wdata_o[21]" at ex.v(220) File: D:/Github/OpenRSIC-V/rsic/auipc/ex.v Line: 220
Info (10041): Inferred latch for "wdata_o[22]" at ex.v(220) File: D:/Github/OpenRSIC-V/rsic/auipc/ex.v Line: 220
Info (10041): Inferred latch for "wdata_o[23]" at ex.v(220) File: D:/Github/OpenRSIC-V/rsic/auipc/ex.v Line: 220
Info (10041): Inferred latch for "wdata_o[24]" at ex.v(220) File: D:/Github/OpenRSIC-V/rsic/auipc/ex.v Line: 220
Info (10041): Inferred latch for "wdata_o[25]" at ex.v(220) File: D:/Github/OpenRSIC-V/rsic/auipc/ex.v Line: 220
Info (10041): Inferred latch for "wdata_o[26]" at ex.v(220) File: D:/Github/OpenRSIC-V/rsic/auipc/ex.v Line: 220
Info (10041): Inferred latch for "wdata_o[27]" at ex.v(220) File: D:/Github/OpenRSIC-V/rsic/auipc/ex.v Line: 220
Info (10041): Inferred latch for "wdata_o[28]" at ex.v(220) File: D:/Github/OpenRSIC-V/rsic/auipc/ex.v Line: 220
Info (10041): Inferred latch for "wdata_o[29]" at ex.v(220) File: D:/Github/OpenRSIC-V/rsic/auipc/ex.v Line: 220
Info (10041): Inferred latch for "wdata_o[30]" at ex.v(220) File: D:/Github/OpenRSIC-V/rsic/auipc/ex.v Line: 220
Info (10041): Inferred latch for "wdata_o[31]" at ex.v(220) File: D:/Github/OpenRSIC-V/rsic/auipc/ex.v Line: 220
Info (10041): Inferred latch for "arithmeticres[0]" at ex.v(89) File: D:/Github/OpenRSIC-V/rsic/auipc/ex.v Line: 89
Info (10041): Inferred latch for "arithmeticres[1]" at ex.v(89) File: D:/Github/OpenRSIC-V/rsic/auipc/ex.v Line: 89
Info (10041): Inferred latch for "arithmeticres[2]" at ex.v(89) File: D:/Github/OpenRSIC-V/rsic/auipc/ex.v Line: 89
Info (10041): Inferred latch for "arithmeticres[3]" at ex.v(89) File: D:/Github/OpenRSIC-V/rsic/auipc/ex.v Line: 89
Info (10041): Inferred latch for "arithmeticres[4]" at ex.v(89) File: D:/Github/OpenRSIC-V/rsic/auipc/ex.v Line: 89
Info (10041): Inferred latch for "arithmeticres[5]" at ex.v(89) File: D:/Github/OpenRSIC-V/rsic/auipc/ex.v Line: 89
Info (10041): Inferred latch for "arithmeticres[6]" at ex.v(89) File: D:/Github/OpenRSIC-V/rsic/auipc/ex.v Line: 89
Info (10041): Inferred latch for "arithmeticres[7]" at ex.v(89) File: D:/Github/OpenRSIC-V/rsic/auipc/ex.v Line: 89
Info (10041): Inferred latch for "arithmeticres[8]" at ex.v(89) File: D:/Github/OpenRSIC-V/rsic/auipc/ex.v Line: 89
Info (10041): Inferred latch for "arithmeticres[9]" at ex.v(89) File: D:/Github/OpenRSIC-V/rsic/auipc/ex.v Line: 89
Info (10041): Inferred latch for "arithmeticres[10]" at ex.v(89) File: D:/Github/OpenRSIC-V/rsic/auipc/ex.v Line: 89
Info (10041): Inferred latch for "arithmeticres[11]" at ex.v(89) File: D:/Github/OpenRSIC-V/rsic/auipc/ex.v Line: 89
Info (10041): Inferred latch for "arithmeticres[12]" at ex.v(89) File: D:/Github/OpenRSIC-V/rsic/auipc/ex.v Line: 89
Info (10041): Inferred latch for "arithmeticres[13]" at ex.v(89) File: D:/Github/OpenRSIC-V/rsic/auipc/ex.v Line: 89
Info (10041): Inferred latch for "arithmeticres[14]" at ex.v(89) File: D:/Github/OpenRSIC-V/rsic/auipc/ex.v Line: 89
Info (10041): Inferred latch for "arithmeticres[15]" at ex.v(89) File: D:/Github/OpenRSIC-V/rsic/auipc/ex.v Line: 89
Info (10041): Inferred latch for "arithmeticres[16]" at ex.v(89) File: D:/Github/OpenRSIC-V/rsic/auipc/ex.v Line: 89
Info (10041): Inferred latch for "arithmeticres[17]" at ex.v(89) File: D:/Github/OpenRSIC-V/rsic/auipc/ex.v Line: 89
Info (10041): Inferred latch for "arithmeticres[18]" at ex.v(89) File: D:/Github/OpenRSIC-V/rsic/auipc/ex.v Line: 89
Info (10041): Inferred latch for "arithmeticres[19]" at ex.v(89) File: D:/Github/OpenRSIC-V/rsic/auipc/ex.v Line: 89
Info (10041): Inferred latch for "arithmeticres[20]" at ex.v(89) File: D:/Github/OpenRSIC-V/rsic/auipc/ex.v Line: 89
Info (10041): Inferred latch for "arithmeticres[21]" at ex.v(89) File: D:/Github/OpenRSIC-V/rsic/auipc/ex.v Line: 89
Info (10041): Inferred latch for "arithmeticres[22]" at ex.v(89) File: D:/Github/OpenRSIC-V/rsic/auipc/ex.v Line: 89
Info (10041): Inferred latch for "arithmeticres[23]" at ex.v(89) File: D:/Github/OpenRSIC-V/rsic/auipc/ex.v Line: 89
Info (10041): Inferred latch for "arithmeticres[24]" at ex.v(89) File: D:/Github/OpenRSIC-V/rsic/auipc/ex.v Line: 89
Info (10041): Inferred latch for "arithmeticres[25]" at ex.v(89) File: D:/Github/OpenRSIC-V/rsic/auipc/ex.v Line: 89
Info (10041): Inferred latch for "arithmeticres[26]" at ex.v(89) File: D:/Github/OpenRSIC-V/rsic/auipc/ex.v Line: 89
Info (10041): Inferred latch for "arithmeticres[27]" at ex.v(89) File: D:/Github/OpenRSIC-V/rsic/auipc/ex.v Line: 89
Info (10041): Inferred latch for "arithmeticres[28]" at ex.v(89) File: D:/Github/OpenRSIC-V/rsic/auipc/ex.v Line: 89
Info (10041): Inferred latch for "arithmeticres[29]" at ex.v(89) File: D:/Github/OpenRSIC-V/rsic/auipc/ex.v Line: 89
Info (10041): Inferred latch for "arithmeticres[30]" at ex.v(89) File: D:/Github/OpenRSIC-V/rsic/auipc/ex.v Line: 89
Info (10041): Inferred latch for "arithmeticres[31]" at ex.v(89) File: D:/Github/OpenRSIC-V/rsic/auipc/ex.v Line: 89
Info (10041): Inferred latch for "logicout[0]" at ex.v(89) File: D:/Github/OpenRSIC-V/rsic/auipc/ex.v Line: 89
Info (10041): Inferred latch for "logicout[1]" at ex.v(89) File: D:/Github/OpenRSIC-V/rsic/auipc/ex.v Line: 89
Info (10041): Inferred latch for "logicout[2]" at ex.v(89) File: D:/Github/OpenRSIC-V/rsic/auipc/ex.v Line: 89
Info (10041): Inferred latch for "logicout[3]" at ex.v(89) File: D:/Github/OpenRSIC-V/rsic/auipc/ex.v Line: 89
Info (10041): Inferred latch for "logicout[4]" at ex.v(89) File: D:/Github/OpenRSIC-V/rsic/auipc/ex.v Line: 89
Info (10041): Inferred latch for "logicout[5]" at ex.v(89) File: D:/Github/OpenRSIC-V/rsic/auipc/ex.v Line: 89
Info (10041): Inferred latch for "logicout[6]" at ex.v(89) File: D:/Github/OpenRSIC-V/rsic/auipc/ex.v Line: 89
Info (10041): Inferred latch for "logicout[7]" at ex.v(89) File: D:/Github/OpenRSIC-V/rsic/auipc/ex.v Line: 89
Info (10041): Inferred latch for "logicout[8]" at ex.v(89) File: D:/Github/OpenRSIC-V/rsic/auipc/ex.v Line: 89
Info (10041): Inferred latch for "logicout[9]" at ex.v(89) File: D:/Github/OpenRSIC-V/rsic/auipc/ex.v Line: 89
Info (10041): Inferred latch for "logicout[10]" at ex.v(89) File: D:/Github/OpenRSIC-V/rsic/auipc/ex.v Line: 89
Info (10041): Inferred latch for "logicout[11]" at ex.v(89) File: D:/Github/OpenRSIC-V/rsic/auipc/ex.v Line: 89
Info (10041): Inferred latch for "logicout[12]" at ex.v(89) File: D:/Github/OpenRSIC-V/rsic/auipc/ex.v Line: 89
Info (10041): Inferred latch for "logicout[13]" at ex.v(89) File: D:/Github/OpenRSIC-V/rsic/auipc/ex.v Line: 89
Info (10041): Inferred latch for "logicout[14]" at ex.v(89) File: D:/Github/OpenRSIC-V/rsic/auipc/ex.v Line: 89
Info (10041): Inferred latch for "logicout[15]" at ex.v(89) File: D:/Github/OpenRSIC-V/rsic/auipc/ex.v Line: 89
Info (10041): Inferred latch for "logicout[16]" at ex.v(89) File: D:/Github/OpenRSIC-V/rsic/auipc/ex.v Line: 89
Info (10041): Inferred latch for "logicout[17]" at ex.v(89) File: D:/Github/OpenRSIC-V/rsic/auipc/ex.v Line: 89
Info (10041): Inferred latch for "logicout[18]" at ex.v(89) File: D:/Github/OpenRSIC-V/rsic/auipc/ex.v Line: 89
Info (10041): Inferred latch for "logicout[19]" at ex.v(89) File: D:/Github/OpenRSIC-V/rsic/auipc/ex.v Line: 89
Info (10041): Inferred latch for "logicout[20]" at ex.v(89) File: D:/Github/OpenRSIC-V/rsic/auipc/ex.v Line: 89
Info (10041): Inferred latch for "logicout[21]" at ex.v(89) File: D:/Github/OpenRSIC-V/rsic/auipc/ex.v Line: 89
Info (10041): Inferred latch for "logicout[22]" at ex.v(89) File: D:/Github/OpenRSIC-V/rsic/auipc/ex.v Line: 89
Info (10041): Inferred latch for "logicout[23]" at ex.v(89) File: D:/Github/OpenRSIC-V/rsic/auipc/ex.v Line: 89
Info (10041): Inferred latch for "logicout[24]" at ex.v(89) File: D:/Github/OpenRSIC-V/rsic/auipc/ex.v Line: 89
Info (10041): Inferred latch for "logicout[25]" at ex.v(89) File: D:/Github/OpenRSIC-V/rsic/auipc/ex.v Line: 89
Info (10041): Inferred latch for "logicout[26]" at ex.v(89) File: D:/Github/OpenRSIC-V/rsic/auipc/ex.v Line: 89
Info (10041): Inferred latch for "logicout[27]" at ex.v(89) File: D:/Github/OpenRSIC-V/rsic/auipc/ex.v Line: 89
Info (10041): Inferred latch for "logicout[28]" at ex.v(89) File: D:/Github/OpenRSIC-V/rsic/auipc/ex.v Line: 89
Info (10041): Inferred latch for "logicout[29]" at ex.v(89) File: D:/Github/OpenRSIC-V/rsic/auipc/ex.v Line: 89
Info (10041): Inferred latch for "logicout[30]" at ex.v(89) File: D:/Github/OpenRSIC-V/rsic/auipc/ex.v Line: 89
Info (10041): Inferred latch for "logicout[31]" at ex.v(89) File: D:/Github/OpenRSIC-V/rsic/auipc/ex.v Line: 89
Info (12128): Elaborating entity "ex_mem" for hierarchy "openmips:openmips0|ex_mem:ex_mem0" File: D:/Github/OpenRSIC-V/rsic/auipc/openmips.v Line: 271
Info (12128): Elaborating entity "mem" for hierarchy "openmips:openmips0|mem:mem0" File: D:/Github/OpenRSIC-V/rsic/auipc/openmips.v Line: 300
Warning (10036): Verilog HDL or VHDL warning at mem.v(31): object "zero32" assigned a value but never read File: D:/Github/OpenRSIC-V/rsic/auipc/mem.v Line: 31
Warning (10270): Verilog HDL Case Statement warning at mem.v(57): incomplete case statement has no default case item File: D:/Github/OpenRSIC-V/rsic/auipc/mem.v Line: 57
Warning (10240): Verilog HDL Always Construct warning at mem.v(39): inferring latch(es) for variable "mem_data_o", which holds its previous value in one or more paths through the always construct File: D:/Github/OpenRSIC-V/rsic/auipc/mem.v Line: 39
Info (10041): Inferred latch for "mem_data_o[0]" at mem.v(39) File: D:/Github/OpenRSIC-V/rsic/auipc/mem.v Line: 39
Info (10041): Inferred latch for "mem_data_o[1]" at mem.v(39) File: D:/Github/OpenRSIC-V/rsic/auipc/mem.v Line: 39
Info (10041): Inferred latch for "mem_data_o[2]" at mem.v(39) File: D:/Github/OpenRSIC-V/rsic/auipc/mem.v Line: 39
Info (10041): Inferred latch for "mem_data_o[3]" at mem.v(39) File: D:/Github/OpenRSIC-V/rsic/auipc/mem.v Line: 39
Info (10041): Inferred latch for "mem_data_o[4]" at mem.v(39) File: D:/Github/OpenRSIC-V/rsic/auipc/mem.v Line: 39
Info (10041): Inferred latch for "mem_data_o[5]" at mem.v(39) File: D:/Github/OpenRSIC-V/rsic/auipc/mem.v Line: 39
Info (10041): Inferred latch for "mem_data_o[6]" at mem.v(39) File: D:/Github/OpenRSIC-V/rsic/auipc/mem.v Line: 39
Info (10041): Inferred latch for "mem_data_o[7]" at mem.v(39) File: D:/Github/OpenRSIC-V/rsic/auipc/mem.v Line: 39
Info (10041): Inferred latch for "mem_data_o[8]" at mem.v(39) File: D:/Github/OpenRSIC-V/rsic/auipc/mem.v Line: 39
Info (10041): Inferred latch for "mem_data_o[9]" at mem.v(39) File: D:/Github/OpenRSIC-V/rsic/auipc/mem.v Line: 39
Info (10041): Inferred latch for "mem_data_o[10]" at mem.v(39) File: D:/Github/OpenRSIC-V/rsic/auipc/mem.v Line: 39
Info (10041): Inferred latch for "mem_data_o[11]" at mem.v(39) File: D:/Github/OpenRSIC-V/rsic/auipc/mem.v Line: 39
Info (10041): Inferred latch for "mem_data_o[12]" at mem.v(39) File: D:/Github/OpenRSIC-V/rsic/auipc/mem.v Line: 39
Info (10041): Inferred latch for "mem_data_o[13]" at mem.v(39) File: D:/Github/OpenRSIC-V/rsic/auipc/mem.v Line: 39
Info (10041): Inferred latch for "mem_data_o[14]" at mem.v(39) File: D:/Github/OpenRSIC-V/rsic/auipc/mem.v Line: 39
Info (10041): Inferred latch for "mem_data_o[15]" at mem.v(39) File: D:/Github/OpenRSIC-V/rsic/auipc/mem.v Line: 39
Info (10041): Inferred latch for "mem_data_o[16]" at mem.v(39) File: D:/Github/OpenRSIC-V/rsic/auipc/mem.v Line: 39
Info (10041): Inferred latch for "mem_data_o[17]" at mem.v(39) File: D:/Github/OpenRSIC-V/rsic/auipc/mem.v Line: 39
Info (10041): Inferred latch for "mem_data_o[18]" at mem.v(39) File: D:/Github/OpenRSIC-V/rsic/auipc/mem.v Line: 39
Info (10041): Inferred latch for "mem_data_o[19]" at mem.v(39) File: D:/Github/OpenRSIC-V/rsic/auipc/mem.v Line: 39
Info (10041): Inferred latch for "mem_data_o[20]" at mem.v(39) File: D:/Github/OpenRSIC-V/rsic/auipc/mem.v Line: 39
Info (10041): Inferred latch for "mem_data_o[21]" at mem.v(39) File: D:/Github/OpenRSIC-V/rsic/auipc/mem.v Line: 39
Info (10041): Inferred latch for "mem_data_o[22]" at mem.v(39) File: D:/Github/OpenRSIC-V/rsic/auipc/mem.v Line: 39
Info (10041): Inferred latch for "mem_data_o[23]" at mem.v(39) File: D:/Github/OpenRSIC-V/rsic/auipc/mem.v Line: 39
Info (10041): Inferred latch for "mem_data_o[24]" at mem.v(39) File: D:/Github/OpenRSIC-V/rsic/auipc/mem.v Line: 39
Info (10041): Inferred latch for "mem_data_o[25]" at mem.v(39) File: D:/Github/OpenRSIC-V/rsic/auipc/mem.v Line: 39
Info (10041): Inferred latch for "mem_data_o[26]" at mem.v(39) File: D:/Github/OpenRSIC-V/rsic/auipc/mem.v Line: 39
Info (10041): Inferred latch for "mem_data_o[27]" at mem.v(39) File: D:/Github/OpenRSIC-V/rsic/auipc/mem.v Line: 39
Info (10041): Inferred latch for "mem_data_o[28]" at mem.v(39) File: D:/Github/OpenRSIC-V/rsic/auipc/mem.v Line: 39
Info (10041): Inferred latch for "mem_data_o[29]" at mem.v(39) File: D:/Github/OpenRSIC-V/rsic/auipc/mem.v Line: 39
Info (10041): Inferred latch for "mem_data_o[30]" at mem.v(39) File: D:/Github/OpenRSIC-V/rsic/auipc/mem.v Line: 39
Info (10041): Inferred latch for "mem_data_o[31]" at mem.v(39) File: D:/Github/OpenRSIC-V/rsic/auipc/mem.v Line: 39
Info (12128): Elaborating entity "mem_wb" for hierarchy "openmips:openmips0|mem_wb:mem_wb0" File: D:/Github/OpenRSIC-V/rsic/auipc/openmips.v Line: 318
Info (12128): Elaborating entity "ctrl" for hierarchy "openmips:openmips0|ctrl:ctrl0" File: D:/Github/OpenRSIC-V/rsic/auipc/openmips.v Line: 329
Info (12128): Elaborating entity "div" for hierarchy "openmips:openmips0|div:div0" File: D:/Github/OpenRSIC-V/rsic/auipc/openmips.v Line: 343
Warning (10230): Verilog HDL assignment warning at div.v(73): truncated value with size 32 to match size of target (6) File: D:/Github/OpenRSIC-V/rsic/auipc/div.v Line: 73
Info (12128): Elaborating entity "inst_rom" for hierarchy "inst_rom:inst_rom0" File: D:/Github/OpenRSIC-V/rsic/auipc/openmips_min_sopc.v Line: 43
Warning (10850): Verilog HDL warning at inst_rom.v(16): number of words (4) in memory file does not match the number of elements in the address range [0:131070] File: D:/Github/OpenRSIC-V/rsic/auipc/inst_rom.v Line: 16
Warning (10030): Net "inst_mem.data_a" at inst_rom.v(14) has no driver or initial value, using a default initial value '0' File: D:/Github/OpenRSIC-V/rsic/auipc/inst_rom.v Line: 14
Warning (10030): Net "inst_mem.waddr_a" at inst_rom.v(14) has no driver or initial value, using a default initial value '0' File: D:/Github/OpenRSIC-V/rsic/auipc/inst_rom.v Line: 14
Warning (10030): Net "inst_mem.we_a" at inst_rom.v(14) has no driver or initial value, using a default initial value '0' File: D:/Github/OpenRSIC-V/rsic/auipc/inst_rom.v Line: 14
Info (12128): Elaborating entity "data_ram" for hierarchy "data_ram:data_ram0" File: D:/Github/OpenRSIC-V/rsic/auipc/openmips_min_sopc.v Line: 53
Info (17049): 438 registers lost all their fanouts during netlist optimizations.
Info (144001): Generated suppressed messages file D:/Github/OpenRSIC-V/rsic/auipc/output_files/auipc.map.smsg
Info (16010): Generating hard_block partition "hard_block:auto_generated_inst"
    Info (16011): Adding 0 node(s), including 0 DDIO, 0 PLL, 0 transceiver and 0 LCELL
Warning (21074): Design contains 2 input pin(s) that do not drive logic
    Warning (15610): No output dependent on input pin "rst" File: D:/Github/OpenRSIC-V/rsic/auipc/openmips_min_sopc.v Line: 8
    Warning (15610): No output dependent on input pin "clk" File: D:/Github/OpenRSIC-V/rsic/auipc/openmips_min_sopc.v Line: 5
Info (21057): Implemented 2 device resources after synthesis - the final resource count might be different
    Info (21058): Implemented 2 input pins
    Info (21059): Implemented 0 output pins
Info: Quartus Prime Analysis & Synthesis was successful. 0 errors, 28 warnings
    Info: Peak virtual memory: 5423 megabytes
    Info: Processing ended: Thu Apr 07 01:45:38 2022
    Info: Elapsed time: 00:14:04
    Info: Total CPU time (on all processors): 00:14:13


+------------------------------------------+
; Analysis & Synthesis Suppressed Messages ;
+------------------------------------------+
The suppressed messages can be found in D:/Github/OpenRSIC-V/rsic/auipc/output_files/auipc.map.smsg.


