Analysis & Synthesis report for uart
Wed Apr 13 18:22:09 2022
Quartus Prime Version 18.1.0 Build 625 09/12/2018 SJ Standard Edition


---------------------
; Table of Contents ;
---------------------
  1. Legal Notice
  2. Analysis & Synthesis Summary
  3. Analysis & Synthesis Settings
  4. Parallel Compilation
  5. Analysis & Synthesis Source Files Read
  6. Analysis & Synthesis Resource Usage Summary
  7. Analysis & Synthesis Resource Utilization by Entity
  8. State Machine - |uart_test|s_state
  9. State Machine - |uart_test|state
 10. State Machine - |uart_test|spi_flash_top:spi_flash_top_m0|spi_master:spi_master_m0|state
 11. State Machine - |uart_test|spi_flash_top:spi_flash_top_m0|spi_flash_cmd:spi_flash_cmd_m0|state
 12. State Machine - |uart_test|spi_flash_top:spi_flash_top_m0|spi_flash_ctrl:spi_flash_ctrl_m0|state
 13. State Machine - |uart_test|uart_tx:uart_tx_inst|state
 14. State Machine - |uart_test|uart_rx:uart_rx_inst|state
 15. Registers Removed During Synthesis
 16. Removed Registers Triggering Further Register Optimizations
 17. General Register Statistics
 18. Inverted Register Statistics
 19. Multiplexer Restructuring Statistics (Restructuring Performed)
 20. Parameter Settings for User Entity Instance: Top-level Entity: |uart_test
 21. Parameter Settings for User Entity Instance: uart_rx:uart_rx_inst
 22. Parameter Settings for User Entity Instance: uart_tx:uart_tx_inst
 23. Parameter Settings for User Entity Instance: spi_flash_top:spi_flash_top_m0|spi_flash_cmd:spi_flash_cmd_m0
 24. Port Connectivity Checks: "spi_flash_top:spi_flash_top_m0|spi_master:spi_master_m0"
 25. Port Connectivity Checks: "spi_flash_top:spi_flash_top_m0"
 26. Port Connectivity Checks: "uart_rx:uart_rx_inst"
 27. Post-Synthesis Netlist Statistics for Top Partition
 28. Elapsed Time Per Partition
 29. Analysis & Synthesis Messages



----------------
; Legal Notice ;
----------------
Copyright (C) 2018  Intel Corporation. All rights reserved.
Your use of Intel Corporation's design tools, logic functions 
and other software and tools, and its AMPP partner logic 
functions, and any output files from any of the foregoing 
(including device programming or simulation files), and any 
associated documentation or information are expressly subject 
to the terms and conditions of the Intel Program License 
Subscription Agreement, the Intel Quartus Prime License Agreement,
the Intel FPGA IP License Agreement, or other applicable license
agreement, including, without limitation, that your use is for
the sole purpose of programming logic devices manufactured by
Intel and sold by Intel or its authorized distributors.  Please
refer to the applicable agreement for further details.



+--------------------------------------------------------------------------------------+
; Analysis & Synthesis Summary                                                         ;
+------------------------------------+-------------------------------------------------+
; Analysis & Synthesis Status        ; Successful - Wed Apr 13 18:22:09 2022           ;
; Quartus Prime Version              ; 18.1.0 Build 625 09/12/2018 SJ Standard Edition ;
; Revision Name                      ; uart                                            ;
; Top-level Entity Name              ; uart_test                                       ;
; Family                             ; Cyclone IV E                                    ;
; Total logic elements               ; 420                                             ;
;     Total combinational functions  ; 347                                             ;
;     Dedicated logic registers      ; 277                                             ;
; Total registers                    ; 277                                             ;
; Total pins                         ; 8                                               ;
; Total virtual pins                 ; 0                                               ;
; Total memory bits                  ; 0                                               ;
; Embedded Multiplier 9-bit elements ; 0                                               ;
; Total PLLs                         ; 0                                               ;
+------------------------------------+-------------------------------------------------+


+------------------------------------------------------------------------------------------------------------+
; Analysis & Synthesis Settings                                                                              ;
+------------------------------------------------------------------+--------------------+--------------------+
; Option                                                           ; Setting            ; Default Value      ;
+------------------------------------------------------------------+--------------------+--------------------+
; Device                                                           ; EP4CE6F17C8        ;                    ;
; Top-level entity name                                            ; uart_test          ; uart               ;
; Family name                                                      ; Cyclone IV E       ; Cyclone V          ;
; Use smart compilation                                            ; Off                ; Off                ;
; Enable parallel Assembler and Timing Analyzer during compilation ; On                 ; On                 ;
; Enable compact report table                                      ; Off                ; Off                ;
; Restructure Multiplexers                                         ; Auto               ; Auto               ;
; Create Debugging Nodes for IP Cores                              ; Off                ; Off                ;
; Preserve fewer node names                                        ; On                 ; On                 ;
; Intel FPGA IP Evaluation Mode                                    ; Enable             ; Enable             ;
; Verilog Version                                                  ; Verilog_2001       ; Verilog_2001       ;
; VHDL Version                                                     ; VHDL_1993          ; VHDL_1993          ;
; State Machine Processing                                         ; Auto               ; Auto               ;
; Safe State Machine                                               ; Off                ; Off                ;
; Extract Verilog State Machines                                   ; On                 ; On                 ;
; Extract VHDL State Machines                                      ; On                 ; On                 ;
; Ignore Verilog initial constructs                                ; Off                ; Off                ;
; Iteration limit for constant Verilog loops                       ; 5000               ; 5000               ;
; Iteration limit for non-constant Verilog loops                   ; 250                ; 250                ;
; Add Pass-Through Logic to Inferred RAMs                          ; On                 ; On                 ;
; Infer RAMs from Raw Logic                                        ; On                 ; On                 ;
; Parallel Synthesis                                               ; On                 ; On                 ;
; DSP Block Balancing                                              ; Auto               ; Auto               ;
; NOT Gate Push-Back                                               ; On                 ; On                 ;
; Power-Up Don't Care                                              ; On                 ; On                 ;
; Remove Redundant Logic Cells                                     ; Off                ; Off                ;
; Remove Duplicate Registers                                       ; On                 ; On                 ;
; Ignore CARRY Buffers                                             ; Off                ; Off                ;
; Ignore CASCADE Buffers                                           ; Off                ; Off                ;
; Ignore GLOBAL Buffers                                            ; Off                ; Off                ;
; Ignore ROW GLOBAL Buffers                                        ; Off                ; Off                ;
; Ignore LCELL Buffers                                             ; Off                ; Off                ;
; Ignore SOFT Buffers                                              ; On                 ; On                 ;
; Limit AHDL Integers to 32 Bits                                   ; Off                ; Off                ;
; Optimization Technique                                           ; Balanced           ; Balanced           ;
; Carry Chain Length                                               ; 70                 ; 70                 ;
; Auto Carry Chains                                                ; On                 ; On                 ;
; Auto Open-Drain Pins                                             ; On                 ; On                 ;
; Perform WYSIWYG Primitive Resynthesis                            ; Off                ; Off                ;
; Auto ROM Replacement                                             ; On                 ; On                 ;
; Auto RAM Replacement                                             ; On                 ; On                 ;
; Auto DSP Block Replacement                                       ; On                 ; On                 ;
; Auto Shift Register Replacement                                  ; Auto               ; Auto               ;
; Allow Shift Register Merging across Hierarchies                  ; Auto               ; Auto               ;
; Auto Clock Enable Replacement                                    ; On                 ; On                 ;
; Strict RAM Replacement                                           ; Off                ; Off                ;
; Allow Synchronous Control Signals                                ; On                 ; On                 ;
; Force Use of Synchronous Clear Signals                           ; Off                ; Off                ;
; Auto RAM Block Balancing                                         ; On                 ; On                 ;
; Auto RAM to Logic Cell Conversion                                ; Off                ; Off                ;
; Auto Resource Sharing                                            ; Off                ; Off                ;
; Allow Any RAM Size For Recognition                               ; Off                ; Off                ;
; Allow Any ROM Size For Recognition                               ; Off                ; Off                ;
; Allow Any Shift Register Size For Recognition                    ; Off                ; Off                ;
; Use LogicLock Constraints during Resource Balancing              ; On                 ; On                 ;
; Ignore translate_off and synthesis_off directives                ; Off                ; Off                ;
; Timing-Driven Synthesis                                          ; On                 ; On                 ;
; Report Parameter Settings                                        ; On                 ; On                 ;
; Report Source Assignments                                        ; On                 ; On                 ;
; Report Connectivity Checks                                       ; On                 ; On                 ;
; Ignore Maximum Fan-Out Assignments                               ; Off                ; Off                ;
; Synchronization Register Chain Length                            ; 2                  ; 2                  ;
; Power Optimization During Synthesis                              ; Normal compilation ; Normal compilation ;
; HDL message level                                                ; Level2             ; Level2             ;
; Suppress Register Optimization Related Messages                  ; Off                ; Off                ;
; Number of Removed Registers Reported in Synthesis Report         ; 5000               ; 5000               ;
; Number of Swept Nodes Reported in Synthesis Report               ; 5000               ; 5000               ;
; Number of Inverted Registers Reported in Synthesis Report        ; 100                ; 100                ;
; Clock MUX Protection                                             ; On                 ; On                 ;
; Auto Gated Clock Conversion                                      ; Off                ; Off                ;
; Block Design Naming                                              ; Auto               ; Auto               ;
; SDC constraint protection                                        ; Off                ; Off                ;
; Synthesis Effort                                                 ; Auto               ; Auto               ;
; Shift Register Replacement - Allow Asynchronous Clear Signal     ; On                 ; On                 ;
; Pre-Mapping Resynthesis Optimization                             ; Off                ; Off                ;
; Analysis & Synthesis Message Level                               ; Medium             ; Medium             ;
; Disable Register Merging Across Hierarchies                      ; Auto               ; Auto               ;
; Resource Aware Inference For Block RAM                           ; On                 ; On                 ;
+------------------------------------------------------------------+--------------------+--------------------+


+------------------------------------------+
; Parallel Compilation                     ;
+----------------------------+-------------+
; Processors                 ; Number      ;
+----------------------------+-------------+
; Number detected on machine ; 8           ;
; Maximum allowed            ; 4           ;
;                            ;             ;
; Average used               ; 1.00        ;
; Maximum used               ; 4           ;
;                            ;             ;
; Usage by Processor         ; % Time Used ;
;     Processor 1            ; 100.0%      ;
;     Processors 2-4         ;   0.0%      ;
+----------------------------+-------------+


+--------------------------------------------------------------------------------------------------------------------------------------------------+
; Analysis & Synthesis Source Files Read                                                                                                           ;
+----------------------------------+-----------------+------------------------+----------------------------------------------------------+---------+
; File Name with User-Entered Path ; Used in Netlist ; File Type              ; File Name with Absolute Path                             ; Library ;
+----------------------------------+-----------------+------------------------+----------------------------------------------------------+---------+
; uart_tx.v                        ; yes             ; User Verilog HDL File  ; D:/Github/OpenRSIC-V/rsic/uart_flash/uart_tx.v           ;         ;
; uart_test.v                      ; yes             ; User Verilog HDL File  ; D:/Github/OpenRSIC-V/rsic/uart_flash/uart_test.v         ;         ;
; uart_rx.v                        ; yes             ; User Verilog HDL File  ; D:/Github/OpenRSIC-V/rsic/uart_flash/uart_rx.v           ;         ;
; spi_master.v                     ; yes             ; User Verilog HDL File  ; D:/Github/OpenRSIC-V/rsic/uart_flash/spi_master.v        ;         ;
; spi_flash_top.v                  ; yes             ; User Verilog HDL File  ; D:/Github/OpenRSIC-V/rsic/uart_flash/spi_flash_top.v     ;         ;
; spi_flash_defines.v              ; yes             ; User Verilog HDL File  ; D:/Github/OpenRSIC-V/rsic/uart_flash/spi_flash_defines.v ;         ;
; spi_flash_ctrl.v                 ; yes             ; User Verilog HDL File  ; D:/Github/OpenRSIC-V/rsic/uart_flash/spi_flash_ctrl.v    ;         ;
; spi_flash_cmd.v                  ; yes             ; User Verilog HDL File  ; D:/Github/OpenRSIC-V/rsic/uart_flash/spi_flash_cmd.v     ;         ;
+----------------------------------+-----------------+------------------------+----------------------------------------------------------+---------+


+---------------------------------------------------------+
; Analysis & Synthesis Resource Usage Summary             ;
+---------------------------------------------+-----------+
; Resource                                    ; Usage     ;
+---------------------------------------------+-----------+
; Estimated Total logic elements              ; 420       ;
;                                             ;           ;
; Total combinational functions               ; 347       ;
; Logic element usage by number of LUT inputs ;           ;
;     -- 4 input functions                    ; 147       ;
;     -- 3 input functions                    ; 59        ;
;     -- <=2 input functions                  ; 141       ;
;                                             ;           ;
; Logic elements by mode                      ;           ;
;     -- normal mode                          ; 236       ;
;     -- arithmetic mode                      ; 111       ;
;                                             ;           ;
; Total registers                             ; 277       ;
;     -- Dedicated logic registers            ; 277       ;
;     -- I/O registers                        ; 0         ;
;                                             ;           ;
; I/O pins                                    ; 8         ;
;                                             ;           ;
; Embedded Multiplier 9-bit elements          ; 0         ;
;                                             ;           ;
; Maximum fan-out node                        ; clk~input ;
; Maximum fan-out                             ; 277       ;
; Total fan-out                               ; 2066      ;
; Average fan-out                             ; 3.23      ;
+---------------------------------------------+-----------+


+----------------------------------------------------------------------------------------------------------------------------------------------------------------------------------------------------------------------------------------------------------------------------------+
; Analysis & Synthesis Resource Utilization by Entity                                                                                                                                                                                                                              ;
+------------------------------------------+---------------------+---------------------------+-------------+--------------+---------+-----------+------+--------------+----------------------------------------------------------------------------+----------------+--------------+
; Compilation Hierarchy Node               ; Combinational ALUTs ; Dedicated Logic Registers ; Memory Bits ; DSP Elements ; DSP 9x9 ; DSP 18x18 ; Pins ; Virtual Pins ; Full Hierarchy Name                                                        ; Entity Name    ; Library Name ;
+------------------------------------------+---------------------+---------------------------+-------------+--------------+---------+-----------+------+--------------+----------------------------------------------------------------------------+----------------+--------------+
; |uart_test                               ; 347 (132)           ; 277 (80)                  ; 0           ; 0            ; 0       ; 0         ; 8    ; 0            ; |uart_test                                                                 ; uart_test      ; work         ;
;    |spi_flash_top:spi_flash_top_m0|      ; 116 (0)             ; 121 (0)                   ; 0           ; 0            ; 0       ; 0         ; 0    ; 0            ; |uart_test|spi_flash_top:spi_flash_top_m0                                  ; spi_flash_top  ; work         ;
;       |spi_flash_cmd:spi_flash_cmd_m0|   ; 52 (52)             ; 39 (39)                   ; 0           ; 0            ; 0       ; 0         ; 0    ; 0            ; |uart_test|spi_flash_top:spi_flash_top_m0|spi_flash_cmd:spi_flash_cmd_m0   ; spi_flash_cmd  ; work         ;
;       |spi_flash_ctrl:spi_flash_ctrl_m0| ; 7 (7)               ; 38 (38)                   ; 0           ; 0            ; 0       ; 0         ; 0    ; 0            ; |uart_test|spi_flash_top:spi_flash_top_m0|spi_flash_ctrl:spi_flash_ctrl_m0 ; spi_flash_ctrl ; work         ;
;       |spi_master:spi_master_m0|         ; 57 (57)             ; 44 (44)                   ; 0           ; 0            ; 0       ; 0         ; 0    ; 0            ; |uart_test|spi_flash_top:spi_flash_top_m0|spi_master:spi_master_m0         ; spi_master     ; work         ;
;    |uart_rx:uart_rx_inst|                ; 57 (57)             ; 43 (43)                   ; 0           ; 0            ; 0       ; 0         ; 0    ; 0            ; |uart_test|uart_rx:uart_rx_inst                                            ; uart_rx        ; work         ;
;    |uart_tx:uart_tx_inst|                ; 42 (42)             ; 33 (33)                   ; 0           ; 0            ; 0       ; 0         ; 0    ; 0            ; |uart_test|uart_tx:uart_tx_inst                                            ; uart_tx        ; work         ;
+------------------------------------------+---------------------+---------------------------+-------------+--------------+---------+-----------+------+--------------+----------------------------------------------------------------------------+----------------+--------------+
Note: For table entries with two numbers listed, the numbers in parentheses indicate the number of resources of the given type used by the specific entity alone. The numbers listed outside of parentheses indicate the total resources of the given type used by the specific entity and all of its sub-entities in the hierarchy.


Encoding Type:  One-Hot
+-------------------------------------------------------------------+
; State Machine - |uart_test|s_state                                ;
+----------------+----------------+----------------+----------------+
; Name           ; s_state.S_READ ; s_state.S_IDLE ; s_state.S_WAIT ;
+----------------+----------------+----------------+----------------+
; s_state.S_IDLE ; 0              ; 0              ; 0              ;
; s_state.S_READ ; 1              ; 1              ; 0              ;
; s_state.S_WAIT ; 0              ; 1              ; 1              ;
+----------------+----------------+----------------+----------------+


Encoding Type:  One-Hot
+---------------------------------------------------+
; State Machine - |uart_test|state                  ;
+------------+------------+------------+------------+
; Name       ; state.IDLE ; state.WAIT ; state.SEND ;
+------------+------------+------------+------------+
; state.IDLE ; 0          ; 0          ; 0          ;
; state.SEND ; 1          ; 0          ; 1          ;
; state.WAIT ; 1          ; 1          ; 0          ;
+------------+------------+------------+------------+


Encoding Type:  One-Hot
+-----------------------------------------------------------------------------------------------------------------------------+
; State Machine - |uart_test|spi_flash_top:spi_flash_top_m0|spi_master:spi_master_m0|state                                    ;
+-----------------------+----------------+-----------------------+-----------+-----------------+-----------------+------------+
; Name                  ; state.ACK_WAIT ; state.LAST_HALF_CYCLE ; state.ACK ; state.DCLK_IDLE ; state.DCLK_EDGE ; state.IDLE ;
+-----------------------+----------------+-----------------------+-----------+-----------------+-----------------+------------+
; state.IDLE            ; 0              ; 0                     ; 0         ; 0               ; 0               ; 0          ;
; state.DCLK_EDGE       ; 0              ; 0                     ; 0         ; 0               ; 1               ; 1          ;
; state.DCLK_IDLE       ; 0              ; 0                     ; 0         ; 1               ; 0               ; 1          ;
; state.ACK             ; 0              ; 0                     ; 1         ; 0               ; 0               ; 1          ;
; state.LAST_HALF_CYCLE ; 0              ; 1                     ; 0         ; 0               ; 0               ; 1          ;
; state.ACK_WAIT        ; 1              ; 0                     ; 0         ; 0               ; 0               ; 1          ;
+-----------------------+----------------+-----------------------+-----------+-----------------+-----------------+------------+


Encoding Type:  One-Hot
+----------------------------------------------------------------------------------------------------------------------------------------------------------------------------------------------------+
; State Machine - |uart_test|spi_flash_top:spi_flash_top_m0|spi_flash_cmd:spi_flash_cmd_m0|state                                                                                                     ;
+---------------------+---------------------+-------------------+---------------------+--------------------+---------------------+-----------------+----------------+--------------+-----------------+
; Name                ; state.S_WR_CMD_CODE ; state.S_CMD_LATCH ; state.S_WRITE_BYTES ; state.S_READ_BYTES ; state.S_KEEP_CS_LOW ; state.S_CS_HIGH ; state.S_CS_LOW ; state.S_IDLE ; state.S_CMD_ACK ;
+---------------------+---------------------+-------------------+---------------------+--------------------+---------------------+-----------------+----------------+--------------+-----------------+
; state.S_IDLE        ; 0                   ; 0                 ; 0                   ; 0                  ; 0                   ; 0               ; 0              ; 0            ; 0               ;
; state.S_CS_LOW      ; 0                   ; 0                 ; 0                   ; 0                  ; 0                   ; 0               ; 1              ; 1            ; 0               ;
; state.S_CS_HIGH     ; 0                   ; 0                 ; 0                   ; 0                  ; 0                   ; 1               ; 0              ; 1            ; 0               ;
; state.S_KEEP_CS_LOW ; 0                   ; 0                 ; 0                   ; 0                  ; 1                   ; 0               ; 0              ; 1            ; 0               ;
; state.S_READ_BYTES  ; 0                   ; 0                 ; 0                   ; 1                  ; 0                   ; 0               ; 0              ; 1            ; 0               ;
; state.S_WRITE_BYTES ; 0                   ; 0                 ; 1                   ; 0                  ; 0                   ; 0               ; 0              ; 1            ; 0               ;
; state.S_CMD_LATCH   ; 0                   ; 1                 ; 0                   ; 0                  ; 0                   ; 0               ; 0              ; 1            ; 0               ;
; state.S_WR_CMD_CODE ; 1                   ; 0                 ; 0                   ; 0                  ; 0                   ; 0               ; 0              ; 1            ; 0               ;
; state.S_CMD_ACK     ; 0                   ; 0                 ; 0                   ; 0                  ; 0                   ; 0               ; 0              ; 1            ; 1               ;
+---------------------+---------------------+-------------------+---------------------+--------------------+---------------------+-----------------+----------------+--------------+-----------------+


Encoding Type:  One-Hot
+------------------------------------------------------------------------------------------------------------------------------------------+
; State Machine - |uart_test|spi_flash_top:spi_flash_top_m0|spi_flash_ctrl:spi_flash_ctrl_m0|state                                         ;
+------------------+--------------+------------------+-------------+---------------+--------------+------------+------------+--------------+
; Name             ; state.S_WREN ; state.S_CK_STATE ; state.S_ACK ; state.S_WRITE ; state.S_READ ; state.S_BE ; state.S_SE ; state.S_IDLE ;
+------------------+--------------+------------------+-------------+---------------+--------------+------------+------------+--------------+
; state.S_IDLE     ; 0            ; 0                ; 0           ; 0             ; 0            ; 0          ; 0          ; 0            ;
; state.S_SE       ; 0            ; 0                ; 0           ; 0             ; 0            ; 0          ; 1          ; 1            ;
; state.S_BE       ; 0            ; 0                ; 0           ; 0             ; 0            ; 1          ; 0          ; 1            ;
; state.S_READ     ; 0            ; 0                ; 0           ; 0             ; 1            ; 0          ; 0          ; 1            ;
; state.S_WRITE    ; 0            ; 0                ; 0           ; 1             ; 0            ; 0          ; 0          ; 1            ;
; state.S_ACK      ; 0            ; 0                ; 1           ; 0             ; 0            ; 0          ; 0          ; 1            ;
; state.S_CK_STATE ; 0            ; 1                ; 0           ; 0             ; 0            ; 0          ; 0          ; 1            ;
; state.S_WREN     ; 1            ; 0                ; 0           ; 0             ; 0            ; 0          ; 0          ; 1            ;
+------------------+--------------+------------------+-------------+---------------+--------------+------------+------------+--------------+


Encoding Type:  One-Hot
+-------------------------------------------------------------------------------------+
; State Machine - |uart_test|uart_tx:uart_tx_inst|state                               ;
+-------------------+-------------------+---------------+--------------+--------------+
; Name              ; state.S_SEND_BYTE ; state.S_START ; state.S_IDLE ; state.S_STOP ;
+-------------------+-------------------+---------------+--------------+--------------+
; state.S_IDLE      ; 0                 ; 0             ; 0            ; 0            ;
; state.S_START     ; 0                 ; 1             ; 1            ; 0            ;
; state.S_SEND_BYTE ; 1                 ; 0             ; 1            ; 0            ;
; state.S_STOP      ; 0                 ; 0             ; 1            ; 1            ;
+-------------------+-------------------+---------------+--------------+--------------+


Encoding Type:  One-Hot
+--------------------------------------------------------------------------------------------------+
; State Machine - |uart_test|uart_rx:uart_rx_inst|state                                            ;
+------------------+--------------+--------------+------------------+---------------+--------------+
; Name             ; state.S_DATA ; state.S_STOP ; state.S_REC_BYTE ; state.S_START ; state.S_IDLE ;
+------------------+--------------+--------------+------------------+---------------+--------------+
; state.S_IDLE     ; 0            ; 0            ; 0                ; 0             ; 0            ;
; state.S_START    ; 0            ; 0            ; 0                ; 1             ; 1            ;
; state.S_REC_BYTE ; 0            ; 0            ; 1                ; 0             ; 1            ;
; state.S_STOP     ; 0            ; 1            ; 0                ; 0             ; 1            ;
; state.S_DATA     ; 1            ; 0            ; 0                ; 0             ; 1            ;
+------------------+--------------+--------------+------------------+---------------+--------------+


+----------------------------------------------------------------------------------------------------------------------------------------------------------------------------+
; Registers Removed During Synthesis                                                                                                                                         ;
+-----------------------------------------------------------------------------------+----------------------------------------------------------------------------------------+
; Register name                                                                     ; Reason for Removal                                                                     ;
+-----------------------------------------------------------------------------------+----------------------------------------------------------------------------------------+
; spi_flash_top:spi_flash_top_m0|spi_flash_ctrl:spi_flash_ctrl_m0|cmd[5]            ; Stuck at GND due to stuck port data_in                                                 ;
; spi_flash_top:spi_flash_top_m0|spi_flash_ctrl:spi_flash_ctrl_m0|size[1..8]        ; Stuck at GND due to stuck port data_in                                                 ;
; spi_flash_top:spi_flash_top_m0|spi_flash_cmd:spi_flash_cmd_m0|cmd_code[5]         ; Stuck at GND due to stuck port data_in                                                 ;
; spi_flash_top:spi_flash_top_m0|spi_flash_cmd:spi_flash_cmd_m0|byte_size[3..8]     ; Stuck at GND due to stuck port data_in                                                 ;
; spi_flash_top:spi_flash_top_m0|spi_flash_ctrl:spi_flash_ctrl_m0|cmd[6]            ; Merged with spi_flash_top:spi_flash_top_m0|spi_flash_ctrl:spi_flash_ctrl_m0|cmd[7]     ;
; spi_flash_top:spi_flash_top_m0|spi_flash_ctrl:spi_flash_ctrl_m0|cmd[3]            ; Merged with spi_flash_top:spi_flash_top_m0|spi_flash_ctrl:spi_flash_ctrl_m0|cmd[4]     ;
; spi_flash_top:spi_flash_top_m0|spi_flash_cmd:spi_flash_cmd_m0|cmd_code[6]         ; Merged with spi_flash_top:spi_flash_top_m0|spi_flash_cmd:spi_flash_cmd_m0|cmd_code[7]  ;
; spi_flash_top:spi_flash_top_m0|spi_flash_cmd:spi_flash_cmd_m0|cmd_code[3]         ; Merged with spi_flash_top:spi_flash_top_m0|spi_flash_cmd:spi_flash_cmd_m0|cmd_code[4]  ;
; s_state~8                                                                         ; Lost fanout                                                                            ;
; s_state~10                                                                        ; Lost fanout                                                                            ;
; state~9                                                                           ; Lost fanout                                                                            ;
; state~10                                                                          ; Lost fanout                                                                            ;
; spi_flash_top:spi_flash_top_m0|spi_master:spi_master_m0|state~4                   ; Lost fanout                                                                            ;
; spi_flash_top:spi_flash_top_m0|spi_master:spi_master_m0|state~5                   ; Lost fanout                                                                            ;
; spi_flash_top:spi_flash_top_m0|spi_master:spi_master_m0|state~6                   ; Lost fanout                                                                            ;
; spi_flash_top:spi_flash_top_m0|spi_flash_cmd:spi_flash_cmd_m0|state~4             ; Lost fanout                                                                            ;
; spi_flash_top:spi_flash_top_m0|spi_flash_cmd:spi_flash_cmd_m0|state~5             ; Lost fanout                                                                            ;
; spi_flash_top:spi_flash_top_m0|spi_flash_cmd:spi_flash_cmd_m0|state~6             ; Lost fanout                                                                            ;
; spi_flash_top:spi_flash_top_m0|spi_flash_cmd:spi_flash_cmd_m0|state~8             ; Lost fanout                                                                            ;
; spi_flash_top:spi_flash_top_m0|spi_flash_ctrl:spi_flash_ctrl_m0|state~4           ; Lost fanout                                                                            ;
; spi_flash_top:spi_flash_top_m0|spi_flash_ctrl:spi_flash_ctrl_m0|state~5           ; Lost fanout                                                                            ;
; spi_flash_top:spi_flash_top_m0|spi_flash_ctrl:spi_flash_ctrl_m0|state~6           ; Lost fanout                                                                            ;
; spi_flash_top:spi_flash_top_m0|spi_flash_ctrl:spi_flash_ctrl_m0|state~7           ; Lost fanout                                                                            ;
; spi_flash_top:spi_flash_top_m0|spi_flash_ctrl:spi_flash_ctrl_m0|state~8           ; Lost fanout                                                                            ;
; uart_tx:uart_tx_inst|state~4                                                      ; Lost fanout                                                                            ;
; uart_tx:uart_tx_inst|state~5                                                      ; Lost fanout                                                                            ;
; uart_rx:uart_rx_inst|state~4                                                      ; Lost fanout                                                                            ;
; uart_rx:uart_rx_inst|state~5                                                      ; Lost fanout                                                                            ;
; uart_rx:uart_rx_inst|state~6                                                      ; Lost fanout                                                                            ;
; spi_flash_top:spi_flash_top_m0|spi_flash_ctrl:spi_flash_ctrl_m0|state.S_SE        ; Merged with spi_flash_top:spi_flash_top_m0|spi_flash_ctrl:spi_flash_ctrl_m0|state.S_BE ;
; spi_flash_top:spi_flash_top_m0|spi_flash_ctrl:spi_flash_ctrl_m0|state.S_WRITE     ; Merged with spi_flash_top:spi_flash_top_m0|spi_flash_ctrl:spi_flash_ctrl_m0|state.S_BE ;
; spi_flash_top:spi_flash_top_m0|spi_flash_ctrl:spi_flash_ctrl_m0|state.S_BE        ; Stuck at GND due to stuck port data_in                                                 ;
; spi_flash_top:spi_flash_top_m0|spi_flash_ctrl:spi_flash_ctrl_m0|state.S_WREN      ; Stuck at GND due to stuck port data_in                                                 ;
; spi_flash_top:spi_flash_top_m0|spi_flash_ctrl:spi_flash_ctrl_m0|cmd[4,7]          ; Stuck at GND due to stuck port data_in                                                 ;
; spi_flash_top:spi_flash_top_m0|spi_flash_ctrl:spi_flash_ctrl_m0|cmd[0]            ; Stuck at VCC due to stuck port data_in                                                 ;
; spi_flash_top:spi_flash_top_m0|spi_flash_cmd:spi_flash_cmd_m0|cmd_code[4,7]       ; Stuck at GND due to stuck port data_in                                                 ;
; spi_flash_top:spi_flash_top_m0|spi_flash_ctrl:spi_flash_ctrl_m0|cmd[1]            ; Merged with spi_flash_top:spi_flash_top_m0|spi_flash_ctrl:spi_flash_ctrl_m0|cmd[2]     ;
; spi_flash_top:spi_flash_top_m0|spi_flash_cmd:spi_flash_cmd_m0|state.S_WRITE_BYTES ; Stuck at GND due to stuck port data_in                                                 ;
; spi_flash_top:spi_flash_top_m0|spi_flash_ctrl:spi_flash_ctrl_m0|state.S_CK_STATE  ; Stuck at GND due to stuck port data_in                                                 ;
; spi_flash_top:spi_flash_top_m0|spi_flash_ctrl:spi_flash_ctrl_m0|cmd[2]            ; Stuck at GND due to stuck port data_in                                                 ;
; spi_flash_top:spi_flash_top_m0|spi_flash_ctrl:spi_flash_ctrl_m0|state_reg[0]      ; Stuck at GND due to stuck port clock_enable                                            ;
; spi_flash_top:spi_flash_top_m0|spi_flash_cmd:spi_flash_cmd_m0|cmd_code[2]         ; Stuck at GND due to stuck port data_in                                                 ;
; spi_flash_top:spi_flash_top_m0|spi_flash_cmd:spi_flash_cmd_m0|cmd_code[0]         ; Merged with spi_flash_top:spi_flash_top_m0|spi_flash_cmd:spi_flash_cmd_m0|cmd_code[1]  ;
; spi_flash_top:spi_flash_top_m0|spi_flash_cmd:spi_flash_cmd_m0|byte_size[0]        ; Merged with spi_flash_top:spi_flash_top_m0|spi_flash_cmd:spi_flash_cmd_m0|byte_size[1] ;
; Total Number of Removed Registers = 58                                            ;                                                                                        ;
+-----------------------------------------------------------------------------------+----------------------------------------------------------------------------------------+


+---------------------------------------------------------------------------------------------------------------------------------------------------------------------------------------------+
; Removed Registers Triggering Further Register Optimizations                                                                                                                                 ;
+----------------------------------------------------------------------------+---------------------------+------------------------------------------------------------------------------------+
; Register name                                                              ; Reason for Removal        ; Registers Removed due to This Register                                             ;
+----------------------------------------------------------------------------+---------------------------+------------------------------------------------------------------------------------+
; spi_flash_top:spi_flash_top_m0|spi_flash_ctrl:spi_flash_ctrl_m0|state.S_BE ; Stuck at GND              ; spi_flash_top:spi_flash_top_m0|spi_flash_ctrl:spi_flash_ctrl_m0|cmd[4],            ;
;                                                                            ; due to stuck port data_in ; spi_flash_top:spi_flash_top_m0|spi_flash_ctrl:spi_flash_ctrl_m0|cmd[7],            ;
;                                                                            ;                           ; spi_flash_top:spi_flash_top_m0|spi_flash_ctrl:spi_flash_ctrl_m0|cmd[0],            ;
;                                                                            ;                           ; spi_flash_top:spi_flash_top_m0|spi_flash_cmd:spi_flash_cmd_m0|cmd_code[4],         ;
;                                                                            ;                           ; spi_flash_top:spi_flash_top_m0|spi_flash_cmd:spi_flash_cmd_m0|cmd_code[7],         ;
;                                                                            ;                           ; spi_flash_top:spi_flash_top_m0|spi_flash_cmd:spi_flash_cmd_m0|state.S_WRITE_BYTES, ;
;                                                                            ;                           ; spi_flash_top:spi_flash_top_m0|spi_flash_ctrl:spi_flash_ctrl_m0|state.S_CK_STATE,  ;
;                                                                            ;                           ; spi_flash_top:spi_flash_top_m0|spi_flash_ctrl:spi_flash_ctrl_m0|cmd[2],            ;
;                                                                            ;                           ; spi_flash_top:spi_flash_top_m0|spi_flash_ctrl:spi_flash_ctrl_m0|state_reg[0],      ;
;                                                                            ;                           ; spi_flash_top:spi_flash_top_m0|spi_flash_cmd:spi_flash_cmd_m0|cmd_code[2]          ;
; spi_flash_top:spi_flash_top_m0|spi_flash_ctrl:spi_flash_ctrl_m0|cmd[5]     ; Stuck at GND              ; spi_flash_top:spi_flash_top_m0|spi_flash_cmd:spi_flash_cmd_m0|cmd_code[5],         ;
;                                                                            ; due to stuck port data_in ; spi_flash_top:spi_flash_top_m0|spi_flash_cmd:spi_flash_cmd_m0|byte_size[8],        ;
;                                                                            ;                           ; spi_flash_top:spi_flash_top_m0|spi_flash_cmd:spi_flash_cmd_m0|byte_size[7],        ;
;                                                                            ;                           ; spi_flash_top:spi_flash_top_m0|spi_flash_cmd:spi_flash_cmd_m0|byte_size[6],        ;
;                                                                            ;                           ; spi_flash_top:spi_flash_top_m0|spi_flash_cmd:spi_flash_cmd_m0|byte_size[5],        ;
;                                                                            ;                           ; spi_flash_top:spi_flash_top_m0|spi_flash_cmd:spi_flash_cmd_m0|byte_size[4],        ;
;                                                                            ;                           ; spi_flash_top:spi_flash_top_m0|spi_flash_cmd:spi_flash_cmd_m0|byte_size[3]         ;
+----------------------------------------------------------------------------+---------------------------+------------------------------------------------------------------------------------+


+------------------------------------------------------+
; General Register Statistics                          ;
+----------------------------------------------+-------+
; Statistic                                    ; Value ;
+----------------------------------------------+-------+
; Total registers                              ; 277   ;
; Number of registers using Synchronous Clear  ; 63    ;
; Number of registers using Synchronous Load   ; 1     ;
; Number of registers using Asynchronous Clear ; 269   ;
; Number of registers using Asynchronous Load  ; 0     ;
; Number of registers using Clock Enable       ; 128   ;
; Number of registers using Preset             ; 0     ;
+----------------------------------------------+-------+


+--------------------------------------------------+
; Inverted Register Statistics                     ;
+----------------------------------------+---------+
; Inverted Register                      ; Fan out ;
+----------------------------------------+---------+
; uart_tx:uart_tx_inst|tx_reg            ; 1       ;
; Total number of inverted registers = 1 ;         ;
+----------------------------------------+---------+


+-----------------------------------------------------------------------------------------------------------------------------------------------------------------------------------------------------+
; Multiplexer Restructuring Statistics (Restructuring Performed)                                                                                                                                      ;
+--------------------+-----------+---------------+----------------------+------------------------+------------+---------------------------------------------------------------------------------------+
; Multiplexer Inputs ; Bus Width ; Baseline Area ; Area if Restructured ; Saving if Restructured ; Registered ; Example Multiplexer Output                                                            ;
+--------------------+-----------+---------------+----------------------+------------------------+------------+---------------------------------------------------------------------------------------+
; 3:1                ; 5 bits    ; 10 LEs        ; 5 LEs                ; 5 LEs                  ; Yes        ; |uart_test|spi_flash_top:spi_flash_top_m0|spi_master:spi_master_m0|clk_edge_cnt[4]    ;
; 3:1                ; 9 bits    ; 18 LEs        ; 9 LEs                ; 9 LEs                  ; Yes        ; |uart_test|spi_flash_top:spi_flash_top_m0|spi_flash_cmd:spi_flash_cmd_m0|byte_cnt[7]  ;
; 3:1                ; 3 bits    ; 6 LEs         ; 3 LEs                ; 3 LEs                  ; Yes        ; |uart_test|uart_tx:uart_tx_inst|bit_cnt[1]                                            ;
; 3:1                ; 3 bits    ; 6 LEs         ; 3 LEs                ; 3 LEs                  ; Yes        ; |uart_test|uart_rx:uart_rx_inst|bit_cnt[2]                                            ;
; 3:1                ; 8 bits    ; 16 LEs        ; 8 LEs                ; 8 LEs                  ; Yes        ; |uart_test|spi_flash_top:spi_flash_top_m0|spi_master:spi_master_m0|MOSI_shift[5]      ;
; 3:1                ; 8 bits    ; 16 LEs        ; 8 LEs                ; 8 LEs                  ; Yes        ; |uart_test|spi_flash_top:spi_flash_top_m0|spi_master:spi_master_m0|MISO_shift[0]      ;
; 4:1                ; 8 bits    ; 16 LEs        ; 8 LEs                ; 8 LEs                  ; Yes        ; |uart_test|tx_data[2]                                                                 ;
; 6:1                ; 7 bits    ; 28 LEs        ; 21 LEs               ; 7 LEs                  ; Yes        ; |uart_test|spi_flash_top:spi_flash_top_m0|spi_flash_cmd:spi_flash_cmd_m0|send_data[6] ;
; 3:1                ; 2 bits    ; 4 LEs         ; 2 LEs                ; 2 LEs                  ; No         ; |uart_test|spi_flash_top:spi_flash_top_m0|spi_flash_cmd:spi_flash_cmd_m0|next_state   ;
; 5:1                ; 3 bits    ; 9 LEs         ; 6 LEs                ; 3 LEs                  ; No         ; |uart_test|Selector1                                                                  ;
+--------------------+-----------+---------------+----------------------+------------------------+------------+---------------------------------------------------------------------------------------+


+---------------------------------------------------------------------------+
; Parameter Settings for User Entity Instance: Top-level Entity: |uart_test ;
+----------------+-------+--------------------------------------------------+
; Parameter Name ; Value ; Type                                             ;
+----------------+-------+--------------------------------------------------+
; CLK_FRE        ; 50    ; Signed Integer                                   ;
+----------------+-------+--------------------------------------------------+
Note: In order to hide this table in the UI and the text report file, please set the "Show Parameter Settings in Synthesis Report" option in "Analysis and Synthesis Settings -> More Settings" to "Off".


+-------------------------------------------------------------------+
; Parameter Settings for User Entity Instance: uart_rx:uart_rx_inst ;
+----------------+--------+-----------------------------------------+
; Parameter Name ; Value  ; Type                                    ;
+----------------+--------+-----------------------------------------+
; CLK_FRE        ; 50     ; Signed Integer                          ;
; BAUD_RATE      ; 115200 ; Signed Integer                          ;
+----------------+--------+-----------------------------------------+
Note: In order to hide this table in the UI and the text report file, please set the "Show Parameter Settings in Synthesis Report" option in "Analysis and Synthesis Settings -> More Settings" to "Off".


+-------------------------------------------------------------------+
; Parameter Settings for User Entity Instance: uart_tx:uart_tx_inst ;
+----------------+--------+-----------------------------------------+
; Parameter Name ; Value  ; Type                                    ;
+----------------+--------+-----------------------------------------+
; CLK_FRE        ; 50     ; Signed Integer                          ;
; BAUD_RATE      ; 115200 ; Signed Integer                          ;
+----------------+--------+-----------------------------------------+
Note: In order to hide this table in the UI and the text report file, please set the "Show Parameter Settings in Synthesis Report" option in "Analysis and Synthesis Settings -> More Settings" to "Off".


+------------------------------------------------------------------------------------------------------------+
; Parameter Settings for User Entity Instance: spi_flash_top:spi_flash_top_m0|spi_flash_cmd:spi_flash_cmd_m0 ;
+----------------+-------+-----------------------------------------------------------------------------------+
; Parameter Name ; Value ; Type                                                                              ;
+----------------+-------+-----------------------------------------------------------------------------------+
; S_IDLE         ; 0     ; Signed Integer                                                                    ;
; S_CS_LOW       ; 1     ; Signed Integer                                                                    ;
; S_CS_HIGH      ; 2     ; Signed Integer                                                                    ;
; S_KEEP_CS_LOW  ; 3     ; Signed Integer                                                                    ;
; S_READ_BYTES   ; 4     ; Signed Integer                                                                    ;
; S_WRITE_BYTES  ; 5     ; Signed Integer                                                                    ;
; S_CMD_LATCH    ; 6     ; Signed Integer                                                                    ;
; S_WR_CMD_CODE  ; 7     ; Signed Integer                                                                    ;
; S_CMD_ACK      ; 8     ; Signed Integer                                                                    ;
+----------------+-------+-----------------------------------------------------------------------------------+
Note: In order to hide this table in the UI and the text report file, please set the "Show Parameter Settings in Synthesis Report" option in "Analysis and Synthesis Settings -> More Settings" to "Off".


+-------------------------------------------------------------------------------------+
; Port Connectivity Checks: "spi_flash_top:spi_flash_top_m0|spi_master:spi_master_m0" ;
+------+-------+----------+-----------------------------------------------------------+
; Port ; Type  ; Severity ; Details                                                   ;
+------+-------+----------+-----------------------------------------------------------+
; CPOL ; Input ; Info     ; Stuck at VCC                                              ;
; CPHA ; Input ; Info     ; Stuck at VCC                                              ;
+------+-------+----------+-----------------------------------------------------------+


+----------------------------------------------------------------------------------------------------------------------------------+
; Port Connectivity Checks: "spi_flash_top:spi_flash_top_m0"                                                                       ;
+------------------------+--------+----------+-------------------------------------------------------------------------------------+
; Port                   ; Type   ; Severity ; Details                                                                             ;
+------------------------+--------+----------+-------------------------------------------------------------------------------------+
; clk_div                ; Input  ; Info     ; Stuck at GND                                                                        ;
; flash_write            ; Input  ; Info     ; Stuck at GND                                                                        ;
; flash_bulk_erase       ; Input  ; Info     ; Stuck at GND                                                                        ;
; flash_sector_erase     ; Input  ; Info     ; Stuck at GND                                                                        ;
; flash_write_ack        ; Output ; Info     ; Connected to dangling logic. Logic that only feeds a dangling port will be removed. ;
; flash_bulk_erase_ack   ; Output ; Info     ; Connected to dangling logic. Logic that only feeds a dangling port will be removed. ;
; flash_sector_erase_ack ; Output ; Info     ; Connected to dangling logic. Logic that only feeds a dangling port will be removed. ;
; flash_write_addr       ; Input  ; Info     ; Stuck at GND                                                                        ;
; flash_sector_addr      ; Input  ; Info     ; Stuck at GND                                                                        ;
; flash_write_data_in    ; Input  ; Info     ; Stuck at GND                                                                        ;
; flash_read_size[8..1]  ; Input  ; Info     ; Stuck at GND                                                                        ;
; flash_read_size[0]     ; Input  ; Info     ; Stuck at VCC                                                                        ;
; flash_write_size[8..1] ; Input  ; Info     ; Stuck at GND                                                                        ;
; flash_write_size[0]    ; Input  ; Info     ; Stuck at VCC                                                                        ;
; flash_write_data_req   ; Output ; Info     ; Connected to dangling logic. Logic that only feeds a dangling port will be removed. ;
+------------------------+--------+----------+-------------------------------------------------------------------------------------+


+--------------------------------------------------+
; Port Connectivity Checks: "uart_rx:uart_rx_inst" ;
+---------------+-------+----------+---------------+
; Port          ; Type  ; Severity ; Details       ;
+---------------+-------+----------+---------------+
; rx_data_ready ; Input ; Info     ; Stuck at VCC  ;
+---------------+-------+----------+---------------+


+-----------------------------------------------------+
; Post-Synthesis Netlist Statistics for Top Partition ;
+-----------------------+-----------------------------+
; Type                  ; Count                       ;
+-----------------------+-----------------------------+
; boundary_port         ; 8                           ;
; cycloneiii_ff         ; 277                         ;
;     CLR               ; 99                          ;
;     CLR SCLR          ; 49                          ;
;     CLR SLD           ; 1                           ;
;     ENA               ; 8                           ;
;     ENA CLR           ; 106                         ;
;     ENA CLR SCLR      ; 14                          ;
; cycloneiii_lcell_comb ; 348                         ;
;     arith             ; 111                         ;
;         2 data inputs ; 110                         ;
;         3 data inputs ; 1                           ;
;     normal            ; 237                         ;
;         1 data inputs ; 9                           ;
;         2 data inputs ; 23                          ;
;         3 data inputs ; 58                          ;
;         4 data inputs ; 147                         ;
;                       ;                             ;
; Max LUT depth         ; 8.10                        ;
; Average LUT depth     ; 3.66                        ;
+-----------------------+-----------------------------+


+-------------------------------+
; Elapsed Time Per Partition    ;
+----------------+--------------+
; Partition Name ; Elapsed Time ;
+----------------+--------------+
; Top            ; 00:00:01     ;
+----------------+--------------+


+-------------------------------+
; Analysis & Synthesis Messages ;
+-------------------------------+
Info: *******************************************************************
Info: Running Quartus Prime Analysis & Synthesis
    Info: Version 18.1.0 Build 625 09/12/2018 SJ Standard Edition
    Info: Processing started: Wed Apr 13 18:21:57 2022
Info: Command: quartus_map --read_settings_files=on --write_settings_files=off uart -c uart
Warning (18236): Number of processors has not been specified which may cause overloading on shared machines.  Set the global assignment NUM_PARALLEL_PROCESSORS in your QSF to an appropriate value for best performance.
Info (20030): Parallel compilation is enabled and will use 4 of the 4 processors detected
Info (12021): Found 1 design units, including 1 entities, in source file uart_tx.v
    Info (12023): Found entity 1: uart_tx File: D:/Github/OpenRSIC-V/rsic/uart_flash/uart_tx.v Line: 29
Info (12021): Found 1 design units, including 1 entities, in source file uart_test.v
    Info (12023): Found entity 1: uart_test File: D:/Github/OpenRSIC-V/rsic/uart_flash/uart_test.v Line: 3
Info (12021): Found 1 design units, including 1 entities, in source file uart_rx.v
    Info (12023): Found entity 1: uart_rx File: D:/Github/OpenRSIC-V/rsic/uart_flash/uart_rx.v Line: 29
Info (12021): Found 1 design units, including 1 entities, in source file spi_master.v
    Info (12023): Found entity 1: spi_master File: D:/Github/OpenRSIC-V/rsic/uart_flash/spi_master.v Line: 29
Info (12021): Found 1 design units, including 1 entities, in source file spi_flash_top.v
    Info (12023): Found entity 1: spi_flash_top File: D:/Github/OpenRSIC-V/rsic/uart_flash/spi_flash_top.v Line: 30
Info (12021): Found 0 design units, including 0 entities, in source file spi_flash_defines.v
Info (12021): Found 1 design units, including 1 entities, in source file spi_flash_ctrl.v
    Info (12023): Found entity 1: spi_flash_ctrl File: D:/Github/OpenRSIC-V/rsic/uart_flash/spi_flash_ctrl.v Line: 30
Info (12021): Found 1 design units, including 1 entities, in source file spi_flash_cmd.v
    Info (12023): Found entity 1: spi_flash_cmd File: D:/Github/OpenRSIC-V/rsic/uart_flash/spi_flash_cmd.v Line: 30
Info (12127): Elaborating entity "uart_test" for the top level hierarchy
Warning (10230): Verilog HDL assignment warning at uart_test.v(154): truncated value with size 32 to match size of target (24) File: D:/Github/OpenRSIC-V/rsic/uart_flash/uart_test.v Line: 154
Warning (10240): Verilog HDL Always Construct warning at uart_test.v(112): inferring latch(es) for variable "flash_write", which holds its previous value in one or more paths through the always construct File: D:/Github/OpenRSIC-V/rsic/uart_flash/uart_test.v Line: 112
Warning (10240): Verilog HDL Always Construct warning at uart_test.v(112): inferring latch(es) for variable "flash_bulk_erase", which holds its previous value in one or more paths through the always construct File: D:/Github/OpenRSIC-V/rsic/uart_flash/uart_test.v Line: 112
Warning (10240): Verilog HDL Always Construct warning at uart_test.v(112): inferring latch(es) for variable "flash_sector_erase", which holds its previous value in one or more paths through the always construct File: D:/Github/OpenRSIC-V/rsic/uart_flash/uart_test.v Line: 112
Warning (10240): Verilog HDL Always Construct warning at uart_test.v(112): inferring latch(es) for variable "flash_write_addr", which holds its previous value in one or more paths through the always construct File: D:/Github/OpenRSIC-V/rsic/uart_flash/uart_test.v Line: 112
Warning (10240): Verilog HDL Always Construct warning at uart_test.v(112): inferring latch(es) for variable "flash_sector_addr", which holds its previous value in one or more paths through the always construct File: D:/Github/OpenRSIC-V/rsic/uart_flash/uart_test.v Line: 112
Warning (10240): Verilog HDL Always Construct warning at uart_test.v(112): inferring latch(es) for variable "flash_write_data_in", which holds its previous value in one or more paths through the always construct File: D:/Github/OpenRSIC-V/rsic/uart_flash/uart_test.v Line: 112
Info (10041): Inferred latch for "flash_write_data_in[0]" at uart_test.v(112) File: D:/Github/OpenRSIC-V/rsic/uart_flash/uart_test.v Line: 112
Info (10041): Inferred latch for "flash_write_data_in[1]" at uart_test.v(112) File: D:/Github/OpenRSIC-V/rsic/uart_flash/uart_test.v Line: 112
Info (10041): Inferred latch for "flash_write_data_in[2]" at uart_test.v(112) File: D:/Github/OpenRSIC-V/rsic/uart_flash/uart_test.v Line: 112
Info (10041): Inferred latch for "flash_write_data_in[3]" at uart_test.v(112) File: D:/Github/OpenRSIC-V/rsic/uart_flash/uart_test.v Line: 112
Info (10041): Inferred latch for "flash_write_data_in[4]" at uart_test.v(112) File: D:/Github/OpenRSIC-V/rsic/uart_flash/uart_test.v Line: 112
Info (10041): Inferred latch for "flash_write_data_in[5]" at uart_test.v(112) File: D:/Github/OpenRSIC-V/rsic/uart_flash/uart_test.v Line: 112
Info (10041): Inferred latch for "flash_write_data_in[6]" at uart_test.v(112) File: D:/Github/OpenRSIC-V/rsic/uart_flash/uart_test.v Line: 112
Info (10041): Inferred latch for "flash_write_data_in[7]" at uart_test.v(112) File: D:/Github/OpenRSIC-V/rsic/uart_flash/uart_test.v Line: 112
Info (10041): Inferred latch for "flash_sector_addr[0]" at uart_test.v(112) File: D:/Github/OpenRSIC-V/rsic/uart_flash/uart_test.v Line: 112
Info (10041): Inferred latch for "flash_sector_addr[1]" at uart_test.v(112) File: D:/Github/OpenRSIC-V/rsic/uart_flash/uart_test.v Line: 112
Info (10041): Inferred latch for "flash_sector_addr[2]" at uart_test.v(112) File: D:/Github/OpenRSIC-V/rsic/uart_flash/uart_test.v Line: 112
Info (10041): Inferred latch for "flash_sector_addr[3]" at uart_test.v(112) File: D:/Github/OpenRSIC-V/rsic/uart_flash/uart_test.v Line: 112
Info (10041): Inferred latch for "flash_sector_addr[4]" at uart_test.v(112) File: D:/Github/OpenRSIC-V/rsic/uart_flash/uart_test.v Line: 112
Info (10041): Inferred latch for "flash_sector_addr[5]" at uart_test.v(112) File: D:/Github/OpenRSIC-V/rsic/uart_flash/uart_test.v Line: 112
Info (10041): Inferred latch for "flash_sector_addr[6]" at uart_test.v(112) File: D:/Github/OpenRSIC-V/rsic/uart_flash/uart_test.v Line: 112
Info (10041): Inferred latch for "flash_sector_addr[7]" at uart_test.v(112) File: D:/Github/OpenRSIC-V/rsic/uart_flash/uart_test.v Line: 112
Info (10041): Inferred latch for "flash_sector_addr[8]" at uart_test.v(112) File: D:/Github/OpenRSIC-V/rsic/uart_flash/uart_test.v Line: 112
Info (10041): Inferred latch for "flash_sector_addr[9]" at uart_test.v(112) File: D:/Github/OpenRSIC-V/rsic/uart_flash/uart_test.v Line: 112
Info (10041): Inferred latch for "flash_sector_addr[10]" at uart_test.v(112) File: D:/Github/OpenRSIC-V/rsic/uart_flash/uart_test.v Line: 112
Info (10041): Inferred latch for "flash_sector_addr[11]" at uart_test.v(112) File: D:/Github/OpenRSIC-V/rsic/uart_flash/uart_test.v Line: 112
Info (10041): Inferred latch for "flash_sector_addr[12]" at uart_test.v(112) File: D:/Github/OpenRSIC-V/rsic/uart_flash/uart_test.v Line: 112
Info (10041): Inferred latch for "flash_sector_addr[13]" at uart_test.v(112) File: D:/Github/OpenRSIC-V/rsic/uart_flash/uart_test.v Line: 112
Info (10041): Inferred latch for "flash_sector_addr[14]" at uart_test.v(112) File: D:/Github/OpenRSIC-V/rsic/uart_flash/uart_test.v Line: 112
Info (10041): Inferred latch for "flash_sector_addr[15]" at uart_test.v(112) File: D:/Github/OpenRSIC-V/rsic/uart_flash/uart_test.v Line: 112
Info (10041): Inferred latch for "flash_sector_addr[16]" at uart_test.v(112) File: D:/Github/OpenRSIC-V/rsic/uart_flash/uart_test.v Line: 112
Info (10041): Inferred latch for "flash_sector_addr[17]" at uart_test.v(112) File: D:/Github/OpenRSIC-V/rsic/uart_flash/uart_test.v Line: 112
Info (10041): Inferred latch for "flash_sector_addr[18]" at uart_test.v(112) File: D:/Github/OpenRSIC-V/rsic/uart_flash/uart_test.v Line: 112
Info (10041): Inferred latch for "flash_sector_addr[19]" at uart_test.v(112) File: D:/Github/OpenRSIC-V/rsic/uart_flash/uart_test.v Line: 112
Info (10041): Inferred latch for "flash_sector_addr[20]" at uart_test.v(112) File: D:/Github/OpenRSIC-V/rsic/uart_flash/uart_test.v Line: 112
Info (10041): Inferred latch for "flash_sector_addr[21]" at uart_test.v(112) File: D:/Github/OpenRSIC-V/rsic/uart_flash/uart_test.v Line: 112
Info (10041): Inferred latch for "flash_sector_addr[22]" at uart_test.v(112) File: D:/Github/OpenRSIC-V/rsic/uart_flash/uart_test.v Line: 112
Info (10041): Inferred latch for "flash_sector_addr[23]" at uart_test.v(112) File: D:/Github/OpenRSIC-V/rsic/uart_flash/uart_test.v Line: 112
Info (10041): Inferred latch for "flash_write_addr[0]" at uart_test.v(112) File: D:/Github/OpenRSIC-V/rsic/uart_flash/uart_test.v Line: 112
Info (10041): Inferred latch for "flash_write_addr[1]" at uart_test.v(112) File: D:/Github/OpenRSIC-V/rsic/uart_flash/uart_test.v Line: 112
Info (10041): Inferred latch for "flash_write_addr[2]" at uart_test.v(112) File: D:/Github/OpenRSIC-V/rsic/uart_flash/uart_test.v Line: 112
Info (10041): Inferred latch for "flash_write_addr[3]" at uart_test.v(112) File: D:/Github/OpenRSIC-V/rsic/uart_flash/uart_test.v Line: 112
Info (10041): Inferred latch for "flash_write_addr[4]" at uart_test.v(112) File: D:/Github/OpenRSIC-V/rsic/uart_flash/uart_test.v Line: 112
Info (10041): Inferred latch for "flash_write_addr[5]" at uart_test.v(112) File: D:/Github/OpenRSIC-V/rsic/uart_flash/uart_test.v Line: 112
Info (10041): Inferred latch for "flash_write_addr[6]" at uart_test.v(112) File: D:/Github/OpenRSIC-V/rsic/uart_flash/uart_test.v Line: 112
Info (10041): Inferred latch for "flash_write_addr[7]" at uart_test.v(112) File: D:/Github/OpenRSIC-V/rsic/uart_flash/uart_test.v Line: 112
Info (10041): Inferred latch for "flash_write_addr[8]" at uart_test.v(112) File: D:/Github/OpenRSIC-V/rsic/uart_flash/uart_test.v Line: 112
Info (10041): Inferred latch for "flash_write_addr[9]" at uart_test.v(112) File: D:/Github/OpenRSIC-V/rsic/uart_flash/uart_test.v Line: 112
Info (10041): Inferred latch for "flash_write_addr[10]" at uart_test.v(112) File: D:/Github/OpenRSIC-V/rsic/uart_flash/uart_test.v Line: 112
Info (10041): Inferred latch for "flash_write_addr[11]" at uart_test.v(112) File: D:/Github/OpenRSIC-V/rsic/uart_flash/uart_test.v Line: 112
Info (10041): Inferred latch for "flash_write_addr[12]" at uart_test.v(112) File: D:/Github/OpenRSIC-V/rsic/uart_flash/uart_test.v Line: 112
Info (10041): Inferred latch for "flash_write_addr[13]" at uart_test.v(112) File: D:/Github/OpenRSIC-V/rsic/uart_flash/uart_test.v Line: 112
Info (10041): Inferred latch for "flash_write_addr[14]" at uart_test.v(112) File: D:/Github/OpenRSIC-V/rsic/uart_flash/uart_test.v Line: 112
Info (10041): Inferred latch for "flash_write_addr[15]" at uart_test.v(112) File: D:/Github/OpenRSIC-V/rsic/uart_flash/uart_test.v Line: 112
Info (10041): Inferred latch for "flash_write_addr[16]" at uart_test.v(112) File: D:/Github/OpenRSIC-V/rsic/uart_flash/uart_test.v Line: 112
Info (10041): Inferred latch for "flash_write_addr[17]" at uart_test.v(112) File: D:/Github/OpenRSIC-V/rsic/uart_flash/uart_test.v Line: 112
Info (10041): Inferred latch for "flash_write_addr[18]" at uart_test.v(112) File: D:/Github/OpenRSIC-V/rsic/uart_flash/uart_test.v Line: 112
Info (10041): Inferred latch for "flash_write_addr[19]" at uart_test.v(112) File: D:/Github/OpenRSIC-V/rsic/uart_flash/uart_test.v Line: 112
Info (10041): Inferred latch for "flash_write_addr[20]" at uart_test.v(112) File: D:/Github/OpenRSIC-V/rsic/uart_flash/uart_test.v Line: 112
Info (10041): Inferred latch for "flash_write_addr[21]" at uart_test.v(112) File: D:/Github/OpenRSIC-V/rsic/uart_flash/uart_test.v Line: 112
Info (10041): Inferred latch for "flash_write_addr[22]" at uart_test.v(112) File: D:/Github/OpenRSIC-V/rsic/uart_flash/uart_test.v Line: 112
Info (10041): Inferred latch for "flash_write_addr[23]" at uart_test.v(112) File: D:/Github/OpenRSIC-V/rsic/uart_flash/uart_test.v Line: 112
Info (10041): Inferred latch for "flash_sector_erase" at uart_test.v(112) File: D:/Github/OpenRSIC-V/rsic/uart_flash/uart_test.v Line: 112
Info (10041): Inferred latch for "flash_bulk_erase" at uart_test.v(112) File: D:/Github/OpenRSIC-V/rsic/uart_flash/uart_test.v Line: 112
Info (10041): Inferred latch for "flash_write" at uart_test.v(112) File: D:/Github/OpenRSIC-V/rsic/uart_flash/uart_test.v Line: 112
Info (12128): Elaborating entity "uart_rx" for hierarchy "uart_rx:uart_rx_inst" File: D:/Github/OpenRSIC-V/rsic/uart_flash/uart_test.v Line: 177
Info (12128): Elaborating entity "uart_tx" for hierarchy "uart_tx:uart_tx_inst" File: D:/Github/OpenRSIC-V/rsic/uart_flash/uart_test.v Line: 191
Info (12128): Elaborating entity "spi_flash_top" for hierarchy "spi_flash_top:spi_flash_top_m0" File: D:/Github/OpenRSIC-V/rsic/uart_flash/uart_test.v Line: 219
Info (12128): Elaborating entity "spi_flash_ctrl" for hierarchy "spi_flash_top:spi_flash_top_m0|spi_flash_ctrl:spi_flash_ctrl_m0" File: D:/Github/OpenRSIC-V/rsic/uart_flash/spi_flash_top.v Line: 94
Info (10264): Verilog HDL Case Statement information at spi_flash_ctrl.v(148): all case item expressions in this case statement are onehot File: D:/Github/OpenRSIC-V/rsic/uart_flash/spi_flash_ctrl.v Line: 148
Info (10264): Verilog HDL Case Statement information at spi_flash_ctrl.v(171): all case item expressions in this case statement are onehot File: D:/Github/OpenRSIC-V/rsic/uart_flash/spi_flash_ctrl.v Line: 171
Info (10264): Verilog HDL Case Statement information at spi_flash_ctrl.v(230): all case item expressions in this case statement are onehot File: D:/Github/OpenRSIC-V/rsic/uart_flash/spi_flash_ctrl.v Line: 230
Info (12128): Elaborating entity "spi_flash_cmd" for hierarchy "spi_flash_top:spi_flash_top_m0|spi_flash_cmd:spi_flash_cmd_m0" File: D:/Github/OpenRSIC-V/rsic/uart_flash/spi_flash_top.v Line: 120
Info (12128): Elaborating entity "spi_master" for hierarchy "spi_flash_top:spi_flash_top_m0|spi_master:spi_master_m0" File: D:/Github/OpenRSIC-V/rsic/uart_flash/spi_flash_top.v Line: 137
Info (13000): Registers with preset signals will power-up high File: D:/Github/OpenRSIC-V/rsic/uart_flash/uart_tx.v Line: 149
Info (13003): DEV_CLRn pin will set, and not reset, register with preset signal due to NOT Gate Push-Back
Info (286030): Timing-Driven Synthesis is running
Info (17049): 21 registers lost all their fanouts during netlist optimizations.
Info (16010): Generating hard_block partition "hard_block:auto_generated_inst"
    Info (16011): Adding 0 node(s), including 0 DDIO, 0 PLL, 0 transceiver and 0 LCELL
Info (21057): Implemented 437 device resources after synthesis - the final resource count might be different
    Info (21058): Implemented 4 input pins
    Info (21059): Implemented 4 output pins
    Info (21061): Implemented 429 logic cells
Info: Quartus Prime Analysis & Synthesis was successful. 0 errors, 8 warnings
    Info: Peak virtual memory: 4765 megabytes
    Info: Processing ended: Wed Apr 13 18:22:09 2022
    Info: Elapsed time: 00:00:12
    Info: Total CPU time (on all processors): 00:00:26


