Flow report for wishbone
Wed Apr 27 15:54:12 2022
Quartus Prime Version 18.1.0 Build 625 09/12/2018 SJ Standard Edition


---------------------
; Table of Contents ;
---------------------
  1. Legal Notice
  2. Flow Summary
  3. Flow Settings
  4. Flow Non-Default Global Settings
  5. Flow Elapsed Time
  6. Flow OS Summary
  7. Flow Log
  8. Flow Messages
  9. Flow Suppressed Messages



----------------
; Legal Notice ;
----------------
Copyright (C) 2018  Intel Corporation. All rights reserved.
Your use of Intel Corporation's design tools, logic functions 
and other software and tools, and its AMPP partner logic 
functions, and any output files from any of the foregoing 
(including device programming or simulation files), and any 
associated documentation or information are expressly subject 
to the terms and conditions of the Intel Program License 
Subscription Agreement, the Intel Quartus Prime License Agreement,
the Intel FPGA IP License Agreement, or other applicable license
agreement, including, without limitation, that your use is for
the sole purpose of programming logic devices manufactured by
Intel and sold by Intel or its authorized distributors.  Please
refer to the applicable agreement for further details.



+--------------------------------------------------------------------------------------+
; Flow Summary                                                                         ;
+------------------------------------+-------------------------------------------------+
; Flow Status                        ; Successful - Wed Apr 27 15:54:12 2022           ;
; Quartus Prime Version              ; 18.1.0 Build 625 09/12/2018 SJ Standard Edition ;
; Revision Name                      ; wishbone                                        ;
; Top-level Entity Name              ; openmips_min_sopc                               ;
; Family                             ; Cyclone IV E                                    ;
; Device                             ; EP4CE6F17C8                                     ;
; Timing Models                      ; Final                                           ;
; Total logic elements               ; 5,892 / 6,272 ( 94 % )                          ;
;     Total combinational functions  ; 5,532 / 6,272 ( 88 % )                          ;
;     Dedicated logic registers      ; 2,010 / 6,272 ( 32 % )                          ;
; Total registers                    ; 2010                                            ;
; Total pins                         ; 52 / 180 ( 29 % )                               ;
; Total virtual pins                 ; 0                                               ;
; Total memory bits                  ; 256 / 276,480 ( < 1 % )                         ;
; Embedded Multiplier 9-bit elements ; 8 / 30 ( 27 % )                                 ;
; Total PLLs                         ; 0 / 2 ( 0 % )                                   ;
+------------------------------------+-------------------------------------------------+


+-----------------------------------------+
; Flow Settings                           ;
+-------------------+---------------------+
; Option            ; Setting             ;
+-------------------+---------------------+
; Start date & time ; 04/27/2022 15:50:49 ;
; Main task         ; Compilation         ;
; Revision Name     ; wishbone            ;
+-------------------+---------------------+


+-----------------------------------------------------------------------------------------------------------------------------------+
; Flow Non-Default Global Settings                                                                                                  ;
+-------------------------------------+----------------------------------------+---------------+-------------------+----------------+
; Assignment Name                     ; Value                                  ; Default Value ; Entity Name       ; Section Id     ;
+-------------------------------------+----------------------------------------+---------------+-------------------+----------------+
; COMPILER_SIGNATURE_ID               ; 1095852649780.165104584817008          ; --            ; --                ; --             ;
; EDA_OUTPUT_DATA_FORMAT              ; Verilog Hdl                            ; --            ; --                ; eda_simulation ;
; EDA_SIMULATION_TOOL                 ; ModelSim-Altera (Verilog)              ; <None>        ; --                ; --             ;
; EDA_TIME_SCALE                      ; 1 ps                                   ; --            ; --                ; eda_simulation ;
; ENABLE_SIGNALTAP                    ; On                                     ; --            ; --                ; --             ;
; MAX_CORE_JUNCTION_TEMP              ; 85                                     ; --            ; --                ; --             ;
; MIN_CORE_JUNCTION_TEMP              ; 0                                      ; --            ; --                ; --             ;
; NOMINAL_CORE_SUPPLY_VOLTAGE         ; 1.2V                                   ; --            ; --                ; --             ;
; OUTPUT_IO_TIMING_FAR_END_VMEAS      ; Half Signal Swing                      ; --            ; --                ; --             ;
; OUTPUT_IO_TIMING_FAR_END_VMEAS      ; Half Signal Swing                      ; --            ; --                ; --             ;
; OUTPUT_IO_TIMING_NEAR_END_VMEAS     ; Half Vccio                             ; --            ; --                ; --             ;
; OUTPUT_IO_TIMING_NEAR_END_VMEAS     ; Half Vccio                             ; --            ; --                ; --             ;
; PARTITION_COLOR                     ; -- (Not supported for targeted family) ; --            ; openmips_min_sopc ; Top            ;
; PARTITION_FITTER_PRESERVATION_LEVEL ; -- (Not supported for targeted family) ; --            ; openmips_min_sopc ; Top            ;
; PARTITION_NETLIST_TYPE              ; -- (Not supported for targeted family) ; --            ; openmips_min_sopc ; Top            ;
; POWER_BOARD_THERMAL_MODEL           ; None (CONSERVATIVE)                    ; --            ; --                ; --             ;
; POWER_PRESET_COOLING_SOLUTION       ; 23 MM HEAT SINK WITH 200 LFPM AIRFLOW  ; --            ; --                ; --             ;
; PROJECT_OUTPUT_DIRECTORY            ; output_files                           ; --            ; --                ; --             ;
; TOP_LEVEL_ENTITY                    ; openmips_min_sopc                      ; wishbone      ; --                ; --             ;
; USE_SIGNALTAP_FILE                  ; output_files/stp1.stp                  ; --            ; --                ; --             ;
+-------------------------------------+----------------------------------------+---------------+-------------------+----------------+


+--------------------------------------------------------------------------------------------------------------------------+
; Flow Elapsed Time                                                                                                        ;
+----------------------+--------------+-------------------------+---------------------+------------------------------------+
; Module Name          ; Elapsed Time ; Average Processors Used ; Peak Virtual Memory ; Total CPU Time (on all processors) ;
+----------------------+--------------+-------------------------+---------------------+------------------------------------+
; Analysis & Synthesis ; 00:00:43     ; 1.0                     ; 4906 MB             ; 00:00:58                           ;
; Fitter               ; 00:02:14     ; 1.1                     ; 5684 MB             ; 00:02:48                           ;
; Assembler            ; 00:00:02     ; 1.0                     ; 4693 MB             ; 00:00:02                           ;
; Timing Analyzer      ; 00:00:10     ; 1.7                     ; 4827 MB             ; 00:00:11                           ;
; EDA Netlist Writer   ; 00:00:08     ; 1.0                     ; 4707 MB             ; 00:00:08                           ;
; Total                ; 00:03:17     ; --                      ; --                  ; 00:04:07                           ;
+----------------------+--------------+-------------------------+---------------------+------------------------------------+


+------------------------------------------------------------------------------------+
; Flow OS Summary                                                                    ;
+----------------------+------------------+------------+------------+----------------+
; Module Name          ; Machine Hostname ; OS Name    ; OS Version ; Processor type ;
+----------------------+------------------+------------+------------+----------------+
; Analysis & Synthesis ; DESKTOP-GQIK7MQ  ; Windows 10 ; 10.0       ; x86_64         ;
; Fitter               ; DESKTOP-GQIK7MQ  ; Windows 10 ; 10.0       ; x86_64         ;
; Assembler            ; DESKTOP-GQIK7MQ  ; Windows 10 ; 10.0       ; x86_64         ;
; Timing Analyzer      ; DESKTOP-GQIK7MQ  ; Windows 10 ; 10.0       ; x86_64         ;
; EDA Netlist Writer   ; DESKTOP-GQIK7MQ  ; Windows 10 ; 10.0       ; x86_64         ;
+----------------------+------------------+------------+------------+----------------+


------------
; Flow Log ;
------------
quartus_map --read_settings_files=on --write_settings_files=off wishbone -c wishbone
quartus_fit --read_settings_files=off --write_settings_files=off wishbone -c wishbone
quartus_asm --read_settings_files=off --write_settings_files=off wishbone -c wishbone
quartus_sta wishbone -c wishbone
quartus_eda --read_settings_files=off --write_settings_files=off wishbone -c wishbone



