Analysis & Synthesis report for ori
Fri Apr 15 17:16:50 2022
Quartus Prime Version 18.1.0 Build 625 09/12/2018 SJ Standard Edition


---------------------
; Table of Contents ;
---------------------
  1. Legal Notice
  2. Analysis & Synthesis Summary
  3. Analysis & Synthesis Settings
  4. Parallel Compilation
  5. Analysis & Synthesis Source Files Read
  6. Analysis & Synthesis Resource Usage Summary
  7. Analysis & Synthesis Resource Utilization by Entity
  8. Registers Removed During Synthesis
  9. Removed Registers Triggering Further Register Optimizations
 10. General Register Statistics
 11. Multiplexer Restructuring Statistics (Restructuring Performed)
 12. Post-Synthesis Netlist Statistics for Top Partition
 13. Elapsed Time Per Partition
 14. Analysis & Synthesis Messages



----------------
; Legal Notice ;
----------------
Copyright (C) 2018  Intel Corporation. All rights reserved.
Your use of Intel Corporation's design tools, logic functions 
and other software and tools, and its AMPP partner logic 
functions, and any output files from any of the foregoing 
(including device programming or simulation files), and any 
associated documentation or information are expressly subject 
to the terms and conditions of the Intel Program License 
Subscription Agreement, the Intel Quartus Prime License Agreement,
the Intel FPGA IP License Agreement, or other applicable license
agreement, including, without limitation, that your use is for
the sole purpose of programming logic devices manufactured by
Intel and sold by Intel or its authorized distributors.  Please
refer to the applicable agreement for further details.



+--------------------------------------------------------------------------------------+
; Analysis & Synthesis Summary                                                         ;
+------------------------------------+-------------------------------------------------+
; Analysis & Synthesis Status        ; Successful - Fri Apr 15 17:16:50 2022           ;
; Quartus Prime Version              ; 18.1.0 Build 625 09/12/2018 SJ Standard Edition ;
; Revision Name                      ; ori                                             ;
; Top-level Entity Name              ; openmips_min_sopc                               ;
; Family                             ; Cyclone IV E                                    ;
; Total logic elements               ; 38                                              ;
;     Total combinational functions  ; 38                                              ;
;     Dedicated logic registers      ; 28                                              ;
; Total registers                    ; 28                                              ;
; Total pins                         ; 34                                              ;
; Total virtual pins                 ; 0                                               ;
; Total memory bits                  ; 0                                               ;
; Embedded Multiplier 9-bit elements ; 0                                               ;
; Total PLLs                         ; 0                                               ;
+------------------------------------+-------------------------------------------------+


+------------------------------------------------------------------------------------------------------------+
; Analysis & Synthesis Settings                                                                              ;
+------------------------------------------------------------------+--------------------+--------------------+
; Option                                                           ; Setting            ; Default Value      ;
+------------------------------------------------------------------+--------------------+--------------------+
; Device                                                           ; EP4CE6F17C8        ;                    ;
; Top-level entity name                                            ; openmips_min_sopc  ; ori                ;
; Family name                                                      ; Cyclone IV E       ; Cyclone V          ;
; Use smart compilation                                            ; Off                ; Off                ;
; Enable parallel Assembler and Timing Analyzer during compilation ; On                 ; On                 ;
; Enable compact report table                                      ; Off                ; Off                ;
; Restructure Multiplexers                                         ; Auto               ; Auto               ;
; Create Debugging Nodes for IP Cores                              ; Off                ; Off                ;
; Preserve fewer node names                                        ; On                 ; On                 ;
; Intel FPGA IP Evaluation Mode                                    ; Enable             ; Enable             ;
; Verilog Version                                                  ; Verilog_2001       ; Verilog_2001       ;
; VHDL Version                                                     ; VHDL_1993          ; VHDL_1993          ;
; State Machine Processing                                         ; Auto               ; Auto               ;
; Safe State Machine                                               ; Off                ; Off                ;
; Extract Verilog State Machines                                   ; On                 ; On                 ;
; Extract VHDL State Machines                                      ; On                 ; On                 ;
; Ignore Verilog initial constructs                                ; Off                ; Off                ;
; Iteration limit for constant Verilog loops                       ; 5000               ; 5000               ;
; Iteration limit for non-constant Verilog loops                   ; 250                ; 250                ;
; Add Pass-Through Logic to Inferred RAMs                          ; On                 ; On                 ;
; Infer RAMs from Raw Logic                                        ; On                 ; On                 ;
; Parallel Synthesis                                               ; On                 ; On                 ;
; DSP Block Balancing                                              ; Auto               ; Auto               ;
; NOT Gate Push-Back                                               ; On                 ; On                 ;
; Power-Up Don't Care                                              ; On                 ; On                 ;
; Remove Redundant Logic Cells                                     ; Off                ; Off                ;
; Remove Duplicate Registers                                       ; On                 ; On                 ;
; Ignore CARRY Buffers                                             ; Off                ; Off                ;
; Ignore CASCADE Buffers                                           ; Off                ; Off                ;
; Ignore GLOBAL Buffers                                            ; Off                ; Off                ;
; Ignore ROW GLOBAL Buffers                                        ; Off                ; Off                ;
; Ignore LCELL Buffers                                             ; Off                ; Off                ;
; Ignore SOFT Buffers                                              ; On                 ; On                 ;
; Limit AHDL Integers to 32 Bits                                   ; Off                ; Off                ;
; Optimization Technique                                           ; Balanced           ; Balanced           ;
; Carry Chain Length                                               ; 70                 ; 70                 ;
; Auto Carry Chains                                                ; On                 ; On                 ;
; Auto Open-Drain Pins                                             ; On                 ; On                 ;
; Perform WYSIWYG Primitive Resynthesis                            ; Off                ; Off                ;
; Auto ROM Replacement                                             ; On                 ; On                 ;
; Auto RAM Replacement                                             ; On                 ; On                 ;
; Auto DSP Block Replacement                                       ; On                 ; On                 ;
; Auto Shift Register Replacement                                  ; Auto               ; Auto               ;
; Allow Shift Register Merging across Hierarchies                  ; Auto               ; Auto               ;
; Auto Clock Enable Replacement                                    ; On                 ; On                 ;
; Strict RAM Replacement                                           ; Off                ; Off                ;
; Allow Synchronous Control Signals                                ; On                 ; On                 ;
; Force Use of Synchronous Clear Signals                           ; Off                ; Off                ;
; Auto RAM Block Balancing                                         ; On                 ; On                 ;
; Auto RAM to Logic Cell Conversion                                ; Off                ; Off                ;
; Auto Resource Sharing                                            ; Off                ; Off                ;
; Allow Any RAM Size For Recognition                               ; Off                ; Off                ;
; Allow Any ROM Size For Recognition                               ; Off                ; Off                ;
; Allow Any Shift Register Size For Recognition                    ; Off                ; Off                ;
; Use LogicLock Constraints during Resource Balancing              ; On                 ; On                 ;
; Ignore translate_off and synthesis_off directives                ; Off                ; Off                ;
; Timing-Driven Synthesis                                          ; On                 ; On                 ;
; Report Parameter Settings                                        ; On                 ; On                 ;
; Report Source Assignments                                        ; On                 ; On                 ;
; Report Connectivity Checks                                       ; On                 ; On                 ;
; Ignore Maximum Fan-Out Assignments                               ; Off                ; Off                ;
; Synchronization Register Chain Length                            ; 2                  ; 2                  ;
; Power Optimization During Synthesis                              ; Normal compilation ; Normal compilation ;
; HDL message level                                                ; Level2             ; Level2             ;
; Suppress Register Optimization Related Messages                  ; Off                ; Off                ;
; Number of Removed Registers Reported in Synthesis Report         ; 5000               ; 5000               ;
; Number of Swept Nodes Reported in Synthesis Report               ; 5000               ; 5000               ;
; Number of Inverted Registers Reported in Synthesis Report        ; 100                ; 100                ;
; Clock MUX Protection                                             ; On                 ; On                 ;
; Auto Gated Clock Conversion                                      ; Off                ; Off                ;
; Block Design Naming                                              ; Auto               ; Auto               ;
; SDC constraint protection                                        ; Off                ; Off                ;
; Synthesis Effort                                                 ; Auto               ; Auto               ;
; Shift Register Replacement - Allow Asynchronous Clear Signal     ; On                 ; On                 ;
; Pre-Mapping Resynthesis Optimization                             ; Off                ; Off                ;
; Analysis & Synthesis Message Level                               ; Medium             ; Medium             ;
; Disable Register Merging Across Hierarchies                      ; Auto               ; Auto               ;
; Resource Aware Inference For Block RAM                           ; On                 ; On                 ;
+------------------------------------------------------------------+--------------------+--------------------+


+------------------------------------------+
; Parallel Compilation                     ;
+----------------------------+-------------+
; Processors                 ; Number      ;
+----------------------------+-------------+
; Number detected on machine ; 8           ;
; Maximum allowed            ; 4           ;
;                            ;             ;
; Average used               ; 1.00        ;
; Maximum used               ; 4           ;
;                            ;             ;
; Usage by Processor         ; % Time Used ;
;     Processor 1            ; 100.0%      ;
;     Processors 2-4         ;   0.0%      ;
+----------------------------+-------------+


+---------------------------------------------------------------------------------------------------------------------------------------------------+
; Analysis & Synthesis Source Files Read                                                                                                            ;
+----------------------------------+-----------------+------------------------------+-----------------------------------------------------+---------+
; File Name with User-Entered Path ; Used in Netlist ; File Type                    ; File Name with Absolute Path                        ; Library ;
+----------------------------------+-----------------+------------------------------+-----------------------------------------------------+---------+
; regfile.v                        ; yes             ; User Verilog HDL File        ; D:/Github/OpenRSIC-V/rsic/1_ori/regfile.v           ;         ;
; pc_reg.v                         ; yes             ; User Verilog HDL File        ; D:/Github/OpenRSIC-V/rsic/1_ori/pc_reg.v            ;         ;
; openmips_min_sopc.v              ; yes             ; User Verilog HDL File        ; D:/Github/OpenRSIC-V/rsic/1_ori/openmips_min_sopc.v ;         ;
; openmips.v                       ; yes             ; User Verilog HDL File        ; D:/Github/OpenRSIC-V/rsic/1_ori/openmips.v          ;         ;
; mem_wb.v                         ; yes             ; User Verilog HDL File        ; D:/Github/OpenRSIC-V/rsic/1_ori/mem_wb.v            ;         ;
; mem.v                            ; yes             ; User Verilog HDL File        ; D:/Github/OpenRSIC-V/rsic/1_ori/mem.v               ;         ;
; inst_rom.v                       ; yes             ; User Verilog HDL File        ; D:/Github/OpenRSIC-V/rsic/1_ori/inst_rom.v          ;         ;
; if_id.v                          ; yes             ; User Verilog HDL File        ; D:/Github/OpenRSIC-V/rsic/1_ori/if_id.v             ;         ;
; id_ex.v                          ; yes             ; User Verilog HDL File        ; D:/Github/OpenRSIC-V/rsic/1_ori/id_ex.v             ;         ;
; id.v                             ; yes             ; User Verilog HDL File        ; D:/Github/OpenRSIC-V/rsic/1_ori/id.v                ;         ;
; ex_mem.v                         ; yes             ; User Verilog HDL File        ; D:/Github/OpenRSIC-V/rsic/1_ori/ex_mem.v            ;         ;
; ex.v                             ; yes             ; User Verilog HDL File        ; D:/Github/OpenRSIC-V/rsic/1_ori/ex.v                ;         ;
; defines.v                        ; yes             ; User Verilog HDL File        ; D:/Github/OpenRSIC-V/rsic/1_ori/defines.v           ;         ;
; inst_rom.data                    ; yes             ; Auto-Found Unspecified File  ; D:/Github/OpenRSIC-V/rsic/1_ori/inst_rom.data       ;         ;
+----------------------------------+-----------------+------------------------------+-----------------------------------------------------+---------+


+---------------------------------------------------------+
; Analysis & Synthesis Resource Usage Summary             ;
+---------------------------------------------+-----------+
; Resource                                    ; Usage     ;
+---------------------------------------------+-----------+
; Estimated Total logic elements              ; 38        ;
;                                             ;           ;
; Total combinational functions               ; 38        ;
; Logic element usage by number of LUT inputs ;           ;
;     -- 4 input functions                    ; 7         ;
;     -- 3 input functions                    ; 11        ;
;     -- <=2 input functions                  ; 20        ;
;                                             ;           ;
; Logic elements by mode                      ;           ;
;     -- normal mode                          ; 22        ;
;     -- arithmetic mode                      ; 16        ;
;                                             ;           ;
; Total registers                             ; 28        ;
;     -- Dedicated logic registers            ; 28        ;
;     -- I/O registers                        ; 0         ;
;                                             ;           ;
; I/O pins                                    ; 34        ;
;                                             ;           ;
; Embedded Multiplier 9-bit elements          ; 0         ;
;                                             ;           ;
; Maximum fan-out node                        ; clk~input ;
; Maximum fan-out                             ; 28        ;
; Total fan-out                               ; 238       ;
; Average fan-out                             ; 1.78      ;
+---------------------------------------------+-----------+


+-------------------------------------------------------------------------------------------------------------------------------------------------------------------------------------------------------------------------------------------------+
; Analysis & Synthesis Resource Utilization by Entity                                                                                                                                                                                             ;
+----------------------------+---------------------+---------------------------+-------------+--------------+---------+-----------+------+--------------+------------------------------------------------------+-------------------+--------------+
; Compilation Hierarchy Node ; Combinational ALUTs ; Dedicated Logic Registers ; Memory Bits ; DSP Elements ; DSP 9x9 ; DSP 18x18 ; Pins ; Virtual Pins ; Full Hierarchy Name                                  ; Entity Name       ; Library Name ;
+----------------------------+---------------------+---------------------------+-------------+--------------+---------+-----------+------+--------------+------------------------------------------------------+-------------------+--------------+
; |openmips_min_sopc         ; 38 (0)              ; 28 (0)                    ; 0           ; 0            ; 0       ; 0         ; 34   ; 0            ; |openmips_min_sopc                                   ; openmips_min_sopc ; work         ;
;    |inst_rom:inst_rom0|    ; 1 (1)               ; 0 (0)                     ; 0           ; 0            ; 0       ; 0         ; 0    ; 0            ; |openmips_min_sopc|inst_rom:inst_rom0                ; inst_rom          ; work         ;
;    |openmips:openmips0|    ; 37 (0)              ; 28 (0)                    ; 0           ; 0            ; 0       ; 0         ; 0    ; 0            ; |openmips_min_sopc|openmips:openmips0                ; openmips          ; work         ;
;       |ex:ex0|             ; 4 (4)               ; 0 (0)                     ; 0           ; 0            ; 0       ; 0         ; 0    ; 0            ; |openmips_min_sopc|openmips:openmips0|ex:ex0         ; ex                ; work         ;
;       |id_ex:id_ex0|       ; 5 (5)               ; 5 (5)                     ; 0           ; 0            ; 0       ; 0         ; 0    ; 0            ; |openmips_min_sopc|openmips:openmips0|id_ex:id_ex0   ; id_ex             ; work         ;
;       |if_id:if_id0|       ; 10 (10)             ; 5 (5)                     ; 0           ; 0            ; 0       ; 0         ; 0    ; 0            ; |openmips_min_sopc|openmips:openmips0|if_id:if_id0   ; if_id             ; work         ;
;       |pc_reg:pc_reg0|     ; 18 (18)             ; 18 (18)                   ; 0           ; 0            ; 0       ; 0         ; 0    ; 0            ; |openmips_min_sopc|openmips:openmips0|pc_reg:pc_reg0 ; pc_reg            ; work         ;
+----------------------------+---------------------+---------------------------+-------------+--------------+---------+-----------+------+--------------+------------------------------------------------------+-------------------+--------------+
Note: For table entries with two numbers listed, the numbers in parentheses indicate the number of resources of the given type used by the specific entity alone. The numbers listed outside of parentheses indicate the total resources of the given type used by the specific entity and all of its sub-entities in the hierarchy.


+-------------------------------------------------------------------------------------------------------------------------+
; Registers Removed During Synthesis                                                                                      ;
+---------------------------------------------------------------+---------------------------------------------------------+
; Register name                                                 ; Reason for Removal                                      ;
+---------------------------------------------------------------+---------------------------------------------------------+
; openmips:openmips0|id_ex:id_ex0|ex_alusel[1,2]                ; Stuck at GND due to stuck port data_in                  ;
; openmips:openmips0|id_ex:id_ex0|ex_aluop[1,3,4,6,7]           ; Stuck at GND due to stuck port data_in                  ;
; openmips:openmips0|id_ex:id_ex0|ex_aluop[2,5]                 ; Merged with openmips:openmips0|id_ex:id_ex0|ex_aluop[0] ;
; openmips:openmips0|id_ex:id_ex0|ex_alusel[0]                  ; Merged with openmips:openmips0|id_ex:id_ex0|ex_aluop[0] ;
; openmips:openmips0|id_ex:id_ex0|ex_wreg                       ; Merged with openmips:openmips0|id_ex:id_ex0|ex_aluop[0] ;
; openmips:openmips0|id_ex:id_ex0|ex_reg2[12..31]               ; Merged with openmips:openmips0|id_ex:id_ex0|ex_reg2[11] ;
; openmips:openmips0|if_id:if_id0|id_inst[2,3,5,6,10,11,15..19] ; Stuck at GND due to stuck port data_in                  ;
; openmips:openmips0|mem_wb:mem_wb0|wb_wdata[0]                 ; Lost fanout                                             ;
; openmips:openmips0|ex_mem:ex_mem0|mem_wdata[0]                ; Lost fanout                                             ;
; openmips:openmips0|mem_wb:mem_wb0|wb_wdata[1]                 ; Lost fanout                                             ;
; openmips:openmips0|ex_mem:ex_mem0|mem_wdata[1]                ; Lost fanout                                             ;
; openmips:openmips0|mem_wb:mem_wb0|wb_wdata[2]                 ; Lost fanout                                             ;
; openmips:openmips0|ex_mem:ex_mem0|mem_wdata[2]                ; Lost fanout                                             ;
; openmips:openmips0|mem_wb:mem_wb0|wb_wdata[3]                 ; Lost fanout                                             ;
; openmips:openmips0|ex_mem:ex_mem0|mem_wdata[3]                ; Lost fanout                                             ;
; openmips:openmips0|mem_wb:mem_wb0|wb_wdata[4]                 ; Lost fanout                                             ;
; openmips:openmips0|ex_mem:ex_mem0|mem_wdata[4]                ; Lost fanout                                             ;
; openmips:openmips0|mem_wb:mem_wb0|wb_wdata[5]                 ; Lost fanout                                             ;
; openmips:openmips0|ex_mem:ex_mem0|mem_wdata[5]                ; Lost fanout                                             ;
; openmips:openmips0|mem_wb:mem_wb0|wb_wdata[6]                 ; Lost fanout                                             ;
; openmips:openmips0|ex_mem:ex_mem0|mem_wdata[6]                ; Lost fanout                                             ;
; openmips:openmips0|mem_wb:mem_wb0|wb_wdata[7]                 ; Lost fanout                                             ;
; openmips:openmips0|ex_mem:ex_mem0|mem_wdata[7]                ; Lost fanout                                             ;
; openmips:openmips0|mem_wb:mem_wb0|wb_wdata[8]                 ; Lost fanout                                             ;
; openmips:openmips0|ex_mem:ex_mem0|mem_wdata[8]                ; Lost fanout                                             ;
; openmips:openmips0|mem_wb:mem_wb0|wb_wdata[9]                 ; Lost fanout                                             ;
; openmips:openmips0|ex_mem:ex_mem0|mem_wdata[9]                ; Lost fanout                                             ;
; openmips:openmips0|mem_wb:mem_wb0|wb_wdata[10]                ; Lost fanout                                             ;
; openmips:openmips0|ex_mem:ex_mem0|mem_wdata[10]               ; Lost fanout                                             ;
; openmips:openmips0|mem_wb:mem_wb0|wb_wdata[11]                ; Lost fanout                                             ;
; openmips:openmips0|ex_mem:ex_mem0|mem_wdata[11]               ; Lost fanout                                             ;
; openmips:openmips0|mem_wb:mem_wb0|wb_wdata[12]                ; Lost fanout                                             ;
; openmips:openmips0|ex_mem:ex_mem0|mem_wdata[12]               ; Lost fanout                                             ;
; openmips:openmips0|mem_wb:mem_wb0|wb_wdata[13]                ; Lost fanout                                             ;
; openmips:openmips0|ex_mem:ex_mem0|mem_wdata[13]               ; Lost fanout                                             ;
; openmips:openmips0|mem_wb:mem_wb0|wb_wdata[14]                ; Lost fanout                                             ;
; openmips:openmips0|ex_mem:ex_mem0|mem_wdata[14]               ; Lost fanout                                             ;
; openmips:openmips0|mem_wb:mem_wb0|wb_wdata[15]                ; Lost fanout                                             ;
; openmips:openmips0|ex_mem:ex_mem0|mem_wdata[15]               ; Lost fanout                                             ;
; openmips:openmips0|mem_wb:mem_wb0|wb_wdata[16]                ; Lost fanout                                             ;
; openmips:openmips0|ex_mem:ex_mem0|mem_wdata[16]               ; Lost fanout                                             ;
; openmips:openmips0|mem_wb:mem_wb0|wb_wdata[17]                ; Lost fanout                                             ;
; openmips:openmips0|ex_mem:ex_mem0|mem_wdata[17]               ; Lost fanout                                             ;
; openmips:openmips0|mem_wb:mem_wb0|wb_wdata[18]                ; Lost fanout                                             ;
; openmips:openmips0|ex_mem:ex_mem0|mem_wdata[18]               ; Lost fanout                                             ;
; openmips:openmips0|mem_wb:mem_wb0|wb_wdata[19]                ; Lost fanout                                             ;
; openmips:openmips0|ex_mem:ex_mem0|mem_wdata[19]               ; Lost fanout                                             ;
; openmips:openmips0|mem_wb:mem_wb0|wb_wdata[20]                ; Lost fanout                                             ;
; openmips:openmips0|ex_mem:ex_mem0|mem_wdata[20]               ; Lost fanout                                             ;
; openmips:openmips0|mem_wb:mem_wb0|wb_wdata[21]                ; Lost fanout                                             ;
; openmips:openmips0|ex_mem:ex_mem0|mem_wdata[21]               ; Lost fanout                                             ;
; openmips:openmips0|mem_wb:mem_wb0|wb_wdata[22]                ; Lost fanout                                             ;
; openmips:openmips0|ex_mem:ex_mem0|mem_wdata[22]               ; Lost fanout                                             ;
; openmips:openmips0|mem_wb:mem_wb0|wb_wdata[23]                ; Lost fanout                                             ;
; openmips:openmips0|ex_mem:ex_mem0|mem_wdata[23]               ; Lost fanout                                             ;
; openmips:openmips0|mem_wb:mem_wb0|wb_wdata[24]                ; Lost fanout                                             ;
; openmips:openmips0|ex_mem:ex_mem0|mem_wdata[24]               ; Lost fanout                                             ;
; openmips:openmips0|mem_wb:mem_wb0|wb_wdata[25]                ; Lost fanout                                             ;
; openmips:openmips0|ex_mem:ex_mem0|mem_wdata[25]               ; Lost fanout                                             ;
; openmips:openmips0|mem_wb:mem_wb0|wb_wdata[26]                ; Lost fanout                                             ;
; openmips:openmips0|ex_mem:ex_mem0|mem_wdata[26]               ; Lost fanout                                             ;
; openmips:openmips0|mem_wb:mem_wb0|wb_wdata[27]                ; Lost fanout                                             ;
; openmips:openmips0|ex_mem:ex_mem0|mem_wdata[27]               ; Lost fanout                                             ;
; openmips:openmips0|mem_wb:mem_wb0|wb_wdata[28]                ; Lost fanout                                             ;
; openmips:openmips0|ex_mem:ex_mem0|mem_wdata[28]               ; Lost fanout                                             ;
; openmips:openmips0|mem_wb:mem_wb0|wb_wdata[29]                ; Lost fanout                                             ;
; openmips:openmips0|ex_mem:ex_mem0|mem_wdata[29]               ; Lost fanout                                             ;
; openmips:openmips0|mem_wb:mem_wb0|wb_wdata[30]                ; Lost fanout                                             ;
; openmips:openmips0|ex_mem:ex_mem0|mem_wdata[30]               ; Lost fanout                                             ;
; openmips:openmips0|mem_wb:mem_wb0|wb_wdata[31]                ; Lost fanout                                             ;
; openmips:openmips0|ex_mem:ex_mem0|mem_wdata[31]               ; Lost fanout                                             ;
; openmips:openmips0|mem_wb:mem_wb0|wb_wd[4]                    ; Lost fanout                                             ;
; openmips:openmips0|ex_mem:ex_mem0|mem_wd[4]                   ; Lost fanout                                             ;
; openmips:openmips0|id_ex:id_ex0|ex_wd[4]                      ; Lost fanout                                             ;
; openmips:openmips0|mem_wb:mem_wb0|wb_wd[3]                    ; Lost fanout                                             ;
; openmips:openmips0|ex_mem:ex_mem0|mem_wd[3]                   ; Lost fanout                                             ;
; openmips:openmips0|id_ex:id_ex0|ex_wd[3]                      ; Lost fanout                                             ;
; openmips:openmips0|mem_wb:mem_wb0|wb_wd[2]                    ; Lost fanout                                             ;
; openmips:openmips0|ex_mem:ex_mem0|mem_wd[2]                   ; Lost fanout                                             ;
; openmips:openmips0|id_ex:id_ex0|ex_wd[2]                      ; Lost fanout                                             ;
; openmips:openmips0|if_id:if_id0|id_inst[9]                    ; Lost fanout                                             ;
; openmips:openmips0|mem_wb:mem_wb0|wb_wd[1]                    ; Lost fanout                                             ;
; openmips:openmips0|ex_mem:ex_mem0|mem_wd[1]                   ; Lost fanout                                             ;
; openmips:openmips0|id_ex:id_ex0|ex_wd[1]                      ; Lost fanout                                             ;
; openmips:openmips0|if_id:if_id0|id_inst[8]                    ; Lost fanout                                             ;
; openmips:openmips0|mem_wb:mem_wb0|wb_wd[0]                    ; Lost fanout                                             ;
; openmips:openmips0|ex_mem:ex_mem0|mem_wd[0]                   ; Lost fanout                                             ;
; openmips:openmips0|id_ex:id_ex0|ex_wd[0]                      ; Lost fanout                                             ;
; openmips:openmips0|if_id:if_id0|id_inst[7]                    ; Lost fanout                                             ;
; openmips:openmips0|mem_wb:mem_wb0|wb_wreg                     ; Lost fanout                                             ;
; openmips:openmips0|ex_mem:ex_mem0|mem_wreg                    ; Lost fanout                                             ;
; openmips:openmips0|id_ex:id_ex0|ex_reg1[0..31]                ; Stuck at GND due to stuck port data_in                  ;
; openmips:openmips0|id_ex:id_ex0|ex_reg2[1..4,6,7]             ; Merged with openmips:openmips0|id_ex:id_ex0|ex_reg2[0]  ;
; openmips:openmips0|id_ex:id_ex0|ex_reg2[9,11]                 ; Merged with openmips:openmips0|id_ex:id_ex0|ex_reg2[10] ;
; openmips:openmips0|if_id:if_id0|id_inst[21..24,26,27]         ; Merged with openmips:openmips0|if_id:if_id0|id_inst[20] ;
; openmips:openmips0|if_id:if_id0|id_inst[1,4]                  ; Merged with openmips:openmips0|if_id:if_id0|id_inst[0]  ;
; openmips:openmips0|if_id:if_id0|id_inst[30,31]                ; Merged with openmips:openmips0|if_id:if_id0|id_inst[29] ;
; openmips:openmips0|pc_reg:pc_reg0|pc[19..31]                  ; Lost fanout                                             ;
; Total Number of Removed Registers = 189                       ;                                                         ;
+---------------------------------------------------------------+---------------------------------------------------------+


+----------------------------------------------------------------------------------------------------------------------------+
; Removed Registers Triggering Further Register Optimizations                                                                ;
+---------------------------------------------+---------------------------+--------------------------------------------------+
; Register name                               ; Reason for Removal        ; Registers Removed due to This Register           ;
+---------------------------------------------+---------------------------+--------------------------------------------------+
; openmips:openmips0|if_id:if_id0|id_inst[19] ; Stuck at GND              ; openmips:openmips0|mem_wb:mem_wb0|wb_wdata[0],   ;
;                                             ; due to stuck port data_in ; openmips:openmips0|ex_mem:ex_mem0|mem_wdata[0],  ;
;                                             ;                           ; openmips:openmips0|mem_wb:mem_wb0|wb_wdata[1],   ;
;                                             ;                           ; openmips:openmips0|ex_mem:ex_mem0|mem_wdata[1],  ;
;                                             ;                           ; openmips:openmips0|mem_wb:mem_wb0|wb_wdata[2],   ;
;                                             ;                           ; openmips:openmips0|ex_mem:ex_mem0|mem_wdata[2],  ;
;                                             ;                           ; openmips:openmips0|mem_wb:mem_wb0|wb_wdata[3],   ;
;                                             ;                           ; openmips:openmips0|ex_mem:ex_mem0|mem_wdata[3],  ;
;                                             ;                           ; openmips:openmips0|mem_wb:mem_wb0|wb_wdata[4],   ;
;                                             ;                           ; openmips:openmips0|ex_mem:ex_mem0|mem_wdata[4],  ;
;                                             ;                           ; openmips:openmips0|mem_wb:mem_wb0|wb_wdata[5],   ;
;                                             ;                           ; openmips:openmips0|ex_mem:ex_mem0|mem_wdata[5],  ;
;                                             ;                           ; openmips:openmips0|mem_wb:mem_wb0|wb_wdata[6],   ;
;                                             ;                           ; openmips:openmips0|ex_mem:ex_mem0|mem_wdata[6],  ;
;                                             ;                           ; openmips:openmips0|mem_wb:mem_wb0|wb_wdata[7],   ;
;                                             ;                           ; openmips:openmips0|ex_mem:ex_mem0|mem_wdata[7],  ;
;                                             ;                           ; openmips:openmips0|mem_wb:mem_wb0|wb_wdata[8],   ;
;                                             ;                           ; openmips:openmips0|ex_mem:ex_mem0|mem_wdata[8],  ;
;                                             ;                           ; openmips:openmips0|mem_wb:mem_wb0|wb_wdata[9],   ;
;                                             ;                           ; openmips:openmips0|ex_mem:ex_mem0|mem_wdata[9],  ;
;                                             ;                           ; openmips:openmips0|mem_wb:mem_wb0|wb_wdata[10],  ;
;                                             ;                           ; openmips:openmips0|ex_mem:ex_mem0|mem_wdata[10], ;
;                                             ;                           ; openmips:openmips0|mem_wb:mem_wb0|wb_wdata[11],  ;
;                                             ;                           ; openmips:openmips0|ex_mem:ex_mem0|mem_wdata[11], ;
;                                             ;                           ; openmips:openmips0|mem_wb:mem_wb0|wb_wdata[12],  ;
;                                             ;                           ; openmips:openmips0|ex_mem:ex_mem0|mem_wdata[12], ;
;                                             ;                           ; openmips:openmips0|mem_wb:mem_wb0|wb_wdata[13],  ;
;                                             ;                           ; openmips:openmips0|ex_mem:ex_mem0|mem_wdata[13], ;
;                                             ;                           ; openmips:openmips0|mem_wb:mem_wb0|wb_wdata[14],  ;
;                                             ;                           ; openmips:openmips0|ex_mem:ex_mem0|mem_wdata[14], ;
;                                             ;                           ; openmips:openmips0|mem_wb:mem_wb0|wb_wdata[15],  ;
;                                             ;                           ; openmips:openmips0|ex_mem:ex_mem0|mem_wdata[15], ;
;                                             ;                           ; openmips:openmips0|mem_wb:mem_wb0|wb_wdata[16],  ;
;                                             ;                           ; openmips:openmips0|ex_mem:ex_mem0|mem_wdata[16], ;
;                                             ;                           ; openmips:openmips0|mem_wb:mem_wb0|wb_wdata[17],  ;
;                                             ;                           ; openmips:openmips0|ex_mem:ex_mem0|mem_wdata[17], ;
;                                             ;                           ; openmips:openmips0|mem_wb:mem_wb0|wb_wdata[18],  ;
;                                             ;                           ; openmips:openmips0|ex_mem:ex_mem0|mem_wdata[18], ;
;                                             ;                           ; openmips:openmips0|mem_wb:mem_wb0|wb_wdata[19],  ;
;                                             ;                           ; openmips:openmips0|ex_mem:ex_mem0|mem_wdata[19], ;
;                                             ;                           ; openmips:openmips0|mem_wb:mem_wb0|wb_wdata[20],  ;
;                                             ;                           ; openmips:openmips0|ex_mem:ex_mem0|mem_wdata[20], ;
;                                             ;                           ; openmips:openmips0|mem_wb:mem_wb0|wb_wdata[21],  ;
;                                             ;                           ; openmips:openmips0|ex_mem:ex_mem0|mem_wdata[21], ;
;                                             ;                           ; openmips:openmips0|mem_wb:mem_wb0|wb_wdata[22],  ;
;                                             ;                           ; openmips:openmips0|ex_mem:ex_mem0|mem_wdata[22], ;
;                                             ;                           ; openmips:openmips0|mem_wb:mem_wb0|wb_wdata[23],  ;
;                                             ;                           ; openmips:openmips0|ex_mem:ex_mem0|mem_wdata[23], ;
;                                             ;                           ; openmips:openmips0|mem_wb:mem_wb0|wb_wdata[24],  ;
;                                             ;                           ; openmips:openmips0|ex_mem:ex_mem0|mem_wdata[24], ;
;                                             ;                           ; openmips:openmips0|mem_wb:mem_wb0|wb_wdata[25],  ;
;                                             ;                           ; openmips:openmips0|ex_mem:ex_mem0|mem_wdata[25], ;
;                                             ;                           ; openmips:openmips0|mem_wb:mem_wb0|wb_wdata[26],  ;
;                                             ;                           ; openmips:openmips0|ex_mem:ex_mem0|mem_wdata[26], ;
;                                             ;                           ; openmips:openmips0|mem_wb:mem_wb0|wb_wdata[27],  ;
;                                             ;                           ; openmips:openmips0|ex_mem:ex_mem0|mem_wdata[27], ;
;                                             ;                           ; openmips:openmips0|mem_wb:mem_wb0|wb_wdata[28],  ;
;                                             ;                           ; openmips:openmips0|ex_mem:ex_mem0|mem_wdata[28], ;
;                                             ;                           ; openmips:openmips0|mem_wb:mem_wb0|wb_wdata[29],  ;
;                                             ;                           ; openmips:openmips0|ex_mem:ex_mem0|mem_wdata[29], ;
;                                             ;                           ; openmips:openmips0|mem_wb:mem_wb0|wb_wdata[30],  ;
;                                             ;                           ; openmips:openmips0|ex_mem:ex_mem0|mem_wdata[30], ;
;                                             ;                           ; openmips:openmips0|mem_wb:mem_wb0|wb_wdata[31],  ;
;                                             ;                           ; openmips:openmips0|ex_mem:ex_mem0|mem_wdata[31], ;
;                                             ;                           ; openmips:openmips0|mem_wb:mem_wb0|wb_wd[4],      ;
;                                             ;                           ; openmips:openmips0|ex_mem:ex_mem0|mem_wd[4],     ;
;                                             ;                           ; openmips:openmips0|id_ex:id_ex0|ex_wd[4],        ;
;                                             ;                           ; openmips:openmips0|mem_wb:mem_wb0|wb_wd[3],      ;
;                                             ;                           ; openmips:openmips0|ex_mem:ex_mem0|mem_wd[3],     ;
;                                             ;                           ; openmips:openmips0|id_ex:id_ex0|ex_wd[3],        ;
;                                             ;                           ; openmips:openmips0|mem_wb:mem_wb0|wb_wd[2],      ;
;                                             ;                           ; openmips:openmips0|ex_mem:ex_mem0|mem_wd[2],     ;
;                                             ;                           ; openmips:openmips0|id_ex:id_ex0|ex_wd[2],        ;
;                                             ;                           ; openmips:openmips0|if_id:if_id0|id_inst[9],      ;
;                                             ;                           ; openmips:openmips0|mem_wb:mem_wb0|wb_wd[1],      ;
;                                             ;                           ; openmips:openmips0|ex_mem:ex_mem0|mem_wd[1],     ;
;                                             ;                           ; openmips:openmips0|id_ex:id_ex0|ex_wd[1],        ;
;                                             ;                           ; openmips:openmips0|if_id:if_id0|id_inst[8],      ;
;                                             ;                           ; openmips:openmips0|mem_wb:mem_wb0|wb_wd[0],      ;
;                                             ;                           ; openmips:openmips0|ex_mem:ex_mem0|mem_wd[0],     ;
;                                             ;                           ; openmips:openmips0|id_ex:id_ex0|ex_wd[0],        ;
;                                             ;                           ; openmips:openmips0|if_id:if_id0|id_inst[7],      ;
;                                             ;                           ; openmips:openmips0|mem_wb:mem_wb0|wb_wreg,       ;
;                                             ;                           ; openmips:openmips0|ex_mem:ex_mem0|mem_wreg       ;
; openmips:openmips0|if_id:if_id0|id_inst[2]  ; Stuck at GND              ; openmips:openmips0|id_ex:id_ex0|ex_reg1[0],      ;
;                                             ; due to stuck port data_in ; openmips:openmips0|id_ex:id_ex0|ex_reg1[1],      ;
;                                             ;                           ; openmips:openmips0|id_ex:id_ex0|ex_reg1[2],      ;
;                                             ;                           ; openmips:openmips0|id_ex:id_ex0|ex_reg1[3],      ;
;                                             ;                           ; openmips:openmips0|id_ex:id_ex0|ex_reg1[4],      ;
;                                             ;                           ; openmips:openmips0|id_ex:id_ex0|ex_reg1[5],      ;
;                                             ;                           ; openmips:openmips0|id_ex:id_ex0|ex_reg1[6],      ;
;                                             ;                           ; openmips:openmips0|id_ex:id_ex0|ex_reg1[7],      ;
;                                             ;                           ; openmips:openmips0|id_ex:id_ex0|ex_reg1[8],      ;
;                                             ;                           ; openmips:openmips0|id_ex:id_ex0|ex_reg1[9],      ;
;                                             ;                           ; openmips:openmips0|id_ex:id_ex0|ex_reg1[10],     ;
;                                             ;                           ; openmips:openmips0|id_ex:id_ex0|ex_reg1[11],     ;
;                                             ;                           ; openmips:openmips0|id_ex:id_ex0|ex_reg1[12],     ;
;                                             ;                           ; openmips:openmips0|id_ex:id_ex0|ex_reg1[13],     ;
;                                             ;                           ; openmips:openmips0|id_ex:id_ex0|ex_reg1[14],     ;
;                                             ;                           ; openmips:openmips0|id_ex:id_ex0|ex_reg1[15],     ;
;                                             ;                           ; openmips:openmips0|id_ex:id_ex0|ex_reg1[16],     ;
;                                             ;                           ; openmips:openmips0|id_ex:id_ex0|ex_reg1[17],     ;
;                                             ;                           ; openmips:openmips0|id_ex:id_ex0|ex_reg1[18],     ;
;                                             ;                           ; openmips:openmips0|id_ex:id_ex0|ex_reg1[19],     ;
;                                             ;                           ; openmips:openmips0|id_ex:id_ex0|ex_reg1[20],     ;
;                                             ;                           ; openmips:openmips0|id_ex:id_ex0|ex_reg1[21],     ;
;                                             ;                           ; openmips:openmips0|id_ex:id_ex0|ex_reg1[22],     ;
;                                             ;                           ; openmips:openmips0|id_ex:id_ex0|ex_reg1[23],     ;
;                                             ;                           ; openmips:openmips0|id_ex:id_ex0|ex_reg1[24],     ;
;                                             ;                           ; openmips:openmips0|id_ex:id_ex0|ex_reg1[25],     ;
;                                             ;                           ; openmips:openmips0|id_ex:id_ex0|ex_reg1[26],     ;
;                                             ;                           ; openmips:openmips0|id_ex:id_ex0|ex_reg1[27],     ;
;                                             ;                           ; openmips:openmips0|id_ex:id_ex0|ex_reg1[28],     ;
;                                             ;                           ; openmips:openmips0|id_ex:id_ex0|ex_reg1[29],     ;
;                                             ;                           ; openmips:openmips0|id_ex:id_ex0|ex_reg1[30],     ;
;                                             ;                           ; openmips:openmips0|id_ex:id_ex0|ex_reg1[31]      ;
+---------------------------------------------+---------------------------+--------------------------------------------------+


+------------------------------------------------------+
; General Register Statistics                          ;
+----------------------------------------------+-------+
; Statistic                                    ; Value ;
+----------------------------------------------+-------+
; Total registers                              ; 28    ;
; Number of registers using Synchronous Clear  ; 17    ;
; Number of registers using Synchronous Load   ; 0     ;
; Number of registers using Asynchronous Clear ; 0     ;
; Number of registers using Asynchronous Load  ; 0     ;
; Number of registers using Clock Enable       ; 0     ;
; Number of registers using Preset             ; 0     ;
+----------------------------------------------+-------+


+------------------------------------------------------------------------------------------------------------------------------------------------------------------------------+
; Multiplexer Restructuring Statistics (Restructuring Performed)                                                                                                               ;
+--------------------+-----------+---------------+----------------------+------------------------+------------+----------------------------------------------------------------+
; Multiplexer Inputs ; Bus Width ; Baseline Area ; Area if Restructured ; Saving if Restructured ; Registered ; Example Multiplexer Output                                     ;
+--------------------+-----------+---------------+----------------------+------------------------+------------+----------------------------------------------------------------+
; 3:1                ; 2 bits    ; 4 LEs         ; 2 LEs                ; 2 LEs                  ; Yes        ; |openmips_min_sopc|openmips:openmips0|if_id:if_id0|id_inst[25] ;
; 3:1                ; 11 bits   ; 22 LEs        ; 11 LEs               ; 11 LEs                 ; Yes        ; |openmips_min_sopc|openmips:openmips0|id_ex:id_ex0|ex_reg1[9]  ;
; 3:1                ; 3 bits    ; 6 LEs         ; 3 LEs                ; 3 LEs                  ; No         ; |openmips_min_sopc|openmips:openmips0|if_id:if_id0|id_inst     ;
; 4:1                ; 32 bits   ; 64 LEs        ; 32 LEs               ; 32 LEs                 ; No         ; |openmips_min_sopc|openmips:openmips0|ex:ex0|wdata_o[30]       ;
+--------------------+-----------+---------------+----------------------+------------------------+------------+----------------------------------------------------------------+


+-----------------------------------------------------+
; Post-Synthesis Netlist Statistics for Top Partition ;
+-----------------------+-----------------------------+
; Type                  ; Count                       ;
+-----------------------+-----------------------------+
; boundary_port         ; 34                          ;
; cycloneiii_ff         ; 28                          ;
;     SCLR              ; 17                          ;
;     plain             ; 11                          ;
; cycloneiii_lcell_comb ; 38                          ;
;     arith             ; 16                          ;
;         2 data inputs ; 16                          ;
;     normal            ; 22                          ;
;         1 data inputs ; 2                           ;
;         2 data inputs ; 2                           ;
;         3 data inputs ; 11                          ;
;         4 data inputs ; 7                           ;
;                       ;                             ;
; Max LUT depth         ; 4.00                        ;
; Average LUT depth     ; 2.39                        ;
+-----------------------+-----------------------------+


+-------------------------------+
; Elapsed Time Per Partition    ;
+----------------+--------------+
; Partition Name ; Elapsed Time ;
+----------------+--------------+
; Top            ; 00:00:11     ;
+----------------+--------------+


+-------------------------------+
; Analysis & Synthesis Messages ;
+-------------------------------+
Info: *******************************************************************
Info: Running Quartus Prime Analysis & Synthesis
    Info: Version 18.1.0 Build 625 09/12/2018 SJ Standard Edition
    Info: Processing started: Fri Apr 15 17:16:26 2022
Info: Command: quartus_map --read_settings_files=on --write_settings_files=off ori -c ori
Warning (18236): Number of processors has not been specified which may cause overloading on shared machines.  Set the global assignment NUM_PARALLEL_PROCESSORS in your QSF to an appropriate value for best performance.
Info (20030): Parallel compilation is enabled and will use 4 of the 4 processors detected
Info (12021): Found 1 design units, including 1 entities, in source file regfile.v
    Info (12023): Found entity 1: regfile File: D:/Github/OpenRSIC-V/rsic/1_ori/regfile.v Line: 35
Info (12021): Found 1 design units, including 1 entities, in source file pc_reg.v
    Info (12023): Found entity 1: pc_reg File: D:/Github/OpenRSIC-V/rsic/1_ori/pc_reg.v Line: 3
Info (12021): Found 1 design units, including 1 entities, in source file openmips_min_sopc_tb.v
    Info (12023): Found entity 1: openmips_min_sopc_tb File: D:/Github/OpenRSIC-V/rsic/1_ori/openmips_min_sopc_tb.v Line: 4
Info (12021): Found 1 design units, including 1 entities, in source file openmips_min_sopc.v
    Info (12023): Found entity 1: openmips_min_sopc File: D:/Github/OpenRSIC-V/rsic/1_ori/openmips_min_sopc.v Line: 3
Info (12021): Found 1 design units, including 1 entities, in source file openmips.v
    Info (12023): Found entity 1: openmips File: D:/Github/OpenRSIC-V/rsic/1_ori/openmips.v Line: 3
Info (12021): Found 1 design units, including 1 entities, in source file mem_wb.v
    Info (12023): Found entity 1: mem_wb File: D:/Github/OpenRSIC-V/rsic/1_ori/mem_wb.v Line: 3
Info (12021): Found 1 design units, including 1 entities, in source file mem.v
    Info (12023): Found entity 1: mem File: D:/Github/OpenRSIC-V/rsic/1_ori/mem.v Line: 3
Info (12021): Found 1 design units, including 1 entities, in source file inst_rom.v
    Info (12023): Found entity 1: inst_rom File: D:/Github/OpenRSIC-V/rsic/1_ori/inst_rom.v Line: 3
Info (12021): Found 1 design units, including 1 entities, in source file if_id.v
    Info (12023): Found entity 1: if_id File: D:/Github/OpenRSIC-V/rsic/1_ori/if_id.v Line: 3
Info (12021): Found 1 design units, including 1 entities, in source file id_ex.v
    Info (12023): Found entity 1: id_ex File: D:/Github/OpenRSIC-V/rsic/1_ori/id_ex.v Line: 3
Info (12021): Found 1 design units, including 1 entities, in source file id.v
    Info (12023): Found entity 1: id File: D:/Github/OpenRSIC-V/rsic/1_ori/id.v Line: 3
Info (12021): Found 1 design units, including 1 entities, in source file ex_mem.v
    Info (12023): Found entity 1: ex_mem File: D:/Github/OpenRSIC-V/rsic/1_ori/ex_mem.v Line: 3
Info (12021): Found 1 design units, including 1 entities, in source file ex.v
    Info (12023): Found entity 1: ex File: D:/Github/OpenRSIC-V/rsic/1_ori/ex.v Line: 3
Info (12021): Found 0 design units, including 0 entities, in source file defines.v
Info (12127): Elaborating entity "openmips_min_sopc" for the top level hierarchy
Info (12128): Elaborating entity "openmips" for hierarchy "openmips:openmips0" File: D:/Github/OpenRSIC-V/rsic/1_ori/openmips_min_sopc.v Line: 26
Info (12128): Elaborating entity "pc_reg" for hierarchy "openmips:openmips0|pc_reg:pc_reg0" File: D:/Github/OpenRSIC-V/rsic/1_ori/openmips.v Line: 73
Info (12128): Elaborating entity "if_id" for hierarchy "openmips:openmips0|if_id:if_id0" File: D:/Github/OpenRSIC-V/rsic/1_ori/openmips.v Line: 85
Info (12128): Elaborating entity "id" for hierarchy "openmips:openmips0|id:id0" File: D:/Github/OpenRSIC-V/rsic/1_ori/openmips.v Line: 110
Warning (10036): Verilog HDL or VHDL warning at id.v(29): object "instvalid" assigned a value but never read File: D:/Github/OpenRSIC-V/rsic/1_ori/id.v Line: 29
Info (12128): Elaborating entity "regfile" for hierarchy "openmips:openmips0|regfile:regfile1" File: D:/Github/OpenRSIC-V/rsic/1_ori/openmips.v Line: 125
Info (12128): Elaborating entity "id_ex" for hierarchy "openmips:openmips0|id_ex:id_ex0" File: D:/Github/OpenRSIC-V/rsic/1_ori/openmips.v Line: 147
Info (12128): Elaborating entity "ex" for hierarchy "openmips:openmips0|ex:ex0" File: D:/Github/OpenRSIC-V/rsic/1_ori/openmips.v Line: 166
Info (12128): Elaborating entity "ex_mem" for hierarchy "openmips:openmips0|ex_mem:ex_mem0" File: D:/Github/OpenRSIC-V/rsic/1_ori/openmips.v Line: 185
Info (12128): Elaborating entity "mem" for hierarchy "openmips:openmips0|mem:mem0" File: D:/Github/OpenRSIC-V/rsic/1_ori/openmips.v Line: 200
Info (12128): Elaborating entity "mem_wb" for hierarchy "openmips:openmips0|mem_wb:mem_wb0" File: D:/Github/OpenRSIC-V/rsic/1_ori/openmips.v Line: 217
Info (12128): Elaborating entity "inst_rom" for hierarchy "inst_rom:inst_rom0" File: D:/Github/OpenRSIC-V/rsic/1_ori/openmips_min_sopc.v Line: 32
Warning (10850): Verilog HDL warning at inst_rom.v(14): number of words (4) in memory file does not match the number of elements in the address range [0:131070] File: D:/Github/OpenRSIC-V/rsic/1_ori/inst_rom.v Line: 14
Warning (10030): Net "inst_mem.data_a" at inst_rom.v(12) has no driver or initial value, using a default initial value '0' File: D:/Github/OpenRSIC-V/rsic/1_ori/inst_rom.v Line: 12
Warning (10030): Net "inst_mem.waddr_a" at inst_rom.v(12) has no driver or initial value, using a default initial value '0' File: D:/Github/OpenRSIC-V/rsic/1_ori/inst_rom.v Line: 12
Warning (10030): Net "inst_mem.we_a" at inst_rom.v(12) has no driver or initial value, using a default initial value '0' File: D:/Github/OpenRSIC-V/rsic/1_ori/inst_rom.v Line: 12
Info (276014): Found 1 instances of uninferred RAM logic
    Info (276007): RAM logic "openmips:openmips0|regfile:regfile1|regs" is uninferred due to asynchronous read logic File: D:/Github/OpenRSIC-V/rsic/1_ori/regfile.v Line: 57
Critical Warning (127005): Memory depth (131072) in the design file differs from memory depth (131071) in the Memory Initialization File "D:/Github/OpenRSIC-V/rsic/1_ori/db/ori.ram0_inst_rom_ca4a952.hdl.mif" -- setting initial value for remaining addresses to 0
Warning (127007): Memory Initialization File or Hexadecimal (Intel-Format) File "D:/Github/OpenRSIC-V/rsic/1_ori/db/ori.ram0_inst_rom_ca4a952.hdl.mif" contains "don't care" values -- overwriting them with 0s
Info (286030): Timing-Driven Synthesis is running
Info (17049): 97 registers lost all their fanouts during netlist optimizations.
Info (16010): Generating hard_block partition "hard_block:auto_generated_inst"
    Info (16011): Adding 0 node(s), including 0 DDIO, 0 PLL, 0 transceiver and 0 LCELL
Info (21057): Implemented 73 device resources after synthesis - the final resource count might be different
    Info (21058): Implemented 2 input pins
    Info (21059): Implemented 32 output pins
    Info (21061): Implemented 39 logic cells
Info: Quartus Prime Analysis & Synthesis was successful. 0 errors, 8 warnings
    Info: Peak virtual memory: 4812 megabytes
    Info: Processing ended: Fri Apr 15 17:16:50 2022
    Info: Elapsed time: 00:00:24
    Info: Total CPU time (on all processors): 00:00:37


